[2024-07-03 23:05:46] production.ERROR: SQLSTATE[HY000] [2002] No connection could be made because the target machine actively refused it (Connection: mysql, SQL: select table_name as `name`, (data_length + index_length) as `size`, table_comment as `comment`, engine as `engine`, table_collation as `collation` from information_schema.tables where table_schema = 'revboard' and table_type in ('BASE TABLE', 'SYSTEM VERSIONED') order by table_name) {"exception":"[object] (Illuminate\\Database\\QueryException(code: 2002): SQLSTATE[HY000] [2002] No connection could be made because the target machine actively refused it (Connection: mysql, SQL: select table_name as `name`, (data_length + index_length) as `size`, table_comment as `comment`, engine as `engine`, table_collation as `collation` from information_schema.tables where table_schema = 'revboard' and table_type in ('BASE TABLE', 'SYSTEM VERSIONED') order by table_name) at D:\\SystemsApps\\revboard\\vendor\\laravel\\framework\\src\\Illuminate\\Database\\Connection.php:829)
[stacktrace]
#0 D:\\SystemsApps\\revboard\\vendor\\laravel\\framework\\src\\Illuminate\\Database\\Connection.php(983): Illuminate\\Database\\Connection->runQueryCallback('select table_na...', Array, Object(Closure))
#1 D:\\SystemsApps\\revboard\\vendor\\laravel\\framework\\src\\Illuminate\\Database\\Connection.php(962): Illuminate\\Database\\Connection->tryAgainIfCausedByLostConnection(Object(Illuminate\\Database\\QueryException), 'select table_na...', Array, Object(Closure))
#2 D:\\SystemsApps\\revboard\\vendor\\laravel\\framework\\src\\Illuminate\\Database\\Connection.php(785): Illuminate\\Database\\Connection->handleQueryException(Object(Illuminate\\Database\\QueryException), 'select table_na...', Array, Object(Closure))
#3 D:\\SystemsApps\\revboard\\vendor\\laravel\\framework\\src\\Illuminate\\Database\\Connection.php(414): Illuminate\\Database\\Connection->run('select table_na...', Array, Object(Closure))
#4 D:\\SystemsApps\\revboard\\vendor\\laravel\\framework\\src\\Illuminate\\Database\\Connection.php(401): Illuminate\\Database\\Connection->select('select table_na...', Array, false)
#5 D:\\SystemsApps\\revboard\\vendor\\laravel\\framework\\src\\Illuminate\\Database\\Schema\\MySqlBuilder.php(41): Illuminate\\Database\\Connection->selectFromWriteConnection('select table_na...')
#6 D:\\SystemsApps\\revboard\\vendor\\laravel\\framework\\src\\Illuminate\\Database\\Schema\\Builder.php(165): Illuminate\\Database\\Schema\\MySqlBuilder->getTables(false)
#7 D:\\SystemsApps\\revboard\\vendor\\laravel\\framework\\src\\Illuminate\\Support\\Facades\\Facade.php(355): Illuminate\\Database\\Schema\\Builder->hasTable('settings')
#8 D:\\SystemsApps\\revboard\\app\\Providers\\MailConfigServiceProvider.php(38): Illuminate\\Support\\Facades\\Facade::__callStatic('hasTable', Array)
#9 D:\\SystemsApps\\revboard\\app\\Providers\\MailConfigServiceProvider.php(21): App\\Providers\\MailConfigServiceProvider::configureMailSettings()
#10 D:\\SystemsApps\\revboard\\vendor\\laravel\\framework\\src\\Illuminate\\Foundation\\Application.php(1077): App\\Providers\\MailConfigServiceProvider->App\\Providers\\{closure}(Object(Illuminate\\Foundation\\Application))
#11 D:\\SystemsApps\\revboard\\vendor\\laravel\\framework\\src\\Illuminate\\Foundation\\Application.php(1020): Illuminate\\Foundation\\Application->fireAppCallbacks(Array)
#12 D:\\SystemsApps\\revboard\\vendor\\laravel\\framework\\src\\Illuminate\\Foundation\\Bootstrap\\BootProviders.php(17): Illuminate\\Foundation\\Application->boot()
#13 D:\\SystemsApps\\revboard\\vendor\\laravel\\framework\\src\\Illuminate\\Foundation\\Application.php(263): Illuminate\\Foundation\\Bootstrap\\BootProviders->bootstrap(Object(Illuminate\\Foundation\\Application))
#14 D:\\SystemsApps\\revboard\\vendor\\laravel\\framework\\src\\Illuminate\\Foundation\\Console\\Kernel.php(447): Illuminate\\Foundation\\Application->bootstrapWith(Array)
#15 D:\\SystemsApps\\revboard\\vendor\\laravel\\framework\\src\\Illuminate\\Foundation\\Console\\Kernel.php(199): Illuminate\\Foundation\\Console\\Kernel->bootstrap()
#16 D:\\SystemsApps\\revboard\\artisan(35): Illuminate\\Foundation\\Console\\Kernel->handle(Object(Symfony\\Component\\Console\\Input\\ArgvInput), Object(Symfony\\Component\\Console\\Output\\ConsoleOutput))
#17 {main}

[previous exception] [object] (PDOException(code: 2002): SQLSTATE[HY000] [2002] No connection could be made because the target machine actively refused it at D:\\SystemsApps\\revboard\\vendor\\laravel\\framework\\src\\Illuminate\\Database\\Connectors\\Connector.php:65)
[stacktrace]
#0 D:\\SystemsApps\\revboard\\vendor\\laravel\\framework\\src\\Illuminate\\Database\\Connectors\\Connector.php(65): PDO->__construct('mysql:host=loca...', 'root', Object(SensitiveParameterValue), Array)
#1 D:\\SystemsApps\\revboard\\vendor\\laravel\\framework\\src\\Illuminate\\Database\\Connectors\\Connector.php(83): Illuminate\\Database\\Connectors\\Connector->createPdoConnection('mysql:host=loca...', 'root', '', Array)
#2 D:\\SystemsApps\\revboard\\vendor\\laravel\\framework\\src\\Illuminate\\Database\\Connectors\\Connector.php(48): Illuminate\\Database\\Connectors\\Connector->tryAgainIfCausedByLostConnection(Object(PDOException), 'mysql:host=loca...', 'root', '', Array)
#3 D:\\SystemsApps\\revboard\\vendor\\laravel\\framework\\src\\Illuminate\\Database\\Connectors\\MySqlConnector.php(24): Illuminate\\Database\\Connectors\\Connector->createConnection('mysql:host=loca...', Array, Array)
#4 D:\\SystemsApps\\revboard\\vendor\\laravel\\framework\\src\\Illuminate\\Database\\Connectors\\ConnectionFactory.php(184): Illuminate\\Database\\Connectors\\MySqlConnector->connect(Array)
#5 [internal function]: Illuminate\\Database\\Connectors\\ConnectionFactory->Illuminate\\Database\\Connectors\\{closure}()
#6 D:\\SystemsApps\\revboard\\vendor\\laravel\\framework\\src\\Illuminate\\Database\\Connection.php(1339): call_user_func(Object(Closure))
#7 D:\\SystemsApps\\revboard\\vendor\\laravel\\framework\\src\\Illuminate\\Database\\Connection.php(528): Illuminate\\Database\\Connection->getPdo()
#8 D:\\SystemsApps\\revboard\\vendor\\laravel\\framework\\src\\Illuminate\\Database\\Connection.php(423): Illuminate\\Database\\Connection->getPdoForSelect(false)
#9 D:\\SystemsApps\\revboard\\vendor\\laravel\\framework\\src\\Illuminate\\Database\\Connection.php(816): Illuminate\\Database\\Connection->Illuminate\\Database\\{closure}('select table_na...', Array)
#10 D:\\SystemsApps\\revboard\\vendor\\laravel\\framework\\src\\Illuminate\\Database\\Connection.php(983): Illuminate\\Database\\Connection->runQueryCallback('select table_na...', Array, Object(Closure))
#11 D:\\SystemsApps\\revboard\\vendor\\laravel\\framework\\src\\Illuminate\\Database\\Connection.php(962): Illuminate\\Database\\Connection->tryAgainIfCausedByLostConnection(Object(Illuminate\\Database\\QueryException), 'select table_na...', Array, Object(Closure))
#12 D:\\SystemsApps\\revboard\\vendor\\laravel\\framework\\src\\Illuminate\\Database\\Connection.php(785): Illuminate\\Database\\Connection->handleQueryException(Object(Illuminate\\Database\\QueryException), 'select table_na...', Array, Object(Closure))
#13 D:\\SystemsApps\\revboard\\vendor\\laravel\\framework\\src\\Illuminate\\Database\\Connection.php(414): Illuminate\\Database\\Connection->run('select table_na...', Array, Object(Closure))
#14 D:\\SystemsApps\\revboard\\vendor\\laravel\\framework\\src\\Illuminate\\Database\\Connection.php(401): Illuminate\\Database\\Connection->select('select table_na...', Array, false)
#15 D:\\SystemsApps\\revboard\\vendor\\laravel\\framework\\src\\Illuminate\\Database\\Schema\\MySqlBuilder.php(41): Illuminate\\Database\\Connection->selectFromWriteConnection('select table_na...')
#16 D:\\SystemsApps\\revboard\\vendor\\laravel\\framework\\src\\Illuminate\\Database\\Schema\\Builder.php(165): Illuminate\\Database\\Schema\\MySqlBuilder->getTables(false)
#17 D:\\SystemsApps\\revboard\\vendor\\laravel\\framework\\src\\Illuminate\\Support\\Facades\\Facade.php(355): Illuminate\\Database\\Schema\\Builder->hasTable('settings')
#18 D:\\SystemsApps\\revboard\\app\\Providers\\MailConfigServiceProvider.php(38): Illuminate\\Support\\Facades\\Facade::__callStatic('hasTable', Array)
#19 D:\\SystemsApps\\revboard\\app\\Providers\\MailConfigServiceProvider.php(21): App\\Providers\\MailConfigServiceProvider::configureMailSettings()
#20 D:\\SystemsApps\\revboard\\vendor\\laravel\\framework\\src\\Illuminate\\Foundation\\Application.php(1077): App\\Providers\\MailConfigServiceProvider->App\\Providers\\{closure}(Object(Illuminate\\Foundation\\Application))
#21 D:\\SystemsApps\\revboard\\vendor\\laravel\\framework\\src\\Illuminate\\Foundation\\Application.php(1020): Illuminate\\Foundation\\Application->fireAppCallbacks(Array)
#22 D:\\SystemsApps\\revboard\\vendor\\laravel\\framework\\src\\Illuminate\\Foundation\\Bootstrap\\BootProviders.php(17): Illuminate\\Foundation\\Application->boot()
#23 D:\\SystemsApps\\revboard\\vendor\\laravel\\framework\\src\\Illuminate\\Foundation\\Application.php(263): Illuminate\\Foundation\\Bootstrap\\BootProviders->bootstrap(Object(Illuminate\\Foundation\\Application))
#24 D:\\SystemsApps\\revboard\\vendor\\laravel\\framework\\src\\Illuminate\\Foundation\\Console\\Kernel.php(447): Illuminate\\Foundation\\Application->bootstrapWith(Array)
#25 D:\\SystemsApps\\revboard\\vendor\\laravel\\framework\\src\\Illuminate\\Foundation\\Console\\Kernel.php(199): Illuminate\\Foundation\\Console\\Kernel->bootstrap()
#26 D:\\SystemsApps\\revboard\\artisan(35): Illuminate\\Foundation\\Console\\Kernel->handle(Object(Symfony\\Component\\Console\\Input\\ArgvInput), Object(Symfony\\Component\\Console\\Output\\ConsoleOutput))
#27 {main}
"} 
[2024-07-03 23:06:07] production.ERROR: SQLSTATE[HY000] [2002] No connection could be made because the target machine actively refused it (Connection: mysql, SQL: select table_name as `name`, (data_length + index_length) as `size`, table_comment as `comment`, engine as `engine`, table_collation as `collation` from information_schema.tables where table_schema = 'revboard' and table_type in ('BASE TABLE', 'SYSTEM VERSIONED') order by table_name) {"exception":"[object] (Illuminate\\Database\\QueryException(code: 2002): SQLSTATE[HY000] [2002] No connection could be made because the target machine actively refused it (Connection: mysql, SQL: select table_name as `name`, (data_length + index_length) as `size`, table_comment as `comment`, engine as `engine`, table_collation as `collation` from information_schema.tables where table_schema = 'revboard' and table_type in ('BASE TABLE', 'SYSTEM VERSIONED') order by table_name) at D:\\SystemsApps\\revboard\\vendor\\laravel\\framework\\src\\Illuminate\\Database\\Connection.php:829)
[stacktrace]
#0 D:\\SystemsApps\\revboard\\vendor\\laravel\\framework\\src\\Illuminate\\Database\\Connection.php(983): Illuminate\\Database\\Connection->runQueryCallback('select table_na...', Array, Object(Closure))
#1 D:\\SystemsApps\\revboard\\vendor\\laravel\\framework\\src\\Illuminate\\Database\\Connection.php(962): Illuminate\\Database\\Connection->tryAgainIfCausedByLostConnection(Object(Illuminate\\Database\\QueryException), 'select table_na...', Array, Object(Closure))
#2 D:\\SystemsApps\\revboard\\vendor\\laravel\\framework\\src\\Illuminate\\Database\\Connection.php(785): Illuminate\\Database\\Connection->handleQueryException(Object(Illuminate\\Database\\QueryException), 'select table_na...', Array, Object(Closure))
#3 D:\\SystemsApps\\revboard\\vendor\\laravel\\framework\\src\\Illuminate\\Database\\Connection.php(414): Illuminate\\Database\\Connection->run('select table_na...', Array, Object(Closure))
#4 D:\\SystemsApps\\revboard\\vendor\\laravel\\framework\\src\\Illuminate\\Database\\Connection.php(401): Illuminate\\Database\\Connection->select('select table_na...', Array, false)
#5 D:\\SystemsApps\\revboard\\vendor\\laravel\\framework\\src\\Illuminate\\Database\\Schema\\MySqlBuilder.php(41): Illuminate\\Database\\Connection->selectFromWriteConnection('select table_na...')
#6 D:\\SystemsApps\\revboard\\vendor\\laravel\\framework\\src\\Illuminate\\Database\\Schema\\Builder.php(165): Illuminate\\Database\\Schema\\MySqlBuilder->getTables(false)
#7 D:\\SystemsApps\\revboard\\vendor\\laravel\\framework\\src\\Illuminate\\Support\\Facades\\Facade.php(355): Illuminate\\Database\\Schema\\Builder->hasTable('settings')
#8 D:\\SystemsApps\\revboard\\app\\Providers\\MailConfigServiceProvider.php(38): Illuminate\\Support\\Facades\\Facade::__callStatic('hasTable', Array)
#9 D:\\SystemsApps\\revboard\\app\\Providers\\MailConfigServiceProvider.php(21): App\\Providers\\MailConfigServiceProvider::configureMailSettings()
#10 D:\\SystemsApps\\revboard\\vendor\\laravel\\framework\\src\\Illuminate\\Foundation\\Application.php(1077): App\\Providers\\MailConfigServiceProvider->App\\Providers\\{closure}(Object(Illuminate\\Foundation\\Application))
#11 D:\\SystemsApps\\revboard\\vendor\\laravel\\framework\\src\\Illuminate\\Foundation\\Application.php(1020): Illuminate\\Foundation\\Application->fireAppCallbacks(Array)
#12 D:\\SystemsApps\\revboard\\vendor\\laravel\\framework\\src\\Illuminate\\Foundation\\Bootstrap\\BootProviders.php(17): Illuminate\\Foundation\\Application->boot()
#13 D:\\SystemsApps\\revboard\\vendor\\laravel\\framework\\src\\Illuminate\\Foundation\\Application.php(263): Illuminate\\Foundation\\Bootstrap\\BootProviders->bootstrap(Object(Illuminate\\Foundation\\Application))
#14 D:\\SystemsApps\\revboard\\vendor\\laravel\\framework\\src\\Illuminate\\Foundation\\Console\\Kernel.php(447): Illuminate\\Foundation\\Application->bootstrapWith(Array)
#15 D:\\SystemsApps\\revboard\\vendor\\laravel\\framework\\src\\Illuminate\\Foundation\\Console\\Kernel.php(199): Illuminate\\Foundation\\Console\\Kernel->bootstrap()
#16 D:\\SystemsApps\\revboard\\artisan(35): Illuminate\\Foundation\\Console\\Kernel->handle(Object(Symfony\\Component\\Console\\Input\\ArgvInput), Object(Symfony\\Component\\Console\\Output\\ConsoleOutput))
#17 {main}

[previous exception] [object] (PDOException(code: 2002): SQLSTATE[HY000] [2002] No connection could be made because the target machine actively refused it at D:\\SystemsApps\\revboard\\vendor\\laravel\\framework\\src\\Illuminate\\Database\\Connectors\\Connector.php:65)
[stacktrace]
#0 D:\\SystemsApps\\revboard\\vendor\\laravel\\framework\\src\\Illuminate\\Database\\Connectors\\Connector.php(65): PDO->__construct('mysql:host=loca...', 'root', Object(SensitiveParameterValue), Array)
#1 D:\\SystemsApps\\revboard\\vendor\\laravel\\framework\\src\\Illuminate\\Database\\Connectors\\Connector.php(83): Illuminate\\Database\\Connectors\\Connector->createPdoConnection('mysql:host=loca...', 'root', '', Array)
#2 D:\\SystemsApps\\revboard\\vendor\\laravel\\framework\\src\\Illuminate\\Database\\Connectors\\Connector.php(48): Illuminate\\Database\\Connectors\\Connector->tryAgainIfCausedByLostConnection(Object(PDOException), 'mysql:host=loca...', 'root', '', Array)
#3 D:\\SystemsApps\\revboard\\vendor\\laravel\\framework\\src\\Illuminate\\Database\\Connectors\\MySqlConnector.php(24): Illuminate\\Database\\Connectors\\Connector->createConnection('mysql:host=loca...', Array, Array)
#4 D:\\SystemsApps\\revboard\\vendor\\laravel\\framework\\src\\Illuminate\\Database\\Connectors\\ConnectionFactory.php(184): Illuminate\\Database\\Connectors\\MySqlConnector->connect(Array)
#5 [internal function]: Illuminate\\Database\\Connectors\\ConnectionFactory->Illuminate\\Database\\Connectors\\{closure}()
#6 D:\\SystemsApps\\revboard\\vendor\\laravel\\framework\\src\\Illuminate\\Database\\Connection.php(1339): call_user_func(Object(Closure))
#7 D:\\SystemsApps\\revboard\\vendor\\laravel\\framework\\src\\Illuminate\\Database\\Connection.php(528): Illuminate\\Database\\Connection->getPdo()
#8 D:\\SystemsApps\\revboard\\vendor\\laravel\\framework\\src\\Illuminate\\Database\\Connection.php(423): Illuminate\\Database\\Connection->getPdoForSelect(false)
#9 D:\\SystemsApps\\revboard\\vendor\\laravel\\framework\\src\\Illuminate\\Database\\Connection.php(816): Illuminate\\Database\\Connection->Illuminate\\Database\\{closure}('select table_na...', Array)
#10 D:\\SystemsApps\\revboard\\vendor\\laravel\\framework\\src\\Illuminate\\Database\\Connection.php(983): Illuminate\\Database\\Connection->runQueryCallback('select table_na...', Array, Object(Closure))
#11 D:\\SystemsApps\\revboard\\vendor\\laravel\\framework\\src\\Illuminate\\Database\\Connection.php(962): Illuminate\\Database\\Connection->tryAgainIfCausedByLostConnection(Object(Illuminate\\Database\\QueryException), 'select table_na...', Array, Object(Closure))
#12 D:\\SystemsApps\\revboard\\vendor\\laravel\\framework\\src\\Illuminate\\Database\\Connection.php(785): Illuminate\\Database\\Connection->handleQueryException(Object(Illuminate\\Database\\QueryException), 'select table_na...', Array, Object(Closure))
#13 D:\\SystemsApps\\revboard\\vendor\\laravel\\framework\\src\\Illuminate\\Database\\Connection.php(414): Illuminate\\Database\\Connection->run('select table_na...', Array, Object(Closure))
#14 D:\\SystemsApps\\revboard\\vendor\\laravel\\framework\\src\\Illuminate\\Database\\Connection.php(401): Illuminate\\Database\\Connection->select('select table_na...', Array, false)
#15 D:\\SystemsApps\\revboard\\vendor\\laravel\\framework\\src\\Illuminate\\Database\\Schema\\MySqlBuilder.php(41): Illuminate\\Database\\Connection->selectFromWriteConnection('select table_na...')
#16 D:\\SystemsApps\\revboard\\vendor\\laravel\\framework\\src\\Illuminate\\Database\\Schema\\Builder.php(165): Illuminate\\Database\\Schema\\MySqlBuilder->getTables(false)
#17 D:\\SystemsApps\\revboard\\vendor\\laravel\\framework\\src\\Illuminate\\Support\\Facades\\Facade.php(355): Illuminate\\Database\\Schema\\Builder->hasTable('settings')
#18 D:\\SystemsApps\\revboard\\app\\Providers\\MailConfigServiceProvider.php(38): Illuminate\\Support\\Facades\\Facade::__callStatic('hasTable', Array)
#19 D:\\SystemsApps\\revboard\\app\\Providers\\MailConfigServiceProvider.php(21): App\\Providers\\MailConfigServiceProvider::configureMailSettings()
#20 D:\\SystemsApps\\revboard\\vendor\\laravel\\framework\\src\\Illuminate\\Foundation\\Application.php(1077): App\\Providers\\MailConfigServiceProvider->App\\Providers\\{closure}(Object(Illuminate\\Foundation\\Application))
#21 D:\\SystemsApps\\revboard\\vendor\\laravel\\framework\\src\\Illuminate\\Foundation\\Application.php(1020): Illuminate\\Foundation\\Application->fireAppCallbacks(Array)
#22 D:\\SystemsApps\\revboard\\vendor\\laravel\\framework\\src\\Illuminate\\Foundation\\Bootstrap\\BootProviders.php(17): Illuminate\\Foundation\\Application->boot()
#23 D:\\SystemsApps\\revboard\\vendor\\laravel\\framework\\src\\Illuminate\\Foundation\\Application.php(263): Illuminate\\Foundation\\Bootstrap\\BootProviders->bootstrap(Object(Illuminate\\Foundation\\Application))
#24 D:\\SystemsApps\\revboard\\vendor\\laravel\\framework\\src\\Illuminate\\Foundation\\Console\\Kernel.php(447): Illuminate\\Foundation\\Application->bootstrapWith(Array)
#25 D:\\SystemsApps\\revboard\\vendor\\laravel\\framework\\src\\Illuminate\\Foundation\\Console\\Kernel.php(199): Illuminate\\Foundation\\Console\\Kernel->bootstrap()
#26 D:\\SystemsApps\\revboard\\artisan(35): Illuminate\\Foundation\\Console\\Kernel->handle(Object(Symfony\\Component\\Console\\Input\\ArgvInput), Object(Symfony\\Component\\Console\\Output\\ConsoleOutput))
#27 {main}
"} 
[2024-07-03 23:06:28] production.ERROR: SQLSTATE[HY000] [2002] No connection could be made because the target machine actively refused it (Connection: mysql, SQL: select table_name as `name`, (data_length + index_length) as `size`, table_comment as `comment`, engine as `engine`, table_collation as `collation` from information_schema.tables where table_schema = 'revboard' and table_type in ('BASE TABLE', 'SYSTEM VERSIONED') order by table_name) {"exception":"[object] (Illuminate\\Database\\QueryException(code: 2002): SQLSTATE[HY000] [2002] No connection could be made because the target machine actively refused it (Connection: mysql, SQL: select table_name as `name`, (data_length + index_length) as `size`, table_comment as `comment`, engine as `engine`, table_collation as `collation` from information_schema.tables where table_schema = 'revboard' and table_type in ('BASE TABLE', 'SYSTEM VERSIONED') order by table_name) at D:\\SystemsApps\\revboard\\vendor\\laravel\\framework\\src\\Illuminate\\Database\\Connection.php:829)
[stacktrace]
#0 D:\\SystemsApps\\revboard\\vendor\\laravel\\framework\\src\\Illuminate\\Database\\Connection.php(983): Illuminate\\Database\\Connection->runQueryCallback('select table_na...', Array, Object(Closure))
#1 D:\\SystemsApps\\revboard\\vendor\\laravel\\framework\\src\\Illuminate\\Database\\Connection.php(962): Illuminate\\Database\\Connection->tryAgainIfCausedByLostConnection(Object(Illuminate\\Database\\QueryException), 'select table_na...', Array, Object(Closure))
#2 D:\\SystemsApps\\revboard\\vendor\\laravel\\framework\\src\\Illuminate\\Database\\Connection.php(785): Illuminate\\Database\\Connection->handleQueryException(Object(Illuminate\\Database\\QueryException), 'select table_na...', Array, Object(Closure))
#3 D:\\SystemsApps\\revboard\\vendor\\laravel\\framework\\src\\Illuminate\\Database\\Connection.php(414): Illuminate\\Database\\Connection->run('select table_na...', Array, Object(Closure))
#4 D:\\SystemsApps\\revboard\\vendor\\laravel\\framework\\src\\Illuminate\\Database\\Connection.php(401): Illuminate\\Database\\Connection->select('select table_na...', Array, false)
#5 D:\\SystemsApps\\revboard\\vendor\\laravel\\framework\\src\\Illuminate\\Database\\Schema\\MySqlBuilder.php(41): Illuminate\\Database\\Connection->selectFromWriteConnection('select table_na...')
#6 D:\\SystemsApps\\revboard\\vendor\\laravel\\framework\\src\\Illuminate\\Database\\Schema\\Builder.php(165): Illuminate\\Database\\Schema\\MySqlBuilder->getTables(false)
#7 D:\\SystemsApps\\revboard\\vendor\\laravel\\framework\\src\\Illuminate\\Support\\Facades\\Facade.php(355): Illuminate\\Database\\Schema\\Builder->hasTable('settings')
#8 D:\\SystemsApps\\revboard\\app\\Providers\\MailConfigServiceProvider.php(38): Illuminate\\Support\\Facades\\Facade::__callStatic('hasTable', Array)
#9 D:\\SystemsApps\\revboard\\app\\Providers\\MailConfigServiceProvider.php(21): App\\Providers\\MailConfigServiceProvider::configureMailSettings()
#10 D:\\SystemsApps\\revboard\\vendor\\laravel\\framework\\src\\Illuminate\\Foundation\\Application.php(1077): App\\Providers\\MailConfigServiceProvider->App\\Providers\\{closure}(Object(Illuminate\\Foundation\\Application))
#11 D:\\SystemsApps\\revboard\\vendor\\laravel\\framework\\src\\Illuminate\\Foundation\\Application.php(1020): Illuminate\\Foundation\\Application->fireAppCallbacks(Array)
#12 D:\\SystemsApps\\revboard\\vendor\\laravel\\framework\\src\\Illuminate\\Foundation\\Bootstrap\\BootProviders.php(17): Illuminate\\Foundation\\Application->boot()
#13 D:\\SystemsApps\\revboard\\vendor\\laravel\\framework\\src\\Illuminate\\Foundation\\Application.php(263): Illuminate\\Foundation\\Bootstrap\\BootProviders->bootstrap(Object(Illuminate\\Foundation\\Application))
#14 D:\\SystemsApps\\revboard\\vendor\\laravel\\framework\\src\\Illuminate\\Foundation\\Console\\Kernel.php(447): Illuminate\\Foundation\\Application->bootstrapWith(Array)
#15 D:\\SystemsApps\\revboard\\vendor\\laravel\\framework\\src\\Illuminate\\Foundation\\Console\\Kernel.php(199): Illuminate\\Foundation\\Console\\Kernel->bootstrap()
#16 D:\\SystemsApps\\revboard\\artisan(35): Illuminate\\Foundation\\Console\\Kernel->handle(Object(Symfony\\Component\\Console\\Input\\ArgvInput), Object(Symfony\\Component\\Console\\Output\\ConsoleOutput))
#17 {main}

[previous exception] [object] (PDOException(code: 2002): SQLSTATE[HY000] [2002] No connection could be made because the target machine actively refused it at D:\\SystemsApps\\revboard\\vendor\\laravel\\framework\\src\\Illuminate\\Database\\Connectors\\Connector.php:65)
[stacktrace]
#0 D:\\SystemsApps\\revboard\\vendor\\laravel\\framework\\src\\Illuminate\\Database\\Connectors\\Connector.php(65): PDO->__construct('mysql:host=loca...', 'root', Object(SensitiveParameterValue), Array)
#1 D:\\SystemsApps\\revboard\\vendor\\laravel\\framework\\src\\Illuminate\\Database\\Connectors\\Connector.php(83): Illuminate\\Database\\Connectors\\Connector->createPdoConnection('mysql:host=loca...', 'root', '', Array)
#2 D:\\SystemsApps\\revboard\\vendor\\laravel\\framework\\src\\Illuminate\\Database\\Connectors\\Connector.php(48): Illuminate\\Database\\Connectors\\Connector->tryAgainIfCausedByLostConnection(Object(PDOException), 'mysql:host=loca...', 'root', '', Array)
#3 D:\\SystemsApps\\revboard\\vendor\\laravel\\framework\\src\\Illuminate\\Database\\Connectors\\MySqlConnector.php(24): Illuminate\\Database\\Connectors\\Connector->createConnection('mysql:host=loca...', Array, Array)
#4 D:\\SystemsApps\\revboard\\vendor\\laravel\\framework\\src\\Illuminate\\Database\\Connectors\\ConnectionFactory.php(184): Illuminate\\Database\\Connectors\\MySqlConnector->connect(Array)
#5 [internal function]: Illuminate\\Database\\Connectors\\ConnectionFactory->Illuminate\\Database\\Connectors\\{closure}()
#6 D:\\SystemsApps\\revboard\\vendor\\laravel\\framework\\src\\Illuminate\\Database\\Connection.php(1339): call_user_func(Object(Closure))
#7 D:\\SystemsApps\\revboard\\vendor\\laravel\\framework\\src\\Illuminate\\Database\\Connection.php(528): Illuminate\\Database\\Connection->getPdo()
#8 D:\\SystemsApps\\revboard\\vendor\\laravel\\framework\\src\\Illuminate\\Database\\Connection.php(423): Illuminate\\Database\\Connection->getPdoForSelect(false)
#9 D:\\SystemsApps\\revboard\\vendor\\laravel\\framework\\src\\Illuminate\\Database\\Connection.php(816): Illuminate\\Database\\Connection->Illuminate\\Database\\{closure}('select table_na...', Array)
#10 D:\\SystemsApps\\revboard\\vendor\\laravel\\framework\\src\\Illuminate\\Database\\Connection.php(983): Illuminate\\Database\\Connection->runQueryCallback('select table_na...', Array, Object(Closure))
#11 D:\\SystemsApps\\revboard\\vendor\\laravel\\framework\\src\\Illuminate\\Database\\Connection.php(962): Illuminate\\Database\\Connection->tryAgainIfCausedByLostConnection(Object(Illuminate\\Database\\QueryException), 'select table_na...', Array, Object(Closure))
#12 D:\\SystemsApps\\revboard\\vendor\\laravel\\framework\\src\\Illuminate\\Database\\Connection.php(785): Illuminate\\Database\\Connection->handleQueryException(Object(Illuminate\\Database\\QueryException), 'select table_na...', Array, Object(Closure))
#13 D:\\SystemsApps\\revboard\\vendor\\laravel\\framework\\src\\Illuminate\\Database\\Connection.php(414): Illuminate\\Database\\Connection->run('select table_na...', Array, Object(Closure))
#14 D:\\SystemsApps\\revboard\\vendor\\laravel\\framework\\src\\Illuminate\\Database\\Connection.php(401): Illuminate\\Database\\Connection->select('select table_na...', Array, false)
#15 D:\\SystemsApps\\revboard\\vendor\\laravel\\framework\\src\\Illuminate\\Database\\Schema\\MySqlBuilder.php(41): Illuminate\\Database\\Connection->selectFromWriteConnection('select table_na...')
#16 D:\\SystemsApps\\revboard\\vendor\\laravel\\framework\\src\\Illuminate\\Database\\Schema\\Builder.php(165): Illuminate\\Database\\Schema\\MySqlBuilder->getTables(false)
#17 D:\\SystemsApps\\revboard\\vendor\\laravel\\framework\\src\\Illuminate\\Support\\Facades\\Facade.php(355): Illuminate\\Database\\Schema\\Builder->hasTable('settings')
#18 D:\\SystemsApps\\revboard\\app\\Providers\\MailConfigServiceProvider.php(38): Illuminate\\Support\\Facades\\Facade::__callStatic('hasTable', Array)
#19 D:\\SystemsApps\\revboard\\app\\Providers\\MailConfigServiceProvider.php(21): App\\Providers\\MailConfigServiceProvider::configureMailSettings()
#20 D:\\SystemsApps\\revboard\\vendor\\laravel\\framework\\src\\Illuminate\\Foundation\\Application.php(1077): App\\Providers\\MailConfigServiceProvider->App\\Providers\\{closure}(Object(Illuminate\\Foundation\\Application))
#21 D:\\SystemsApps\\revboard\\vendor\\laravel\\framework\\src\\Illuminate\\Foundation\\Application.php(1020): Illuminate\\Foundation\\Application->fireAppCallbacks(Array)
#22 D:\\SystemsApps\\revboard\\vendor\\laravel\\framework\\src\\Illuminate\\Foundation\\Bootstrap\\BootProviders.php(17): Illuminate\\Foundation\\Application->boot()
#23 D:\\SystemsApps\\revboard\\vendor\\laravel\\framework\\src\\Illuminate\\Foundation\\Application.php(263): Illuminate\\Foundation\\Bootstrap\\BootProviders->bootstrap(Object(Illuminate\\Foundation\\Application))
#24 D:\\SystemsApps\\revboard\\vendor\\laravel\\framework\\src\\Illuminate\\Foundation\\Console\\Kernel.php(447): Illuminate\\Foundation\\Application->bootstrapWith(Array)
#25 D:\\SystemsApps\\revboard\\vendor\\laravel\\framework\\src\\Illuminate\\Foundation\\Console\\Kernel.php(199): Illuminate\\Foundation\\Console\\Kernel->bootstrap()
#26 D:\\SystemsApps\\revboard\\artisan(35): Illuminate\\Foundation\\Console\\Kernel->handle(Object(Symfony\\Component\\Console\\Input\\ArgvInput), Object(Symfony\\Component\\Console\\Output\\ConsoleOutput))
#27 {main}
"} 
[2024-07-03 23:09:46] production.DEBUG: D:\SystemsApps\revboard\public\build/manifest.json  
[2024-07-03 23:23:48] production.DEBUG: D:\SystemsApps\revboard\public\build/manifest.json  
[2024-07-03 23:28:06] production.DEBUG: D:\SystemsApps\revboard\public\build/manifest.json  
[2024-07-03 23:28:15] production.DEBUG: D:\SystemsApps\revboard\public\build/manifest.json  
[2024-07-03 23:28:17] production.DEBUG: D:\SystemsApps\revboard\public\build/manifest.json  
[2024-07-03 23:28:28] production.DEBUG: D:\SystemsApps\revboard\public\build/manifest.json  
[2024-07-03 23:28:31] production.DEBUG: D:\SystemsApps\revboard\public\build/manifest.json  
[2024-07-03 23:28:35] production.DEBUG: D:\SystemsApps\revboard\public\build/manifest.json  
[2024-07-03 23:28:38] production.ERROR: Attribute [gte] does not exist. {"exception":"[object] (InvalidArgumentException(code: 0): Attribute [gte] does not exist. at D:\\SystemsApps\\revboard\\vendor\\laravel\\framework\\src\\Illuminate\\Routing\\RouteRegistrar.php:112)
[stacktrace]
#0 D:\\SystemsApps\\revboard\\vendor\\laravel\\framework\\src\\Illuminate\\Routing\\Router.php(1502): Illuminate\\Routing\\RouteRegistrar->attribute('gte', 'discussions/{us...')
#1 D:\\SystemsApps\\revboard\\vendor\\laravel\\framework\\src\\Illuminate\\Support\\Facades\\Facade.php(355): Illuminate\\Routing\\Router->__call('gte', Array)
#2 D:\\SystemsApps\\revboard\\routes\\api.php(188): Illuminate\\Support\\Facades\\Facade::__callStatic('gte', Array)
#3 D:\\SystemsApps\\revboard\\vendor\\laravel\\framework\\src\\Illuminate\\Routing\\Router.php(509): Illuminate\\Routing\\RouteFileRegistrar->{closure}(Object(Illuminate\\Routing\\Router))
#4 D:\\SystemsApps\\revboard\\vendor\\laravel\\framework\\src\\Illuminate\\Routing\\Router.php(465): Illuminate\\Routing\\Router->loadRoutes(Object(Closure))
#5 D:\\SystemsApps\\revboard\\vendor\\laravel\\framework\\src\\Illuminate\\Support\\Facades\\Facade.php(355): Illuminate\\Routing\\Router->group(Array, Object(Closure))
#6 D:\\SystemsApps\\revboard\\routes\\api.php(56): Illuminate\\Support\\Facades\\Facade::__callStatic('group', Array)
#7 D:\\SystemsApps\\revboard\\vendor\\laravel\\framework\\src\\Illuminate\\Routing\\Router.php(509): Illuminate\\Routing\\RouteFileRegistrar->{closure}(Object(Illuminate\\Routing\\Router))
#8 D:\\SystemsApps\\revboard\\vendor\\laravel\\framework\\src\\Illuminate\\Routing\\Router.php(465): Illuminate\\Routing\\Router->loadRoutes(Object(Closure))
#9 D:\\SystemsApps\\revboard\\vendor\\laravel\\framework\\src\\Illuminate\\Support\\Facades\\Facade.php(355): Illuminate\\Routing\\Router->group(Array, Object(Closure))
#10 D:\\SystemsApps\\revboard\\routes\\api.php(43): Illuminate\\Support\\Facades\\Facade::__callStatic('group', Array)
#11 D:\\SystemsApps\\revboard\\vendor\\laravel\\framework\\src\\Illuminate\\Routing\\Router.php(509): Illuminate\\Routing\\RouteFileRegistrar->{closure}(Object(Illuminate\\Routing\\Router))
#12 D:\\SystemsApps\\revboard\\vendor\\laravel\\framework\\src\\Illuminate\\Routing\\Router.php(465): Illuminate\\Routing\\Router->loadRoutes(Object(Closure))
#13 D:\\SystemsApps\\revboard\\vendor\\laravel\\framework\\src\\Illuminate\\Support\\Facades\\Facade.php(355): Illuminate\\Routing\\Router->group(Array, Object(Closure))
#14 D:\\SystemsApps\\revboard\\routes\\api.php(38): Illuminate\\Support\\Facades\\Facade::__callStatic('group', Array)
#15 D:\\SystemsApps\\revboard\\vendor\\laravel\\framework\\src\\Illuminate\\Routing\\RouteFileRegistrar.php(35): require('D:\\\\SystemsApps\\\\...')
#16 D:\\SystemsApps\\revboard\\vendor\\laravel\\framework\\src\\Illuminate\\Routing\\Router.php(511): Illuminate\\Routing\\RouteFileRegistrar->register('D:\\\\SystemsApps\\\\...')
#17 D:\\SystemsApps\\revboard\\vendor\\laravel\\framework\\src\\Illuminate\\Routing\\Router.php(465): Illuminate\\Routing\\Router->loadRoutes('D:\\\\SystemsApps\\\\...')
#18 D:\\SystemsApps\\revboard\\vendor\\laravel\\framework\\src\\Illuminate\\Routing\\RouteRegistrar.php(194): Illuminate\\Routing\\Router->group(Array, 'D:\\\\SystemsApps\\\\...')
#19 D:\\SystemsApps\\revboard\\app\\Providers\\RouteServiceProvider.php(36): Illuminate\\Routing\\RouteRegistrar->group('D:\\\\SystemsApps\\\\...')
#20 D:\\SystemsApps\\revboard\\vendor\\laravel\\framework\\src\\Illuminate\\Container\\BoundMethod.php(36): App\\Providers\\RouteServiceProvider->App\\Providers\\{closure}()
#21 D:\\SystemsApps\\revboard\\vendor\\laravel\\framework\\src\\Illuminate\\Container\\Util.php(41): Illuminate\\Container\\BoundMethod::Illuminate\\Container\\{closure}()
#22 D:\\SystemsApps\\revboard\\vendor\\laravel\\framework\\src\\Illuminate\\Container\\BoundMethod.php(81): Illuminate\\Container\\Util::unwrapIfClosure(Object(Closure))
#23 D:\\SystemsApps\\revboard\\vendor\\laravel\\framework\\src\\Illuminate\\Container\\BoundMethod.php(35): Illuminate\\Container\\BoundMethod::callBoundMethod(Object(Illuminate\\Foundation\\Application), Object(Closure), Object(Closure))
#24 D:\\SystemsApps\\revboard\\vendor\\laravel\\framework\\src\\Illuminate\\Container\\Container.php(662): Illuminate\\Container\\BoundMethod::call(Object(Illuminate\\Foundation\\Application), Object(Closure), Array, NULL)
#25 D:\\SystemsApps\\revboard\\vendor\\laravel\\framework\\src\\Illuminate\\Foundation\\Support\\Providers\\RouteServiceProvider.php(120): Illuminate\\Container\\Container->call(Object(Closure))
#26 D:\\SystemsApps\\revboard\\vendor\\laravel\\framework\\src\\Illuminate\\Foundation\\Support\\Providers\\RouteServiceProvider.php(45): Illuminate\\Foundation\\Support\\Providers\\RouteServiceProvider->loadRoutes()
#27 D:\\SystemsApps\\revboard\\vendor\\laravel\\framework\\src\\Illuminate\\Container\\BoundMethod.php(36): Illuminate\\Foundation\\Support\\Providers\\RouteServiceProvider->Illuminate\\Foundation\\Support\\Providers\\{closure}()
#28 D:\\SystemsApps\\revboard\\vendor\\laravel\\framework\\src\\Illuminate\\Container\\Util.php(41): Illuminate\\Container\\BoundMethod::Illuminate\\Container\\{closure}()
#29 D:\\SystemsApps\\revboard\\vendor\\laravel\\framework\\src\\Illuminate\\Container\\BoundMethod.php(81): Illuminate\\Container\\Util::unwrapIfClosure(Object(Closure))
#30 D:\\SystemsApps\\revboard\\vendor\\laravel\\framework\\src\\Illuminate\\Container\\BoundMethod.php(35): Illuminate\\Container\\BoundMethod::callBoundMethod(Object(Illuminate\\Foundation\\Application), Object(Closure), Object(Closure))
#31 D:\\SystemsApps\\revboard\\vendor\\laravel\\framework\\src\\Illuminate\\Container\\Container.php(662): Illuminate\\Container\\BoundMethod::call(Object(Illuminate\\Foundation\\Application), Object(Closure), Array, NULL)
#32 D:\\SystemsApps\\revboard\\vendor\\laravel\\framework\\src\\Illuminate\\Support\\ServiceProvider.php(119): Illuminate\\Container\\Container->call(Object(Closure))
#33 D:\\SystemsApps\\revboard\\vendor\\laravel\\framework\\src\\Illuminate\\Foundation\\Application.php(1037): Illuminate\\Support\\ServiceProvider->callBootedCallbacks()
#34 D:\\SystemsApps\\revboard\\vendor\\laravel\\framework\\src\\Illuminate\\Foundation\\Application.php(1015): Illuminate\\Foundation\\Application->bootProvider(Object(App\\Providers\\RouteServiceProvider))
#35 [internal function]: Illuminate\\Foundation\\Application->Illuminate\\Foundation\\{closure}(Object(App\\Providers\\RouteServiceProvider), 37)
#36 D:\\SystemsApps\\revboard\\vendor\\laravel\\framework\\src\\Illuminate\\Foundation\\Application.php(1014): array_walk(Array, Object(Closure))
#37 D:\\SystemsApps\\revboard\\vendor\\laravel\\framework\\src\\Illuminate\\Foundation\\Bootstrap\\BootProviders.php(17): Illuminate\\Foundation\\Application->boot()
#38 D:\\SystemsApps\\revboard\\vendor\\laravel\\framework\\src\\Illuminate\\Foundation\\Application.php(263): Illuminate\\Foundation\\Bootstrap\\BootProviders->bootstrap(Object(Illuminate\\Foundation\\Application))
#39 D:\\SystemsApps\\revboard\\vendor\\laravel\\framework\\src\\Illuminate\\Foundation\\Http\\Kernel.php(186): Illuminate\\Foundation\\Application->bootstrapWith(Array)
#40 D:\\SystemsApps\\revboard\\vendor\\laravel\\framework\\src\\Illuminate\\Foundation\\Http\\Kernel.php(170): Illuminate\\Foundation\\Http\\Kernel->bootstrap()
#41 D:\\SystemsApps\\revboard\\vendor\\laravel\\framework\\src\\Illuminate\\Foundation\\Http\\Kernel.php(144): Illuminate\\Foundation\\Http\\Kernel->sendRequestThroughRouter(Object(Illuminate\\Http\\Request))
#42 D:\\SystemsApps\\revboard\\public\\index.php(53): Illuminate\\Foundation\\Http\\Kernel->handle(Object(Illuminate\\Http\\Request))
#43 {main}
"} 
[2024-07-03 23:28:39] production.ERROR: Attribute [ge] does not exist. {"exception":"[object] (InvalidArgumentException(code: 0): Attribute [ge] does not exist. at D:\\SystemsApps\\revboard\\vendor\\laravel\\framework\\src\\Illuminate\\Routing\\RouteRegistrar.php:112)
[stacktrace]
#0 D:\\SystemsApps\\revboard\\vendor\\laravel\\framework\\src\\Illuminate\\Routing\\Router.php(1502): Illuminate\\Routing\\RouteRegistrar->attribute('ge', 'discussions/{us...')
#1 D:\\SystemsApps\\revboard\\vendor\\laravel\\framework\\src\\Illuminate\\Support\\Facades\\Facade.php(355): Illuminate\\Routing\\Router->__call('ge', Array)
#2 D:\\SystemsApps\\revboard\\routes\\api.php(188): Illuminate\\Support\\Facades\\Facade::__callStatic('ge', Array)
#3 D:\\SystemsApps\\revboard\\vendor\\laravel\\framework\\src\\Illuminate\\Routing\\Router.php(509): Illuminate\\Routing\\RouteFileRegistrar->{closure}(Object(Illuminate\\Routing\\Router))
#4 D:\\SystemsApps\\revboard\\vendor\\laravel\\framework\\src\\Illuminate\\Routing\\Router.php(465): Illuminate\\Routing\\Router->loadRoutes(Object(Closure))
#5 D:\\SystemsApps\\revboard\\vendor\\laravel\\framework\\src\\Illuminate\\Support\\Facades\\Facade.php(355): Illuminate\\Routing\\Router->group(Array, Object(Closure))
#6 D:\\SystemsApps\\revboard\\routes\\api.php(56): Illuminate\\Support\\Facades\\Facade::__callStatic('group', Array)
#7 D:\\SystemsApps\\revboard\\vendor\\laravel\\framework\\src\\Illuminate\\Routing\\Router.php(509): Illuminate\\Routing\\RouteFileRegistrar->{closure}(Object(Illuminate\\Routing\\Router))
#8 D:\\SystemsApps\\revboard\\vendor\\laravel\\framework\\src\\Illuminate\\Routing\\Router.php(465): Illuminate\\Routing\\Router->loadRoutes(Object(Closure))
#9 D:\\SystemsApps\\revboard\\vendor\\laravel\\framework\\src\\Illuminate\\Support\\Facades\\Facade.php(355): Illuminate\\Routing\\Router->group(Array, Object(Closure))
#10 D:\\SystemsApps\\revboard\\routes\\api.php(43): Illuminate\\Support\\Facades\\Facade::__callStatic('group', Array)
#11 D:\\SystemsApps\\revboard\\vendor\\laravel\\framework\\src\\Illuminate\\Routing\\Router.php(509): Illuminate\\Routing\\RouteFileRegistrar->{closure}(Object(Illuminate\\Routing\\Router))
#12 D:\\SystemsApps\\revboard\\vendor\\laravel\\framework\\src\\Illuminate\\Routing\\Router.php(465): Illuminate\\Routing\\Router->loadRoutes(Object(Closure))
#13 D:\\SystemsApps\\revboard\\vendor\\laravel\\framework\\src\\Illuminate\\Support\\Facades\\Facade.php(355): Illuminate\\Routing\\Router->group(Array, Object(Closure))
#14 D:\\SystemsApps\\revboard\\routes\\api.php(38): Illuminate\\Support\\Facades\\Facade::__callStatic('group', Array)
#15 D:\\SystemsApps\\revboard\\vendor\\laravel\\framework\\src\\Illuminate\\Routing\\RouteFileRegistrar.php(35): require('D:\\\\SystemsApps\\\\...')
#16 D:\\SystemsApps\\revboard\\vendor\\laravel\\framework\\src\\Illuminate\\Routing\\Router.php(511): Illuminate\\Routing\\RouteFileRegistrar->register('D:\\\\SystemsApps\\\\...')
#17 D:\\SystemsApps\\revboard\\vendor\\laravel\\framework\\src\\Illuminate\\Routing\\Router.php(465): Illuminate\\Routing\\Router->loadRoutes('D:\\\\SystemsApps\\\\...')
#18 D:\\SystemsApps\\revboard\\vendor\\laravel\\framework\\src\\Illuminate\\Routing\\RouteRegistrar.php(194): Illuminate\\Routing\\Router->group(Array, 'D:\\\\SystemsApps\\\\...')
#19 D:\\SystemsApps\\revboard\\app\\Providers\\RouteServiceProvider.php(36): Illuminate\\Routing\\RouteRegistrar->group('D:\\\\SystemsApps\\\\...')
#20 D:\\SystemsApps\\revboard\\vendor\\laravel\\framework\\src\\Illuminate\\Container\\BoundMethod.php(36): App\\Providers\\RouteServiceProvider->App\\Providers\\{closure}()
#21 D:\\SystemsApps\\revboard\\vendor\\laravel\\framework\\src\\Illuminate\\Container\\Util.php(41): Illuminate\\Container\\BoundMethod::Illuminate\\Container\\{closure}()
#22 D:\\SystemsApps\\revboard\\vendor\\laravel\\framework\\src\\Illuminate\\Container\\BoundMethod.php(81): Illuminate\\Container\\Util::unwrapIfClosure(Object(Closure))
#23 D:\\SystemsApps\\revboard\\vendor\\laravel\\framework\\src\\Illuminate\\Container\\BoundMethod.php(35): Illuminate\\Container\\BoundMethod::callBoundMethod(Object(Illuminate\\Foundation\\Application), Object(Closure), Object(Closure))
#24 D:\\SystemsApps\\revboard\\vendor\\laravel\\framework\\src\\Illuminate\\Container\\Container.php(662): Illuminate\\Container\\BoundMethod::call(Object(Illuminate\\Foundation\\Application), Object(Closure), Array, NULL)
#25 D:\\SystemsApps\\revboard\\vendor\\laravel\\framework\\src\\Illuminate\\Foundation\\Support\\Providers\\RouteServiceProvider.php(120): Illuminate\\Container\\Container->call(Object(Closure))
#26 D:\\SystemsApps\\revboard\\vendor\\laravel\\framework\\src\\Illuminate\\Foundation\\Support\\Providers\\RouteServiceProvider.php(45): Illuminate\\Foundation\\Support\\Providers\\RouteServiceProvider->loadRoutes()
#27 D:\\SystemsApps\\revboard\\vendor\\laravel\\framework\\src\\Illuminate\\Container\\BoundMethod.php(36): Illuminate\\Foundation\\Support\\Providers\\RouteServiceProvider->Illuminate\\Foundation\\Support\\Providers\\{closure}()
#28 D:\\SystemsApps\\revboard\\vendor\\laravel\\framework\\src\\Illuminate\\Container\\Util.php(41): Illuminate\\Container\\BoundMethod::Illuminate\\Container\\{closure}()
#29 D:\\SystemsApps\\revboard\\vendor\\laravel\\framework\\src\\Illuminate\\Container\\BoundMethod.php(81): Illuminate\\Container\\Util::unwrapIfClosure(Object(Closure))
#30 D:\\SystemsApps\\revboard\\vendor\\laravel\\framework\\src\\Illuminate\\Container\\BoundMethod.php(35): Illuminate\\Container\\BoundMethod::callBoundMethod(Object(Illuminate\\Foundation\\Application), Object(Closure), Object(Closure))
#31 D:\\SystemsApps\\revboard\\vendor\\laravel\\framework\\src\\Illuminate\\Container\\Container.php(662): Illuminate\\Container\\BoundMethod::call(Object(Illuminate\\Foundation\\Application), Object(Closure), Array, NULL)
#32 D:\\SystemsApps\\revboard\\vendor\\laravel\\framework\\src\\Illuminate\\Support\\ServiceProvider.php(119): Illuminate\\Container\\Container->call(Object(Closure))
#33 D:\\SystemsApps\\revboard\\vendor\\laravel\\framework\\src\\Illuminate\\Foundation\\Application.php(1037): Illuminate\\Support\\ServiceProvider->callBootedCallbacks()
#34 D:\\SystemsApps\\revboard\\vendor\\laravel\\framework\\src\\Illuminate\\Foundation\\Application.php(1015): Illuminate\\Foundation\\Application->bootProvider(Object(App\\Providers\\RouteServiceProvider))
#35 [internal function]: Illuminate\\Foundation\\Application->Illuminate\\Foundation\\{closure}(Object(App\\Providers\\RouteServiceProvider), 37)
#36 D:\\SystemsApps\\revboard\\vendor\\laravel\\framework\\src\\Illuminate\\Foundation\\Application.php(1014): array_walk(Array, Object(Closure))
#37 D:\\SystemsApps\\revboard\\vendor\\laravel\\framework\\src\\Illuminate\\Foundation\\Bootstrap\\BootProviders.php(17): Illuminate\\Foundation\\Application->boot()
#38 D:\\SystemsApps\\revboard\\vendor\\laravel\\framework\\src\\Illuminate\\Foundation\\Application.php(263): Illuminate\\Foundation\\Bootstrap\\BootProviders->bootstrap(Object(Illuminate\\Foundation\\Application))
#39 D:\\SystemsApps\\revboard\\vendor\\laravel\\framework\\src\\Illuminate\\Foundation\\Http\\Kernel.php(186): Illuminate\\Foundation\\Application->bootstrapWith(Array)
#40 D:\\SystemsApps\\revboard\\vendor\\laravel\\framework\\src\\Illuminate\\Foundation\\Http\\Kernel.php(170): Illuminate\\Foundation\\Http\\Kernel->bootstrap()
#41 D:\\SystemsApps\\revboard\\vendor\\laravel\\framework\\src\\Illuminate\\Foundation\\Http\\Kernel.php(144): Illuminate\\Foundation\\Http\\Kernel->sendRequestThroughRouter(Object(Illuminate\\Http\\Request))
#42 D:\\SystemsApps\\revboard\\public\\index.php(53): Illuminate\\Foundation\\Http\\Kernel->handle(Object(Illuminate\\Http\\Request))
#43 {main}
"} 
[2024-07-03 23:28:40] production.DEBUG: D:\SystemsApps\revboard\public\build/manifest.json  
[2024-07-03 23:28:45] production.DEBUG: D:\SystemsApps\revboard\public\build/manifest.json  
[2024-07-03 23:28:50] production.DEBUG: D:\SystemsApps\revboard\public\build/manifest.json  
[2024-07-03 23:28:54] production.DEBUG: D:\SystemsApps\revboard\public\build/manifest.json  
[2024-07-03 23:29:02] production.DEBUG: D:\SystemsApps\revboard\public\build/manifest.json  
[2024-07-03 23:29:06] production.DEBUG: D:\SystemsApps\revboard\public\build/manifest.json  
[2024-07-03 23:29:12] production.DEBUG: D:\SystemsApps\revboard\public\build/manifest.json  
[2024-07-03 23:29:18] production.DEBUG: D:\SystemsApps\revboard\public\build/manifest.json  
[2024-07-03 23:29:25] production.DEBUG: D:\SystemsApps\revboard\public\build/manifest.json  
[2024-07-03 23:29:58] production.DEBUG: D:\SystemsApps\revboard\public\build/manifest.json  
[2024-07-03 23:30:02] production.DEBUG: D:\SystemsApps\revboard\public\build/manifest.json  
[2024-07-03 23:30:08] production.DEBUG: D:\SystemsApps\revboard\public\build/manifest.json  
