[2024-06-01 05:47:17] production.ERROR: SQLSTATE[HY000] [2002] No connection could be made because the target machine actively refused it (Connection: mysql, SQL: select * from `settings` where `settings`.`deleted_at` is null order by `created_at` desc limit 1) {"exception":"[object] (Illuminate\\Database\\QueryException(code: 2002): SQLSTATE[HY000] [2002] No connection could be made because the target machine actively refused it (Connection: mysql, SQL: select * from `settings` where `settings`.`deleted_at` is null order by `created_at` desc limit 1) at D:\\SystemsApps\\revboard\\vendor\\laravel\\framework\\src\\Illuminate\\Database\\Connection.php:829)
[stacktrace]
#0 D:\\SystemsApps\\revboard\\vendor\\laravel\\framework\\src\\Illuminate\\Database\\Connection.php(983): Illuminate\\Database\\Connection->runQueryCallback('select * from `...', Array, Object(Closure))
#1 D:\\SystemsApps\\revboard\\vendor\\laravel\\framework\\src\\Illuminate\\Database\\Connection.php(962): Illuminate\\Database\\Connection->tryAgainIfCausedByLostConnection(Object(Illuminate\\Database\\QueryException), 'select * from `...', Array, Object(Closure))
#2 D:\\SystemsApps\\revboard\\vendor\\laravel\\framework\\src\\Illuminate\\Database\\Connection.php(785): Illuminate\\Database\\Connection->handleQueryException(Object(Illuminate\\Database\\QueryException), 'select * from `...', Array, Object(Closure))
#3 D:\\SystemsApps\\revboard\\vendor\\laravel\\framework\\src\\Illuminate\\Database\\Connection.php(414): Illuminate\\Database\\Connection->run('select * from `...', Array, Object(Closure))
#4 D:\\SystemsApps\\revboard\\vendor\\laravel\\framework\\src\\Illuminate\\Database\\Query\\Builder.php(2871): Illuminate\\Database\\Connection->select('select * from `...', Array, true)
#5 D:\\SystemsApps\\revboard\\vendor\\laravel\\framework\\src\\Illuminate\\Database\\Query\\Builder.php(2860): Illuminate\\Database\\Query\\Builder->runSelect()
#6 D:\\SystemsApps\\revboard\\vendor\\laravel\\framework\\src\\Illuminate\\Database\\Query\\Builder.php(3414): Illuminate\\Database\\Query\\Builder->Illuminate\\Database\\Query\\{closure}()
#7 D:\\SystemsApps\\revboard\\vendor\\laravel\\framework\\src\\Illuminate\\Database\\Query\\Builder.php(2859): Illuminate\\Database\\Query\\Builder->onceWithColumns(Array, Object(Closure))
#8 D:\\SystemsApps\\revboard\\vendor\\laravel\\framework\\src\\Illuminate\\Database\\Eloquent\\Builder.php(739): Illuminate\\Database\\Query\\Builder->get(Array)
#9 D:\\SystemsApps\\revboard\\vendor\\laravel\\framework\\src\\Illuminate\\Database\\Eloquent\\Builder.php(723): Illuminate\\Database\\Eloquent\\Builder->getModels(Array)
#10 D:\\SystemsApps\\revboard\\vendor\\laravel\\framework\\src\\Illuminate\\Database\\Concerns\\BuildsQueries.php(333): Illuminate\\Database\\Eloquent\\Builder->get(Array)
#11 D:\\SystemsApps\\revboard\\vendor\\laravel\\framework\\src\\Illuminate\\Support\\Traits\\ForwardsCalls.php(23): Illuminate\\Database\\Eloquent\\Builder->first()
#12 D:\\SystemsApps\\revboard\\vendor\\laravel\\framework\\src\\Illuminate\\Database\\Eloquent\\Model.php(2334): Illuminate\\Database\\Eloquent\\Model->forwardCallTo(Object(Illuminate\\Database\\Eloquent\\Builder), 'first', Array)
#13 D:\\SystemsApps\\revboard\\vendor\\laravel\\framework\\src\\Illuminate\\Database\\Eloquent\\Model.php(2346): Illuminate\\Database\\Eloquent\\Model->__call('first', Array)
#14 D:\\SystemsApps\\revboard\\app\\Providers\\MailConfigServiceProvider.php(37): Illuminate\\Database\\Eloquent\\Model::__callStatic('first', Array)
#15 D:\\SystemsApps\\revboard\\app\\Providers\\MailConfigServiceProvider.php(20): App\\Providers\\MailConfigServiceProvider::configureMailSettings()
#16 D:\\SystemsApps\\revboard\\vendor\\laravel\\framework\\src\\Illuminate\\Foundation\\Application.php(1077): App\\Providers\\MailConfigServiceProvider->App\\Providers\\{closure}(Object(Illuminate\\Foundation\\Application))
#17 D:\\SystemsApps\\revboard\\vendor\\laravel\\framework\\src\\Illuminate\\Foundation\\Application.php(1020): Illuminate\\Foundation\\Application->fireAppCallbacks(Array)
#18 D:\\SystemsApps\\revboard\\vendor\\laravel\\framework\\src\\Illuminate\\Foundation\\Bootstrap\\BootProviders.php(17): Illuminate\\Foundation\\Application->boot()
#19 D:\\SystemsApps\\revboard\\vendor\\laravel\\framework\\src\\Illuminate\\Foundation\\Application.php(263): Illuminate\\Foundation\\Bootstrap\\BootProviders->bootstrap(Object(Illuminate\\Foundation\\Application))
#20 D:\\SystemsApps\\revboard\\vendor\\laravel\\framework\\src\\Illuminate\\Foundation\\Console\\Kernel.php(447): Illuminate\\Foundation\\Application->bootstrapWith(Array)
#21 D:\\SystemsApps\\revboard\\vendor\\laravel\\framework\\src\\Illuminate\\Foundation\\Console\\Kernel.php(199): Illuminate\\Foundation\\Console\\Kernel->bootstrap()
#22 D:\\SystemsApps\\revboard\\artisan(35): Illuminate\\Foundation\\Console\\Kernel->handle(Object(Symfony\\Component\\Console\\Input\\ArgvInput), Object(Symfony\\Component\\Console\\Output\\ConsoleOutput))
#23 {main}

[previous exception] [object] (PDOException(code: 2002): SQLSTATE[HY000] [2002] No connection could be made because the target machine actively refused it at D:\\SystemsApps\\revboard\\vendor\\laravel\\framework\\src\\Illuminate\\Database\\Connectors\\Connector.php:65)
[stacktrace]
#0 D:\\SystemsApps\\revboard\\vendor\\laravel\\framework\\src\\Illuminate\\Database\\Connectors\\Connector.php(65): PDO->__construct('mysql:host=loca...', 'root', Object(SensitiveParameterValue), Array)
#1 D:\\SystemsApps\\revboard\\vendor\\laravel\\framework\\src\\Illuminate\\Database\\Connectors\\Connector.php(83): Illuminate\\Database\\Connectors\\Connector->createPdoConnection('mysql:host=loca...', 'root', '', Array)
#2 D:\\SystemsApps\\revboard\\vendor\\laravel\\framework\\src\\Illuminate\\Database\\Connectors\\Connector.php(48): Illuminate\\Database\\Connectors\\Connector->tryAgainIfCausedByLostConnection(Object(PDOException), 'mysql:host=loca...', 'root', '', Array)
#3 D:\\SystemsApps\\revboard\\vendor\\laravel\\framework\\src\\Illuminate\\Database\\Connectors\\MySqlConnector.php(24): Illuminate\\Database\\Connectors\\Connector->createConnection('mysql:host=loca...', Array, Array)
#4 D:\\SystemsApps\\revboard\\vendor\\laravel\\framework\\src\\Illuminate\\Database\\Connectors\\ConnectionFactory.php(184): Illuminate\\Database\\Connectors\\MySqlConnector->connect(Array)
#5 [internal function]: Illuminate\\Database\\Connectors\\ConnectionFactory->Illuminate\\Database\\Connectors\\{closure}()
#6 D:\\SystemsApps\\revboard\\vendor\\laravel\\framework\\src\\Illuminate\\Database\\Connection.php(1339): call_user_func(Object(Closure))
#7 D:\\SystemsApps\\revboard\\vendor\\laravel\\framework\\src\\Illuminate\\Database\\Connection.php(1375): Illuminate\\Database\\Connection->getPdo()
#8 D:\\SystemsApps\\revboard\\vendor\\laravel\\framework\\src\\Illuminate\\Database\\Connection.php(528): Illuminate\\Database\\Connection->getReadPdo()
#9 D:\\SystemsApps\\revboard\\vendor\\laravel\\framework\\src\\Illuminate\\Database\\Connection.php(423): Illuminate\\Database\\Connection->getPdoForSelect(true)
#10 D:\\SystemsApps\\revboard\\vendor\\laravel\\framework\\src\\Illuminate\\Database\\Connection.php(816): Illuminate\\Database\\Connection->Illuminate\\Database\\{closure}('select * from `...', Array)
#11 D:\\SystemsApps\\revboard\\vendor\\laravel\\framework\\src\\Illuminate\\Database\\Connection.php(983): Illuminate\\Database\\Connection->runQueryCallback('select * from `...', Array, Object(Closure))
#12 D:\\SystemsApps\\revboard\\vendor\\laravel\\framework\\src\\Illuminate\\Database\\Connection.php(962): Illuminate\\Database\\Connection->tryAgainIfCausedByLostConnection(Object(Illuminate\\Database\\QueryException), 'select * from `...', Array, Object(Closure))
#13 D:\\SystemsApps\\revboard\\vendor\\laravel\\framework\\src\\Illuminate\\Database\\Connection.php(785): Illuminate\\Database\\Connection->handleQueryException(Object(Illuminate\\Database\\QueryException), 'select * from `...', Array, Object(Closure))
#14 D:\\SystemsApps\\revboard\\vendor\\laravel\\framework\\src\\Illuminate\\Database\\Connection.php(414): Illuminate\\Database\\Connection->run('select * from `...', Array, Object(Closure))
#15 D:\\SystemsApps\\revboard\\vendor\\laravel\\framework\\src\\Illuminate\\Database\\Query\\Builder.php(2871): Illuminate\\Database\\Connection->select('select * from `...', Array, true)
#16 D:\\SystemsApps\\revboard\\vendor\\laravel\\framework\\src\\Illuminate\\Database\\Query\\Builder.php(2860): Illuminate\\Database\\Query\\Builder->runSelect()
#17 D:\\SystemsApps\\revboard\\vendor\\laravel\\framework\\src\\Illuminate\\Database\\Query\\Builder.php(3414): Illuminate\\Database\\Query\\Builder->Illuminate\\Database\\Query\\{closure}()
#18 D:\\SystemsApps\\revboard\\vendor\\laravel\\framework\\src\\Illuminate\\Database\\Query\\Builder.php(2859): Illuminate\\Database\\Query\\Builder->onceWithColumns(Array, Object(Closure))
#19 D:\\SystemsApps\\revboard\\vendor\\laravel\\framework\\src\\Illuminate\\Database\\Eloquent\\Builder.php(739): Illuminate\\Database\\Query\\Builder->get(Array)
#20 D:\\SystemsApps\\revboard\\vendor\\laravel\\framework\\src\\Illuminate\\Database\\Eloquent\\Builder.php(723): Illuminate\\Database\\Eloquent\\Builder->getModels(Array)
#21 D:\\SystemsApps\\revboard\\vendor\\laravel\\framework\\src\\Illuminate\\Database\\Concerns\\BuildsQueries.php(333): Illuminate\\Database\\Eloquent\\Builder->get(Array)
#22 D:\\SystemsApps\\revboard\\vendor\\laravel\\framework\\src\\Illuminate\\Support\\Traits\\ForwardsCalls.php(23): Illuminate\\Database\\Eloquent\\Builder->first()
#23 D:\\SystemsApps\\revboard\\vendor\\laravel\\framework\\src\\Illuminate\\Database\\Eloquent\\Model.php(2334): Illuminate\\Database\\Eloquent\\Model->forwardCallTo(Object(Illuminate\\Database\\Eloquent\\Builder), 'first', Array)
#24 D:\\SystemsApps\\revboard\\vendor\\laravel\\framework\\src\\Illuminate\\Database\\Eloquent\\Model.php(2346): Illuminate\\Database\\Eloquent\\Model->__call('first', Array)
#25 D:\\SystemsApps\\revboard\\app\\Providers\\MailConfigServiceProvider.php(37): Illuminate\\Database\\Eloquent\\Model::__callStatic('first', Array)
#26 D:\\SystemsApps\\revboard\\app\\Providers\\MailConfigServiceProvider.php(20): App\\Providers\\MailConfigServiceProvider::configureMailSettings()
#27 D:\\SystemsApps\\revboard\\vendor\\laravel\\framework\\src\\Illuminate\\Foundation\\Application.php(1077): App\\Providers\\MailConfigServiceProvider->App\\Providers\\{closure}(Object(Illuminate\\Foundation\\Application))
#28 D:\\SystemsApps\\revboard\\vendor\\laravel\\framework\\src\\Illuminate\\Foundation\\Application.php(1020): Illuminate\\Foundation\\Application->fireAppCallbacks(Array)
#29 D:\\SystemsApps\\revboard\\vendor\\laravel\\framework\\src\\Illuminate\\Foundation\\Bootstrap\\BootProviders.php(17): Illuminate\\Foundation\\Application->boot()
#30 D:\\SystemsApps\\revboard\\vendor\\laravel\\framework\\src\\Illuminate\\Foundation\\Application.php(263): Illuminate\\Foundation\\Bootstrap\\BootProviders->bootstrap(Object(Illuminate\\Foundation\\Application))
#31 D:\\SystemsApps\\revboard\\vendor\\laravel\\framework\\src\\Illuminate\\Foundation\\Console\\Kernel.php(447): Illuminate\\Foundation\\Application->bootstrapWith(Array)
#32 D:\\SystemsApps\\revboard\\vendor\\laravel\\framework\\src\\Illuminate\\Foundation\\Console\\Kernel.php(199): Illuminate\\Foundation\\Console\\Kernel->bootstrap()
#33 D:\\SystemsApps\\revboard\\artisan(35): Illuminate\\Foundation\\Console\\Kernel->handle(Object(Symfony\\Component\\Console\\Input\\ArgvInput), Object(Symfony\\Component\\Console\\Output\\ConsoleOutput))
#34 {main}
"} 
[2024-06-01 05:47:39] production.ERROR: SQLSTATE[HY000] [2002] No connection could be made because the target machine actively refused it (Connection: mysql, SQL: select * from `settings` where `settings`.`deleted_at` is null order by `created_at` desc limit 1) {"exception":"[object] (Illuminate\\Database\\QueryException(code: 2002): SQLSTATE[HY000] [2002] No connection could be made because the target machine actively refused it (Connection: mysql, SQL: select * from `settings` where `settings`.`deleted_at` is null order by `created_at` desc limit 1) at D:\\SystemsApps\\revboard\\vendor\\laravel\\framework\\src\\Illuminate\\Database\\Connection.php:829)
[stacktrace]
#0 D:\\SystemsApps\\revboard\\vendor\\laravel\\framework\\src\\Illuminate\\Database\\Connection.php(983): Illuminate\\Database\\Connection->runQueryCallback('select * from `...', Array, Object(Closure))
#1 D:\\SystemsApps\\revboard\\vendor\\laravel\\framework\\src\\Illuminate\\Database\\Connection.php(962): Illuminate\\Database\\Connection->tryAgainIfCausedByLostConnection(Object(Illuminate\\Database\\QueryException), 'select * from `...', Array, Object(Closure))
#2 D:\\SystemsApps\\revboard\\vendor\\laravel\\framework\\src\\Illuminate\\Database\\Connection.php(785): Illuminate\\Database\\Connection->handleQueryException(Object(Illuminate\\Database\\QueryException), 'select * from `...', Array, Object(Closure))
#3 D:\\SystemsApps\\revboard\\vendor\\laravel\\framework\\src\\Illuminate\\Database\\Connection.php(414): Illuminate\\Database\\Connection->run('select * from `...', Array, Object(Closure))
#4 D:\\SystemsApps\\revboard\\vendor\\laravel\\framework\\src\\Illuminate\\Database\\Query\\Builder.php(2871): Illuminate\\Database\\Connection->select('select * from `...', Array, true)
#5 D:\\SystemsApps\\revboard\\vendor\\laravel\\framework\\src\\Illuminate\\Database\\Query\\Builder.php(2860): Illuminate\\Database\\Query\\Builder->runSelect()
#6 D:\\SystemsApps\\revboard\\vendor\\laravel\\framework\\src\\Illuminate\\Database\\Query\\Builder.php(3414): Illuminate\\Database\\Query\\Builder->Illuminate\\Database\\Query\\{closure}()
#7 D:\\SystemsApps\\revboard\\vendor\\laravel\\framework\\src\\Illuminate\\Database\\Query\\Builder.php(2859): Illuminate\\Database\\Query\\Builder->onceWithColumns(Array, Object(Closure))
#8 D:\\SystemsApps\\revboard\\vendor\\laravel\\framework\\src\\Illuminate\\Database\\Eloquent\\Builder.php(739): Illuminate\\Database\\Query\\Builder->get(Array)
#9 D:\\SystemsApps\\revboard\\vendor\\laravel\\framework\\src\\Illuminate\\Database\\Eloquent\\Builder.php(723): Illuminate\\Database\\Eloquent\\Builder->getModels(Array)
#10 D:\\SystemsApps\\revboard\\vendor\\laravel\\framework\\src\\Illuminate\\Database\\Concerns\\BuildsQueries.php(333): Illuminate\\Database\\Eloquent\\Builder->get(Array)
#11 D:\\SystemsApps\\revboard\\vendor\\laravel\\framework\\src\\Illuminate\\Support\\Traits\\ForwardsCalls.php(23): Illuminate\\Database\\Eloquent\\Builder->first()
#12 D:\\SystemsApps\\revboard\\vendor\\laravel\\framework\\src\\Illuminate\\Database\\Eloquent\\Model.php(2334): Illuminate\\Database\\Eloquent\\Model->forwardCallTo(Object(Illuminate\\Database\\Eloquent\\Builder), 'first', Array)
#13 D:\\SystemsApps\\revboard\\vendor\\laravel\\framework\\src\\Illuminate\\Database\\Eloquent\\Model.php(2346): Illuminate\\Database\\Eloquent\\Model->__call('first', Array)
#14 D:\\SystemsApps\\revboard\\app\\Providers\\MailConfigServiceProvider.php(37): Illuminate\\Database\\Eloquent\\Model::__callStatic('first', Array)
#15 D:\\SystemsApps\\revboard\\app\\Providers\\MailConfigServiceProvider.php(20): App\\Providers\\MailConfigServiceProvider::configureMailSettings()
#16 D:\\SystemsApps\\revboard\\vendor\\laravel\\framework\\src\\Illuminate\\Foundation\\Application.php(1077): App\\Providers\\MailConfigServiceProvider->App\\Providers\\{closure}(Object(Illuminate\\Foundation\\Application))
#17 D:\\SystemsApps\\revboard\\vendor\\laravel\\framework\\src\\Illuminate\\Foundation\\Application.php(1020): Illuminate\\Foundation\\Application->fireAppCallbacks(Array)
#18 D:\\SystemsApps\\revboard\\vendor\\laravel\\framework\\src\\Illuminate\\Foundation\\Bootstrap\\BootProviders.php(17): Illuminate\\Foundation\\Application->boot()
#19 D:\\SystemsApps\\revboard\\vendor\\laravel\\framework\\src\\Illuminate\\Foundation\\Application.php(263): Illuminate\\Foundation\\Bootstrap\\BootProviders->bootstrap(Object(Illuminate\\Foundation\\Application))
#20 D:\\SystemsApps\\revboard\\vendor\\laravel\\framework\\src\\Illuminate\\Foundation\\Console\\Kernel.php(447): Illuminate\\Foundation\\Application->bootstrapWith(Array)
#21 D:\\SystemsApps\\revboard\\vendor\\laravel\\framework\\src\\Illuminate\\Foundation\\Console\\Kernel.php(199): Illuminate\\Foundation\\Console\\Kernel->bootstrap()
#22 D:\\SystemsApps\\revboard\\artisan(35): Illuminate\\Foundation\\Console\\Kernel->handle(Object(Symfony\\Component\\Console\\Input\\ArgvInput), Object(Symfony\\Component\\Console\\Output\\ConsoleOutput))
#23 {main}

[previous exception] [object] (PDOException(code: 2002): SQLSTATE[HY000] [2002] No connection could be made because the target machine actively refused it at D:\\SystemsApps\\revboard\\vendor\\laravel\\framework\\src\\Illuminate\\Database\\Connectors\\Connector.php:65)
[stacktrace]
#0 D:\\SystemsApps\\revboard\\vendor\\laravel\\framework\\src\\Illuminate\\Database\\Connectors\\Connector.php(65): PDO->__construct('mysql:host=loca...', 'root', Object(SensitiveParameterValue), Array)
#1 D:\\SystemsApps\\revboard\\vendor\\laravel\\framework\\src\\Illuminate\\Database\\Connectors\\Connector.php(83): Illuminate\\Database\\Connectors\\Connector->createPdoConnection('mysql:host=loca...', 'root', '', Array)
#2 D:\\SystemsApps\\revboard\\vendor\\laravel\\framework\\src\\Illuminate\\Database\\Connectors\\Connector.php(48): Illuminate\\Database\\Connectors\\Connector->tryAgainIfCausedByLostConnection(Object(PDOException), 'mysql:host=loca...', 'root', '', Array)
#3 D:\\SystemsApps\\revboard\\vendor\\laravel\\framework\\src\\Illuminate\\Database\\Connectors\\MySqlConnector.php(24): Illuminate\\Database\\Connectors\\Connector->createConnection('mysql:host=loca...', Array, Array)
#4 D:\\SystemsApps\\revboard\\vendor\\laravel\\framework\\src\\Illuminate\\Database\\Connectors\\ConnectionFactory.php(184): Illuminate\\Database\\Connectors\\MySqlConnector->connect(Array)
#5 [internal function]: Illuminate\\Database\\Connectors\\ConnectionFactory->Illuminate\\Database\\Connectors\\{closure}()
#6 D:\\SystemsApps\\revboard\\vendor\\laravel\\framework\\src\\Illuminate\\Database\\Connection.php(1339): call_user_func(Object(Closure))
#7 D:\\SystemsApps\\revboard\\vendor\\laravel\\framework\\src\\Illuminate\\Database\\Connection.php(1375): Illuminate\\Database\\Connection->getPdo()
#8 D:\\SystemsApps\\revboard\\vendor\\laravel\\framework\\src\\Illuminate\\Database\\Connection.php(528): Illuminate\\Database\\Connection->getReadPdo()
#9 D:\\SystemsApps\\revboard\\vendor\\laravel\\framework\\src\\Illuminate\\Database\\Connection.php(423): Illuminate\\Database\\Connection->getPdoForSelect(true)
#10 D:\\SystemsApps\\revboard\\vendor\\laravel\\framework\\src\\Illuminate\\Database\\Connection.php(816): Illuminate\\Database\\Connection->Illuminate\\Database\\{closure}('select * from `...', Array)
#11 D:\\SystemsApps\\revboard\\vendor\\laravel\\framework\\src\\Illuminate\\Database\\Connection.php(983): Illuminate\\Database\\Connection->runQueryCallback('select * from `...', Array, Object(Closure))
#12 D:\\SystemsApps\\revboard\\vendor\\laravel\\framework\\src\\Illuminate\\Database\\Connection.php(962): Illuminate\\Database\\Connection->tryAgainIfCausedByLostConnection(Object(Illuminate\\Database\\QueryException), 'select * from `...', Array, Object(Closure))
#13 D:\\SystemsApps\\revboard\\vendor\\laravel\\framework\\src\\Illuminate\\Database\\Connection.php(785): Illuminate\\Database\\Connection->handleQueryException(Object(Illuminate\\Database\\QueryException), 'select * from `...', Array, Object(Closure))
#14 D:\\SystemsApps\\revboard\\vendor\\laravel\\framework\\src\\Illuminate\\Database\\Connection.php(414): Illuminate\\Database\\Connection->run('select * from `...', Array, Object(Closure))
#15 D:\\SystemsApps\\revboard\\vendor\\laravel\\framework\\src\\Illuminate\\Database\\Query\\Builder.php(2871): Illuminate\\Database\\Connection->select('select * from `...', Array, true)
#16 D:\\SystemsApps\\revboard\\vendor\\laravel\\framework\\src\\Illuminate\\Database\\Query\\Builder.php(2860): Illuminate\\Database\\Query\\Builder->runSelect()
#17 D:\\SystemsApps\\revboard\\vendor\\laravel\\framework\\src\\Illuminate\\Database\\Query\\Builder.php(3414): Illuminate\\Database\\Query\\Builder->Illuminate\\Database\\Query\\{closure}()
#18 D:\\SystemsApps\\revboard\\vendor\\laravel\\framework\\src\\Illuminate\\Database\\Query\\Builder.php(2859): Illuminate\\Database\\Query\\Builder->onceWithColumns(Array, Object(Closure))
#19 D:\\SystemsApps\\revboard\\vendor\\laravel\\framework\\src\\Illuminate\\Database\\Eloquent\\Builder.php(739): Illuminate\\Database\\Query\\Builder->get(Array)
#20 D:\\SystemsApps\\revboard\\vendor\\laravel\\framework\\src\\Illuminate\\Database\\Eloquent\\Builder.php(723): Illuminate\\Database\\Eloquent\\Builder->getModels(Array)
#21 D:\\SystemsApps\\revboard\\vendor\\laravel\\framework\\src\\Illuminate\\Database\\Concerns\\BuildsQueries.php(333): Illuminate\\Database\\Eloquent\\Builder->get(Array)
#22 D:\\SystemsApps\\revboard\\vendor\\laravel\\framework\\src\\Illuminate\\Support\\Traits\\ForwardsCalls.php(23): Illuminate\\Database\\Eloquent\\Builder->first()
#23 D:\\SystemsApps\\revboard\\vendor\\laravel\\framework\\src\\Illuminate\\Database\\Eloquent\\Model.php(2334): Illuminate\\Database\\Eloquent\\Model->forwardCallTo(Object(Illuminate\\Database\\Eloquent\\Builder), 'first', Array)
#24 D:\\SystemsApps\\revboard\\vendor\\laravel\\framework\\src\\Illuminate\\Database\\Eloquent\\Model.php(2346): Illuminate\\Database\\Eloquent\\Model->__call('first', Array)
#25 D:\\SystemsApps\\revboard\\app\\Providers\\MailConfigServiceProvider.php(37): Illuminate\\Database\\Eloquent\\Model::__callStatic('first', Array)
#26 D:\\SystemsApps\\revboard\\app\\Providers\\MailConfigServiceProvider.php(20): App\\Providers\\MailConfigServiceProvider::configureMailSettings()
#27 D:\\SystemsApps\\revboard\\vendor\\laravel\\framework\\src\\Illuminate\\Foundation\\Application.php(1077): App\\Providers\\MailConfigServiceProvider->App\\Providers\\{closure}(Object(Illuminate\\Foundation\\Application))
#28 D:\\SystemsApps\\revboard\\vendor\\laravel\\framework\\src\\Illuminate\\Foundation\\Application.php(1020): Illuminate\\Foundation\\Application->fireAppCallbacks(Array)
#29 D:\\SystemsApps\\revboard\\vendor\\laravel\\framework\\src\\Illuminate\\Foundation\\Bootstrap\\BootProviders.php(17): Illuminate\\Foundation\\Application->boot()
#30 D:\\SystemsApps\\revboard\\vendor\\laravel\\framework\\src\\Illuminate\\Foundation\\Application.php(263): Illuminate\\Foundation\\Bootstrap\\BootProviders->bootstrap(Object(Illuminate\\Foundation\\Application))
#31 D:\\SystemsApps\\revboard\\vendor\\laravel\\framework\\src\\Illuminate\\Foundation\\Console\\Kernel.php(447): Illuminate\\Foundation\\Application->bootstrapWith(Array)
#32 D:\\SystemsApps\\revboard\\vendor\\laravel\\framework\\src\\Illuminate\\Foundation\\Console\\Kernel.php(199): Illuminate\\Foundation\\Console\\Kernel->bootstrap()
#33 D:\\SystemsApps\\revboard\\artisan(35): Illuminate\\Foundation\\Console\\Kernel->handle(Object(Symfony\\Component\\Console\\Input\\ArgvInput), Object(Symfony\\Component\\Console\\Output\\ConsoleOutput))
#34 {main}
"} 
[2024-06-01 05:48:00] production.ERROR: SQLSTATE[HY000] [2002] No connection could be made because the target machine actively refused it (Connection: mysql, SQL: select * from `settings` where `settings`.`deleted_at` is null order by `created_at` desc limit 1) {"exception":"[object] (Illuminate\\Database\\QueryException(code: 2002): SQLSTATE[HY000] [2002] No connection could be made because the target machine actively refused it (Connection: mysql, SQL: select * from `settings` where `settings`.`deleted_at` is null order by `created_at` desc limit 1) at D:\\SystemsApps\\revboard\\vendor\\laravel\\framework\\src\\Illuminate\\Database\\Connection.php:829)
[stacktrace]
#0 D:\\SystemsApps\\revboard\\vendor\\laravel\\framework\\src\\Illuminate\\Database\\Connection.php(983): Illuminate\\Database\\Connection->runQueryCallback('select * from `...', Array, Object(Closure))
#1 D:\\SystemsApps\\revboard\\vendor\\laravel\\framework\\src\\Illuminate\\Database\\Connection.php(962): Illuminate\\Database\\Connection->tryAgainIfCausedByLostConnection(Object(Illuminate\\Database\\QueryException), 'select * from `...', Array, Object(Closure))
#2 D:\\SystemsApps\\revboard\\vendor\\laravel\\framework\\src\\Illuminate\\Database\\Connection.php(785): Illuminate\\Database\\Connection->handleQueryException(Object(Illuminate\\Database\\QueryException), 'select * from `...', Array, Object(Closure))
#3 D:\\SystemsApps\\revboard\\vendor\\laravel\\framework\\src\\Illuminate\\Database\\Connection.php(414): Illuminate\\Database\\Connection->run('select * from `...', Array, Object(Closure))
#4 D:\\SystemsApps\\revboard\\vendor\\laravel\\framework\\src\\Illuminate\\Database\\Query\\Builder.php(2871): Illuminate\\Database\\Connection->select('select * from `...', Array, true)
#5 D:\\SystemsApps\\revboard\\vendor\\laravel\\framework\\src\\Illuminate\\Database\\Query\\Builder.php(2860): Illuminate\\Database\\Query\\Builder->runSelect()
#6 D:\\SystemsApps\\revboard\\vendor\\laravel\\framework\\src\\Illuminate\\Database\\Query\\Builder.php(3414): Illuminate\\Database\\Query\\Builder->Illuminate\\Database\\Query\\{closure}()
#7 D:\\SystemsApps\\revboard\\vendor\\laravel\\framework\\src\\Illuminate\\Database\\Query\\Builder.php(2859): Illuminate\\Database\\Query\\Builder->onceWithColumns(Array, Object(Closure))
#8 D:\\SystemsApps\\revboard\\vendor\\laravel\\framework\\src\\Illuminate\\Database\\Eloquent\\Builder.php(739): Illuminate\\Database\\Query\\Builder->get(Array)
#9 D:\\SystemsApps\\revboard\\vendor\\laravel\\framework\\src\\Illuminate\\Database\\Eloquent\\Builder.php(723): Illuminate\\Database\\Eloquent\\Builder->getModels(Array)
#10 D:\\SystemsApps\\revboard\\vendor\\laravel\\framework\\src\\Illuminate\\Database\\Concerns\\BuildsQueries.php(333): Illuminate\\Database\\Eloquent\\Builder->get(Array)
#11 D:\\SystemsApps\\revboard\\vendor\\laravel\\framework\\src\\Illuminate\\Support\\Traits\\ForwardsCalls.php(23): Illuminate\\Database\\Eloquent\\Builder->first()
#12 D:\\SystemsApps\\revboard\\vendor\\laravel\\framework\\src\\Illuminate\\Database\\Eloquent\\Model.php(2334): Illuminate\\Database\\Eloquent\\Model->forwardCallTo(Object(Illuminate\\Database\\Eloquent\\Builder), 'first', Array)
#13 D:\\SystemsApps\\revboard\\vendor\\laravel\\framework\\src\\Illuminate\\Database\\Eloquent\\Model.php(2346): Illuminate\\Database\\Eloquent\\Model->__call('first', Array)
#14 D:\\SystemsApps\\revboard\\app\\Providers\\MailConfigServiceProvider.php(37): Illuminate\\Database\\Eloquent\\Model::__callStatic('first', Array)
#15 D:\\SystemsApps\\revboard\\app\\Providers\\MailConfigServiceProvider.php(20): App\\Providers\\MailConfigServiceProvider::configureMailSettings()
#16 D:\\SystemsApps\\revboard\\vendor\\laravel\\framework\\src\\Illuminate\\Foundation\\Application.php(1077): App\\Providers\\MailConfigServiceProvider->App\\Providers\\{closure}(Object(Illuminate\\Foundation\\Application))
#17 D:\\SystemsApps\\revboard\\vendor\\laravel\\framework\\src\\Illuminate\\Foundation\\Application.php(1020): Illuminate\\Foundation\\Application->fireAppCallbacks(Array)
#18 D:\\SystemsApps\\revboard\\vendor\\laravel\\framework\\src\\Illuminate\\Foundation\\Bootstrap\\BootProviders.php(17): Illuminate\\Foundation\\Application->boot()
#19 D:\\SystemsApps\\revboard\\vendor\\laravel\\framework\\src\\Illuminate\\Foundation\\Application.php(263): Illuminate\\Foundation\\Bootstrap\\BootProviders->bootstrap(Object(Illuminate\\Foundation\\Application))
#20 D:\\SystemsApps\\revboard\\vendor\\laravel\\framework\\src\\Illuminate\\Foundation\\Console\\Kernel.php(447): Illuminate\\Foundation\\Application->bootstrapWith(Array)
#21 D:\\SystemsApps\\revboard\\vendor\\laravel\\framework\\src\\Illuminate\\Foundation\\Console\\Kernel.php(199): Illuminate\\Foundation\\Console\\Kernel->bootstrap()
#22 D:\\SystemsApps\\revboard\\artisan(35): Illuminate\\Foundation\\Console\\Kernel->handle(Object(Symfony\\Component\\Console\\Input\\ArgvInput), Object(Symfony\\Component\\Console\\Output\\ConsoleOutput))
#23 {main}

[previous exception] [object] (PDOException(code: 2002): SQLSTATE[HY000] [2002] No connection could be made because the target machine actively refused it at D:\\SystemsApps\\revboard\\vendor\\laravel\\framework\\src\\Illuminate\\Database\\Connectors\\Connector.php:65)
[stacktrace]
#0 D:\\SystemsApps\\revboard\\vendor\\laravel\\framework\\src\\Illuminate\\Database\\Connectors\\Connector.php(65): PDO->__construct('mysql:host=loca...', 'root', Object(SensitiveParameterValue), Array)
#1 D:\\SystemsApps\\revboard\\vendor\\laravel\\framework\\src\\Illuminate\\Database\\Connectors\\Connector.php(83): Illuminate\\Database\\Connectors\\Connector->createPdoConnection('mysql:host=loca...', 'root', '', Array)
#2 D:\\SystemsApps\\revboard\\vendor\\laravel\\framework\\src\\Illuminate\\Database\\Connectors\\Connector.php(48): Illuminate\\Database\\Connectors\\Connector->tryAgainIfCausedByLostConnection(Object(PDOException), 'mysql:host=loca...', 'root', '', Array)
#3 D:\\SystemsApps\\revboard\\vendor\\laravel\\framework\\src\\Illuminate\\Database\\Connectors\\MySqlConnector.php(24): Illuminate\\Database\\Connectors\\Connector->createConnection('mysql:host=loca...', Array, Array)
#4 D:\\SystemsApps\\revboard\\vendor\\laravel\\framework\\src\\Illuminate\\Database\\Connectors\\ConnectionFactory.php(184): Illuminate\\Database\\Connectors\\MySqlConnector->connect(Array)
#5 [internal function]: Illuminate\\Database\\Connectors\\ConnectionFactory->Illuminate\\Database\\Connectors\\{closure}()
#6 D:\\SystemsApps\\revboard\\vendor\\laravel\\framework\\src\\Illuminate\\Database\\Connection.php(1339): call_user_func(Object(Closure))
#7 D:\\SystemsApps\\revboard\\vendor\\laravel\\framework\\src\\Illuminate\\Database\\Connection.php(1375): Illuminate\\Database\\Connection->getPdo()
#8 D:\\SystemsApps\\revboard\\vendor\\laravel\\framework\\src\\Illuminate\\Database\\Connection.php(528): Illuminate\\Database\\Connection->getReadPdo()
#9 D:\\SystemsApps\\revboard\\vendor\\laravel\\framework\\src\\Illuminate\\Database\\Connection.php(423): Illuminate\\Database\\Connection->getPdoForSelect(true)
#10 D:\\SystemsApps\\revboard\\vendor\\laravel\\framework\\src\\Illuminate\\Database\\Connection.php(816): Illuminate\\Database\\Connection->Illuminate\\Database\\{closure}('select * from `...', Array)
#11 D:\\SystemsApps\\revboard\\vendor\\laravel\\framework\\src\\Illuminate\\Database\\Connection.php(983): Illuminate\\Database\\Connection->runQueryCallback('select * from `...', Array, Object(Closure))
#12 D:\\SystemsApps\\revboard\\vendor\\laravel\\framework\\src\\Illuminate\\Database\\Connection.php(962): Illuminate\\Database\\Connection->tryAgainIfCausedByLostConnection(Object(Illuminate\\Database\\QueryException), 'select * from `...', Array, Object(Closure))
#13 D:\\SystemsApps\\revboard\\vendor\\laravel\\framework\\src\\Illuminate\\Database\\Connection.php(785): Illuminate\\Database\\Connection->handleQueryException(Object(Illuminate\\Database\\QueryException), 'select * from `...', Array, Object(Closure))
#14 D:\\SystemsApps\\revboard\\vendor\\laravel\\framework\\src\\Illuminate\\Database\\Connection.php(414): Illuminate\\Database\\Connection->run('select * from `...', Array, Object(Closure))
#15 D:\\SystemsApps\\revboard\\vendor\\laravel\\framework\\src\\Illuminate\\Database\\Query\\Builder.php(2871): Illuminate\\Database\\Connection->select('select * from `...', Array, true)
#16 D:\\SystemsApps\\revboard\\vendor\\laravel\\framework\\src\\Illuminate\\Database\\Query\\Builder.php(2860): Illuminate\\Database\\Query\\Builder->runSelect()
#17 D:\\SystemsApps\\revboard\\vendor\\laravel\\framework\\src\\Illuminate\\Database\\Query\\Builder.php(3414): Illuminate\\Database\\Query\\Builder->Illuminate\\Database\\Query\\{closure}()
#18 D:\\SystemsApps\\revboard\\vendor\\laravel\\framework\\src\\Illuminate\\Database\\Query\\Builder.php(2859): Illuminate\\Database\\Query\\Builder->onceWithColumns(Array, Object(Closure))
#19 D:\\SystemsApps\\revboard\\vendor\\laravel\\framework\\src\\Illuminate\\Database\\Eloquent\\Builder.php(739): Illuminate\\Database\\Query\\Builder->get(Array)
#20 D:\\SystemsApps\\revboard\\vendor\\laravel\\framework\\src\\Illuminate\\Database\\Eloquent\\Builder.php(723): Illuminate\\Database\\Eloquent\\Builder->getModels(Array)
#21 D:\\SystemsApps\\revboard\\vendor\\laravel\\framework\\src\\Illuminate\\Database\\Concerns\\BuildsQueries.php(333): Illuminate\\Database\\Eloquent\\Builder->get(Array)
#22 D:\\SystemsApps\\revboard\\vendor\\laravel\\framework\\src\\Illuminate\\Support\\Traits\\ForwardsCalls.php(23): Illuminate\\Database\\Eloquent\\Builder->first()
#23 D:\\SystemsApps\\revboard\\vendor\\laravel\\framework\\src\\Illuminate\\Database\\Eloquent\\Model.php(2334): Illuminate\\Database\\Eloquent\\Model->forwardCallTo(Object(Illuminate\\Database\\Eloquent\\Builder), 'first', Array)
#24 D:\\SystemsApps\\revboard\\vendor\\laravel\\framework\\src\\Illuminate\\Database\\Eloquent\\Model.php(2346): Illuminate\\Database\\Eloquent\\Model->__call('first', Array)
#25 D:\\SystemsApps\\revboard\\app\\Providers\\MailConfigServiceProvider.php(37): Illuminate\\Database\\Eloquent\\Model::__callStatic('first', Array)
#26 D:\\SystemsApps\\revboard\\app\\Providers\\MailConfigServiceProvider.php(20): App\\Providers\\MailConfigServiceProvider::configureMailSettings()
#27 D:\\SystemsApps\\revboard\\vendor\\laravel\\framework\\src\\Illuminate\\Foundation\\Application.php(1077): App\\Providers\\MailConfigServiceProvider->App\\Providers\\{closure}(Object(Illuminate\\Foundation\\Application))
#28 D:\\SystemsApps\\revboard\\vendor\\laravel\\framework\\src\\Illuminate\\Foundation\\Application.php(1020): Illuminate\\Foundation\\Application->fireAppCallbacks(Array)
#29 D:\\SystemsApps\\revboard\\vendor\\laravel\\framework\\src\\Illuminate\\Foundation\\Bootstrap\\BootProviders.php(17): Illuminate\\Foundation\\Application->boot()
#30 D:\\SystemsApps\\revboard\\vendor\\laravel\\framework\\src\\Illuminate\\Foundation\\Application.php(263): Illuminate\\Foundation\\Bootstrap\\BootProviders->bootstrap(Object(Illuminate\\Foundation\\Application))
#31 D:\\SystemsApps\\revboard\\vendor\\laravel\\framework\\src\\Illuminate\\Foundation\\Console\\Kernel.php(447): Illuminate\\Foundation\\Application->bootstrapWith(Array)
#32 D:\\SystemsApps\\revboard\\vendor\\laravel\\framework\\src\\Illuminate\\Foundation\\Console\\Kernel.php(199): Illuminate\\Foundation\\Console\\Kernel->bootstrap()
#33 D:\\SystemsApps\\revboard\\artisan(35): Illuminate\\Foundation\\Console\\Kernel->handle(Object(Symfony\\Component\\Console\\Input\\ArgvInput), Object(Symfony\\Component\\Console\\Output\\ConsoleOutput))
#34 {main}
"} 
[2024-06-01 05:50:23] production.ERROR: SQLSTATE[HY000] [2002] No connection could be made because the target machine actively refused it (Connection: mysql, SQL: select * from `settings` where `settings`.`deleted_at` is null order by `created_at` desc limit 1) {"exception":"[object] (Illuminate\\Database\\QueryException(code: 2002): SQLSTATE[HY000] [2002] No connection could be made because the target machine actively refused it (Connection: mysql, SQL: select * from `settings` where `settings`.`deleted_at` is null order by `created_at` desc limit 1) at D:\\SystemsApps\\revboard\\vendor\\laravel\\framework\\src\\Illuminate\\Database\\Connection.php:829)
[stacktrace]
#0 D:\\SystemsApps\\revboard\\vendor\\laravel\\framework\\src\\Illuminate\\Database\\Connection.php(983): Illuminate\\Database\\Connection->runQueryCallback('select * from `...', Array, Object(Closure))
#1 D:\\SystemsApps\\revboard\\vendor\\laravel\\framework\\src\\Illuminate\\Database\\Connection.php(962): Illuminate\\Database\\Connection->tryAgainIfCausedByLostConnection(Object(Illuminate\\Database\\QueryException), 'select * from `...', Array, Object(Closure))
#2 D:\\SystemsApps\\revboard\\vendor\\laravel\\framework\\src\\Illuminate\\Database\\Connection.php(785): Illuminate\\Database\\Connection->handleQueryException(Object(Illuminate\\Database\\QueryException), 'select * from `...', Array, Object(Closure))
#3 D:\\SystemsApps\\revboard\\vendor\\laravel\\framework\\src\\Illuminate\\Database\\Connection.php(414): Illuminate\\Database\\Connection->run('select * from `...', Array, Object(Closure))
#4 D:\\SystemsApps\\revboard\\vendor\\laravel\\framework\\src\\Illuminate\\Database\\Query\\Builder.php(2871): Illuminate\\Database\\Connection->select('select * from `...', Array, true)
#5 D:\\SystemsApps\\revboard\\vendor\\laravel\\framework\\src\\Illuminate\\Database\\Query\\Builder.php(2860): Illuminate\\Database\\Query\\Builder->runSelect()
#6 D:\\SystemsApps\\revboard\\vendor\\laravel\\framework\\src\\Illuminate\\Database\\Query\\Builder.php(3414): Illuminate\\Database\\Query\\Builder->Illuminate\\Database\\Query\\{closure}()
#7 D:\\SystemsApps\\revboard\\vendor\\laravel\\framework\\src\\Illuminate\\Database\\Query\\Builder.php(2859): Illuminate\\Database\\Query\\Builder->onceWithColumns(Array, Object(Closure))
#8 D:\\SystemsApps\\revboard\\vendor\\laravel\\framework\\src\\Illuminate\\Database\\Eloquent\\Builder.php(739): Illuminate\\Database\\Query\\Builder->get(Array)
#9 D:\\SystemsApps\\revboard\\vendor\\laravel\\framework\\src\\Illuminate\\Database\\Eloquent\\Builder.php(723): Illuminate\\Database\\Eloquent\\Builder->getModels(Array)
#10 D:\\SystemsApps\\revboard\\vendor\\laravel\\framework\\src\\Illuminate\\Database\\Concerns\\BuildsQueries.php(333): Illuminate\\Database\\Eloquent\\Builder->get(Array)
#11 D:\\SystemsApps\\revboard\\vendor\\laravel\\framework\\src\\Illuminate\\Support\\Traits\\ForwardsCalls.php(23): Illuminate\\Database\\Eloquent\\Builder->first()
#12 D:\\SystemsApps\\revboard\\vendor\\laravel\\framework\\src\\Illuminate\\Database\\Eloquent\\Model.php(2334): Illuminate\\Database\\Eloquent\\Model->forwardCallTo(Object(Illuminate\\Database\\Eloquent\\Builder), 'first', Array)
#13 D:\\SystemsApps\\revboard\\vendor\\laravel\\framework\\src\\Illuminate\\Database\\Eloquent\\Model.php(2346): Illuminate\\Database\\Eloquent\\Model->__call('first', Array)
#14 D:\\SystemsApps\\revboard\\app\\Providers\\MailConfigServiceProvider.php(37): Illuminate\\Database\\Eloquent\\Model::__callStatic('first', Array)
#15 D:\\SystemsApps\\revboard\\app\\Providers\\MailConfigServiceProvider.php(20): App\\Providers\\MailConfigServiceProvider::configureMailSettings()
#16 D:\\SystemsApps\\revboard\\vendor\\laravel\\framework\\src\\Illuminate\\Foundation\\Application.php(1077): App\\Providers\\MailConfigServiceProvider->App\\Providers\\{closure}(Object(Illuminate\\Foundation\\Application))
#17 D:\\SystemsApps\\revboard\\vendor\\laravel\\framework\\src\\Illuminate\\Foundation\\Application.php(1020): Illuminate\\Foundation\\Application->fireAppCallbacks(Array)
#18 D:\\SystemsApps\\revboard\\vendor\\laravel\\framework\\src\\Illuminate\\Foundation\\Bootstrap\\BootProviders.php(17): Illuminate\\Foundation\\Application->boot()
#19 D:\\SystemsApps\\revboard\\vendor\\laravel\\framework\\src\\Illuminate\\Foundation\\Application.php(263): Illuminate\\Foundation\\Bootstrap\\BootProviders->bootstrap(Object(Illuminate\\Foundation\\Application))
#20 D:\\SystemsApps\\revboard\\vendor\\laravel\\framework\\src\\Illuminate\\Foundation\\Console\\Kernel.php(447): Illuminate\\Foundation\\Application->bootstrapWith(Array)
#21 D:\\SystemsApps\\revboard\\vendor\\laravel\\framework\\src\\Illuminate\\Foundation\\Console\\Kernel.php(199): Illuminate\\Foundation\\Console\\Kernel->bootstrap()
#22 D:\\SystemsApps\\revboard\\artisan(35): Illuminate\\Foundation\\Console\\Kernel->handle(Object(Symfony\\Component\\Console\\Input\\ArgvInput), Object(Symfony\\Component\\Console\\Output\\ConsoleOutput))
#23 {main}

[previous exception] [object] (PDOException(code: 2002): SQLSTATE[HY000] [2002] No connection could be made because the target machine actively refused it at D:\\SystemsApps\\revboard\\vendor\\laravel\\framework\\src\\Illuminate\\Database\\Connectors\\Connector.php:65)
[stacktrace]
#0 D:\\SystemsApps\\revboard\\vendor\\laravel\\framework\\src\\Illuminate\\Database\\Connectors\\Connector.php(65): PDO->__construct('mysql:host=loca...', 'root', Object(SensitiveParameterValue), Array)
#1 D:\\SystemsApps\\revboard\\vendor\\laravel\\framework\\src\\Illuminate\\Database\\Connectors\\Connector.php(83): Illuminate\\Database\\Connectors\\Connector->createPdoConnection('mysql:host=loca...', 'root', '', Array)
#2 D:\\SystemsApps\\revboard\\vendor\\laravel\\framework\\src\\Illuminate\\Database\\Connectors\\Connector.php(48): Illuminate\\Database\\Connectors\\Connector->tryAgainIfCausedByLostConnection(Object(PDOException), 'mysql:host=loca...', 'root', '', Array)
#3 D:\\SystemsApps\\revboard\\vendor\\laravel\\framework\\src\\Illuminate\\Database\\Connectors\\MySqlConnector.php(24): Illuminate\\Database\\Connectors\\Connector->createConnection('mysql:host=loca...', Array, Array)
#4 D:\\SystemsApps\\revboard\\vendor\\laravel\\framework\\src\\Illuminate\\Database\\Connectors\\ConnectionFactory.php(184): Illuminate\\Database\\Connectors\\MySqlConnector->connect(Array)
#5 [internal function]: Illuminate\\Database\\Connectors\\ConnectionFactory->Illuminate\\Database\\Connectors\\{closure}()
#6 D:\\SystemsApps\\revboard\\vendor\\laravel\\framework\\src\\Illuminate\\Database\\Connection.php(1339): call_user_func(Object(Closure))
#7 D:\\SystemsApps\\revboard\\vendor\\laravel\\framework\\src\\Illuminate\\Database\\Connection.php(1375): Illuminate\\Database\\Connection->getPdo()
#8 D:\\SystemsApps\\revboard\\vendor\\laravel\\framework\\src\\Illuminate\\Database\\Connection.php(528): Illuminate\\Database\\Connection->getReadPdo()
#9 D:\\SystemsApps\\revboard\\vendor\\laravel\\framework\\src\\Illuminate\\Database\\Connection.php(423): Illuminate\\Database\\Connection->getPdoForSelect(true)
#10 D:\\SystemsApps\\revboard\\vendor\\laravel\\framework\\src\\Illuminate\\Database\\Connection.php(816): Illuminate\\Database\\Connection->Illuminate\\Database\\{closure}('select * from `...', Array)
#11 D:\\SystemsApps\\revboard\\vendor\\laravel\\framework\\src\\Illuminate\\Database\\Connection.php(983): Illuminate\\Database\\Connection->runQueryCallback('select * from `...', Array, Object(Closure))
#12 D:\\SystemsApps\\revboard\\vendor\\laravel\\framework\\src\\Illuminate\\Database\\Connection.php(962): Illuminate\\Database\\Connection->tryAgainIfCausedByLostConnection(Object(Illuminate\\Database\\QueryException), 'select * from `...', Array, Object(Closure))
#13 D:\\SystemsApps\\revboard\\vendor\\laravel\\framework\\src\\Illuminate\\Database\\Connection.php(785): Illuminate\\Database\\Connection->handleQueryException(Object(Illuminate\\Database\\QueryException), 'select * from `...', Array, Object(Closure))
#14 D:\\SystemsApps\\revboard\\vendor\\laravel\\framework\\src\\Illuminate\\Database\\Connection.php(414): Illuminate\\Database\\Connection->run('select * from `...', Array, Object(Closure))
#15 D:\\SystemsApps\\revboard\\vendor\\laravel\\framework\\src\\Illuminate\\Database\\Query\\Builder.php(2871): Illuminate\\Database\\Connection->select('select * from `...', Array, true)
#16 D:\\SystemsApps\\revboard\\vendor\\laravel\\framework\\src\\Illuminate\\Database\\Query\\Builder.php(2860): Illuminate\\Database\\Query\\Builder->runSelect()
#17 D:\\SystemsApps\\revboard\\vendor\\laravel\\framework\\src\\Illuminate\\Database\\Query\\Builder.php(3414): Illuminate\\Database\\Query\\Builder->Illuminate\\Database\\Query\\{closure}()
#18 D:\\SystemsApps\\revboard\\vendor\\laravel\\framework\\src\\Illuminate\\Database\\Query\\Builder.php(2859): Illuminate\\Database\\Query\\Builder->onceWithColumns(Array, Object(Closure))
#19 D:\\SystemsApps\\revboard\\vendor\\laravel\\framework\\src\\Illuminate\\Database\\Eloquent\\Builder.php(739): Illuminate\\Database\\Query\\Builder->get(Array)
#20 D:\\SystemsApps\\revboard\\vendor\\laravel\\framework\\src\\Illuminate\\Database\\Eloquent\\Builder.php(723): Illuminate\\Database\\Eloquent\\Builder->getModels(Array)
#21 D:\\SystemsApps\\revboard\\vendor\\laravel\\framework\\src\\Illuminate\\Database\\Concerns\\BuildsQueries.php(333): Illuminate\\Database\\Eloquent\\Builder->get(Array)
#22 D:\\SystemsApps\\revboard\\vendor\\laravel\\framework\\src\\Illuminate\\Support\\Traits\\ForwardsCalls.php(23): Illuminate\\Database\\Eloquent\\Builder->first()
#23 D:\\SystemsApps\\revboard\\vendor\\laravel\\framework\\src\\Illuminate\\Database\\Eloquent\\Model.php(2334): Illuminate\\Database\\Eloquent\\Model->forwardCallTo(Object(Illuminate\\Database\\Eloquent\\Builder), 'first', Array)
#24 D:\\SystemsApps\\revboard\\vendor\\laravel\\framework\\src\\Illuminate\\Database\\Eloquent\\Model.php(2346): Illuminate\\Database\\Eloquent\\Model->__call('first', Array)
#25 D:\\SystemsApps\\revboard\\app\\Providers\\MailConfigServiceProvider.php(37): Illuminate\\Database\\Eloquent\\Model::__callStatic('first', Array)
#26 D:\\SystemsApps\\revboard\\app\\Providers\\MailConfigServiceProvider.php(20): App\\Providers\\MailConfigServiceProvider::configureMailSettings()
#27 D:\\SystemsApps\\revboard\\vendor\\laravel\\framework\\src\\Illuminate\\Foundation\\Application.php(1077): App\\Providers\\MailConfigServiceProvider->App\\Providers\\{closure}(Object(Illuminate\\Foundation\\Application))
#28 D:\\SystemsApps\\revboard\\vendor\\laravel\\framework\\src\\Illuminate\\Foundation\\Application.php(1020): Illuminate\\Foundation\\Application->fireAppCallbacks(Array)
#29 D:\\SystemsApps\\revboard\\vendor\\laravel\\framework\\src\\Illuminate\\Foundation\\Bootstrap\\BootProviders.php(17): Illuminate\\Foundation\\Application->boot()
#30 D:\\SystemsApps\\revboard\\vendor\\laravel\\framework\\src\\Illuminate\\Foundation\\Application.php(263): Illuminate\\Foundation\\Bootstrap\\BootProviders->bootstrap(Object(Illuminate\\Foundation\\Application))
#31 D:\\SystemsApps\\revboard\\vendor\\laravel\\framework\\src\\Illuminate\\Foundation\\Console\\Kernel.php(447): Illuminate\\Foundation\\Application->bootstrapWith(Array)
#32 D:\\SystemsApps\\revboard\\vendor\\laravel\\framework\\src\\Illuminate\\Foundation\\Console\\Kernel.php(199): Illuminate\\Foundation\\Console\\Kernel->bootstrap()
#33 D:\\SystemsApps\\revboard\\artisan(35): Illuminate\\Foundation\\Console\\Kernel->handle(Object(Symfony\\Component\\Console\\Input\\ArgvInput), Object(Symfony\\Component\\Console\\Output\\ConsoleOutput))
#34 {main}
"} 
[2024-06-01 05:52:29] production.DEBUG: D:\SystemsApps\revboard\public\build/manifest.json  
[2024-06-01 05:52:40] production.DEBUG: D:\SystemsApps\revboard\public\build/manifest.json  
[2024-06-01 06:05:19] production.DEBUG: D:\SystemsApps\revboard\public\build/manifest.json  
[2024-06-01 06:06:54] production.DEBUG: D:\SystemsApps\revboard\public\build/manifest.json  
[2024-06-01 06:06:58] production.DEBUG: D:\SystemsApps\revboard\public\build/manifest.json  
[2024-06-01 06:08:18] production.ERROR: DOMDocument::loadHTML(): Argument #1 ($source) must not be empty {"exception":"[object] (ValueError(code: 0): DOMDocument::loadHTML(): Argument #1 ($source) must not be empty at D:\\SystemsApps\\revboard\\vendor\\tijsverkoyen\\css-to-inline-styles\\src\\CssToInlineStyles.php:116)
[stacktrace]
#0 D:\\SystemsApps\\revboard\\vendor\\tijsverkoyen\\css-to-inline-styles\\src\\CssToInlineStyles.php(116): DOMDocument->loadHTML('')
#1 D:\\SystemsApps\\revboard\\vendor\\tijsverkoyen\\css-to-inline-styles\\src\\CssToInlineStyles.php(36): TijsVerkoyen\\CssToInlineStyles\\CssToInlineStyles->createDomDocumentFromHtml('')
#2 D:\\SystemsApps\\revboard\\vendor\\laravel\\framework\\src\\Illuminate\\Mail\\Markdown.php(75): TijsVerkoyen\\CssToInlineStyles\\CssToInlineStyles->convert('', '/* Base */\\n\\nbod...')
#3 D:\\SystemsApps\\revboard\\vendor\\laravel\\framework\\src\\Illuminate\\Notifications\\Channels\\MailChannel.php(114): Illuminate\\Mail\\Markdown->render('notifications::...', Array)
#4 D:\\SystemsApps\\revboard\\vendor\\laravel\\framework\\src\\Illuminate\\Collections\\helpers.php(224): Illuminate\\Notifications\\Channels\\MailChannel->Illuminate\\Notifications\\Channels\\{closure}(Array)
#5 D:\\SystemsApps\\revboard\\vendor\\laravel\\framework\\src\\Illuminate\\Mail\\Mailer.php(429): value(Object(Closure), Array)
#6 D:\\SystemsApps\\revboard\\vendor\\laravel\\framework\\src\\Illuminate\\Mail\\Mailer.php(408): Illuminate\\Mail\\Mailer->renderView(Object(Closure), Array)
#7 D:\\SystemsApps\\revboard\\vendor\\laravel\\framework\\src\\Illuminate\\Mail\\Mailer.php(320): Illuminate\\Mail\\Mailer->addContent(Object(Illuminate\\Mail\\Message), Object(Closure), Object(Closure), NULL, Array)
#8 D:\\SystemsApps\\revboard\\vendor\\laravel\\framework\\src\\Illuminate\\Notifications\\Channels\\MailChannel.php(66): Illuminate\\Mail\\Mailer->send(Object(Closure), Array, Object(Closure))
#9 D:\\SystemsApps\\revboard\\vendor\\laravel\\framework\\src\\Illuminate\\Notifications\\NotificationSender.php(148): Illuminate\\Notifications\\Channels\\MailChannel->send(Object(App\\Models\\User), Object(App\\Notifications\\BoardNewMemberNotification))
#10 D:\\SystemsApps\\revboard\\vendor\\laravel\\framework\\src\\Illuminate\\Notifications\\NotificationSender.php(106): Illuminate\\Notifications\\NotificationSender->sendToNotifiable(Object(App\\Models\\User), 'ffb40388-9391-4...', Object(App\\Notifications\\BoardNewMemberNotification), 'mail')
#11 D:\\SystemsApps\\revboard\\vendor\\laravel\\framework\\src\\Illuminate\\Support\\Traits\\Localizable.php(19): Illuminate\\Notifications\\NotificationSender->Illuminate\\Notifications\\{closure}()
#12 D:\\SystemsApps\\revboard\\vendor\\laravel\\framework\\src\\Illuminate\\Notifications\\NotificationSender.php(101): Illuminate\\Notifications\\NotificationSender->withLocale(NULL, Object(Closure))
#13 D:\\SystemsApps\\revboard\\vendor\\laravel\\framework\\src\\Illuminate\\Notifications\\ChannelManager.php(54): Illuminate\\Notifications\\NotificationSender->sendNow(Object(Illuminate\\Database\\Eloquent\\Collection), Object(App\\Notifications\\BoardNewMemberNotification), Array)
#14 D:\\SystemsApps\\revboard\\vendor\\laravel\\framework\\src\\Illuminate\\Notifications\\SendQueuedNotifications.php(119): Illuminate\\Notifications\\ChannelManager->sendNow(Object(Illuminate\\Database\\Eloquent\\Collection), Object(App\\Notifications\\BoardNewMemberNotification), Array)
#15 D:\\SystemsApps\\revboard\\vendor\\laravel\\framework\\src\\Illuminate\\Container\\BoundMethod.php(36): Illuminate\\Notifications\\SendQueuedNotifications->handle(Object(Illuminate\\Notifications\\ChannelManager))
#16 D:\\SystemsApps\\revboard\\vendor\\laravel\\framework\\src\\Illuminate\\Container\\Util.php(41): Illuminate\\Container\\BoundMethod::Illuminate\\Container\\{closure}()
#17 D:\\SystemsApps\\revboard\\vendor\\laravel\\framework\\src\\Illuminate\\Container\\BoundMethod.php(93): Illuminate\\Container\\Util::unwrapIfClosure(Object(Closure))
#18 D:\\SystemsApps\\revboard\\vendor\\laravel\\framework\\src\\Illuminate\\Container\\BoundMethod.php(35): Illuminate\\Container\\BoundMethod::callBoundMethod(Object(Illuminate\\Foundation\\Application), Array, Object(Closure))
#19 D:\\SystemsApps\\revboard\\vendor\\laravel\\framework\\src\\Illuminate\\Container\\Container.php(662): Illuminate\\Container\\BoundMethod::call(Object(Illuminate\\Foundation\\Application), Array, Array, NULL)
#20 D:\\SystemsApps\\revboard\\vendor\\laravel\\framework\\src\\Illuminate\\Bus\\Dispatcher.php(128): Illuminate\\Container\\Container->call(Array)
#21 D:\\SystemsApps\\revboard\\vendor\\laravel\\framework\\src\\Illuminate\\Pipeline\\Pipeline.php(144): Illuminate\\Bus\\Dispatcher->Illuminate\\Bus\\{closure}(Object(Illuminate\\Notifications\\SendQueuedNotifications))
#22 D:\\SystemsApps\\revboard\\vendor\\laravel\\framework\\src\\Illuminate\\Pipeline\\Pipeline.php(119): Illuminate\\Pipeline\\Pipeline->Illuminate\\Pipeline\\{closure}(Object(Illuminate\\Notifications\\SendQueuedNotifications))
#23 D:\\SystemsApps\\revboard\\vendor\\laravel\\framework\\src\\Illuminate\\Bus\\Dispatcher.php(132): Illuminate\\Pipeline\\Pipeline->then(Object(Closure))
#24 D:\\SystemsApps\\revboard\\vendor\\laravel\\framework\\src\\Illuminate\\Queue\\CallQueuedHandler.php(123): Illuminate\\Bus\\Dispatcher->dispatchNow(Object(Illuminate\\Notifications\\SendQueuedNotifications), false)
#25 D:\\SystemsApps\\revboard\\vendor\\laravel\\framework\\src\\Illuminate\\Pipeline\\Pipeline.php(144): Illuminate\\Queue\\CallQueuedHandler->Illuminate\\Queue\\{closure}(Object(Illuminate\\Notifications\\SendQueuedNotifications))
#26 D:\\SystemsApps\\revboard\\vendor\\laravel\\framework\\src\\Illuminate\\Pipeline\\Pipeline.php(119): Illuminate\\Pipeline\\Pipeline->Illuminate\\Pipeline\\{closure}(Object(Illuminate\\Notifications\\SendQueuedNotifications))
#27 D:\\SystemsApps\\revboard\\vendor\\laravel\\framework\\src\\Illuminate\\Queue\\CallQueuedHandler.php(122): Illuminate\\Pipeline\\Pipeline->then(Object(Closure))
#28 D:\\SystemsApps\\revboard\\vendor\\laravel\\framework\\src\\Illuminate\\Queue\\CallQueuedHandler.php(70): Illuminate\\Queue\\CallQueuedHandler->dispatchThroughMiddleware(Object(Illuminate\\Queue\\Jobs\\DatabaseJob), Object(Illuminate\\Notifications\\SendQueuedNotifications))
#29 D:\\SystemsApps\\revboard\\vendor\\laravel\\framework\\src\\Illuminate\\Queue\\Jobs\\Job.php(102): Illuminate\\Queue\\CallQueuedHandler->call(Object(Illuminate\\Queue\\Jobs\\DatabaseJob), Array)
#30 D:\\SystemsApps\\revboard\\vendor\\laravel\\framework\\src\\Illuminate\\Queue\\Worker.php(439): Illuminate\\Queue\\Jobs\\Job->fire()
#31 D:\\SystemsApps\\revboard\\vendor\\laravel\\framework\\src\\Illuminate\\Queue\\Worker.php(389): Illuminate\\Queue\\Worker->process('database', Object(Illuminate\\Queue\\Jobs\\DatabaseJob), Object(Illuminate\\Queue\\WorkerOptions))
#32 D:\\SystemsApps\\revboard\\vendor\\laravel\\framework\\src\\Illuminate\\Queue\\Worker.php(176): Illuminate\\Queue\\Worker->runJob(Object(Illuminate\\Queue\\Jobs\\DatabaseJob), 'database', Object(Illuminate\\Queue\\WorkerOptions))
#33 D:\\SystemsApps\\revboard\\vendor\\laravel\\framework\\src\\Illuminate\\Queue\\Console\\WorkCommand.php(137): Illuminate\\Queue\\Worker->daemon('database', 'default', Object(Illuminate\\Queue\\WorkerOptions))
#34 D:\\SystemsApps\\revboard\\vendor\\laravel\\framework\\src\\Illuminate\\Queue\\Console\\WorkCommand.php(120): Illuminate\\Queue\\Console\\WorkCommand->runWorker('database', 'default')
#35 D:\\SystemsApps\\revboard\\vendor\\laravel\\framework\\src\\Illuminate\\Container\\BoundMethod.php(36): Illuminate\\Queue\\Console\\WorkCommand->handle()
#36 D:\\SystemsApps\\revboard\\vendor\\laravel\\framework\\src\\Illuminate\\Container\\Util.php(41): Illuminate\\Container\\BoundMethod::Illuminate\\Container\\{closure}()
#37 D:\\SystemsApps\\revboard\\vendor\\laravel\\framework\\src\\Illuminate\\Container\\BoundMethod.php(93): Illuminate\\Container\\Util::unwrapIfClosure(Object(Closure))
#38 D:\\SystemsApps\\revboard\\vendor\\laravel\\framework\\src\\Illuminate\\Container\\BoundMethod.php(35): Illuminate\\Container\\BoundMethod::callBoundMethod(Object(Illuminate\\Foundation\\Application), Array, Object(Closure))
#39 D:\\SystemsApps\\revboard\\vendor\\laravel\\framework\\src\\Illuminate\\Container\\Container.php(662): Illuminate\\Container\\BoundMethod::call(Object(Illuminate\\Foundation\\Application), Array, Array, NULL)
#40 D:\\SystemsApps\\revboard\\vendor\\laravel\\framework\\src\\Illuminate\\Console\\Command.php(211): Illuminate\\Container\\Container->call(Array)
#41 D:\\SystemsApps\\revboard\\vendor\\symfony\\console\\Command\\Command.php(326): Illuminate\\Console\\Command->execute(Object(Symfony\\Component\\Console\\Input\\ArgvInput), Object(Illuminate\\Console\\OutputStyle))
#42 D:\\SystemsApps\\revboard\\vendor\\laravel\\framework\\src\\Illuminate\\Console\\Command.php(180): Symfony\\Component\\Console\\Command\\Command->run(Object(Symfony\\Component\\Console\\Input\\ArgvInput), Object(Illuminate\\Console\\OutputStyle))
#43 D:\\SystemsApps\\revboard\\vendor\\symfony\\console\\Application.php(1096): Illuminate\\Console\\Command->run(Object(Symfony\\Component\\Console\\Input\\ArgvInput), Object(Symfony\\Component\\Console\\Output\\ConsoleOutput))
#44 D:\\SystemsApps\\revboard\\vendor\\symfony\\console\\Application.php(324): Symfony\\Component\\Console\\Application->doRunCommand(Object(Illuminate\\Queue\\Console\\WorkCommand), Object(Symfony\\Component\\Console\\Input\\ArgvInput), Object(Symfony\\Component\\Console\\Output\\ConsoleOutput))
#45 D:\\SystemsApps\\revboard\\vendor\\symfony\\console\\Application.php(175): Symfony\\Component\\Console\\Application->doRun(Object(Symfony\\Component\\Console\\Input\\ArgvInput), Object(Symfony\\Component\\Console\\Output\\ConsoleOutput))
#46 D:\\SystemsApps\\revboard\\vendor\\laravel\\framework\\src\\Illuminate\\Foundation\\Console\\Kernel.php(201): Symfony\\Component\\Console\\Application->run(Object(Symfony\\Component\\Console\\Input\\ArgvInput), Object(Symfony\\Component\\Console\\Output\\ConsoleOutput))
#47 D:\\SystemsApps\\revboard\\artisan(35): Illuminate\\Foundation\\Console\\Kernel->handle(Object(Symfony\\Component\\Console\\Input\\ArgvInput), Object(Symfony\\Component\\Console\\Output\\ConsoleOutput))
#48 {main}
"} 
[2024-06-01 06:16:21] production.DEBUG: D:\SystemsApps\revboard\public\build/manifest.json  
[2024-06-01 06:16:23] production.DEBUG: D:\SystemsApps\revboard\public\build/manifest.json  
[2024-06-01 06:23:04] production.DEBUG: D:\SystemsApps\revboard\public\build/manifest.json  
[2024-06-01 06:48:01] production.DEBUG: D:\SystemsApps\revboard\public\build/manifest.json  
[2024-06-01 06:48:05] production.DEBUG: D:\SystemsApps\revboard\public\build/manifest.json  
[2024-06-01 06:48:08] production.DEBUG: D:\SystemsApps\revboard\public\build/manifest.json  
[2024-06-01 06:48:12] production.DEBUG: D:\SystemsApps\revboard\public\build/manifest.json  
[2024-06-01 06:48:14] production.DEBUG: D:\SystemsApps\revboard\public\build/manifest.json  
[2024-06-01 06:48:46] production.DEBUG: D:\SystemsApps\revboard\public\build/manifest.json  
[2024-06-01 06:48:50] production.DEBUG: D:\SystemsApps\revboard\public\build/manifest.json  
[2024-06-01 07:34:24] production.DEBUG: D:\SystemsApps\revboard\public\build/manifest.json  
[2024-06-01 07:34:26] production.DEBUG: D:\SystemsApps\revboard\public\build/manifest.json  
[2024-06-01 07:35:02] production.DEBUG: D:\SystemsApps\revboard\public\build/manifest.json  
[2024-06-01 07:35:05] production.DEBUG: D:\SystemsApps\revboard\public\build/manifest.json  
[2024-06-01 07:51:11] production.DEBUG: D:\SystemsApps\revboard\public\build/manifest.json  
[2024-06-01 07:51:14] production.DEBUG: D:\SystemsApps\revboard\public\build/manifest.json  
[2024-06-01 07:55:00] production.DEBUG: D:\SystemsApps\revboard\public\build/manifest.json  
[2024-06-01 07:55:02] production.DEBUG: D:\SystemsApps\revboard\public\build/manifest.json  
[2024-06-01 07:56:46] production.DEBUG: D:\SystemsApps\revboard\public\build/manifest.json  
[2024-06-01 07:56:49] production.DEBUG: D:\SystemsApps\revboard\public\build/manifest.json  
[2024-06-01 07:59:17] production.DEBUG: D:\SystemsApps\revboard\public\build/manifest.json  
[2024-06-01 07:59:22] production.DEBUG: D:\SystemsApps\revboard\public\build/manifest.json  
[2024-06-01 08:02:32] production.DEBUG: D:\SystemsApps\revboard\public\build/manifest.json  
[2024-06-01 08:02:35] production.DEBUG: D:\SystemsApps\revboard\public\build/manifest.json  
[2024-06-01 08:05:24] production.DEBUG: D:\SystemsApps\revboard\public\build/manifest.json  
[2024-06-01 08:05:26] production.DEBUG: D:\SystemsApps\revboard\public\build/manifest.json  
[2024-06-01 08:06:53] production.DEBUG: D:\SystemsApps\revboard\public\build/manifest.json  
[2024-06-01 08:06:54] production.DEBUG: D:\SystemsApps\revboard\public\build/manifest.json  
[2024-06-01 08:33:15] production.DEBUG: D:\SystemsApps\revboard\public\build/manifest.json  
[2024-06-01 08:33:17] production.DEBUG: D:\SystemsApps\revboard\public\build/manifest.json  
[2024-06-01 08:37:10] production.DEBUG: D:\SystemsApps\revboard\public\build/manifest.json  
[2024-06-01 08:37:16] production.DEBUG: D:\SystemsApps\revboard\public\build/manifest.json  
[2024-06-01 08:45:51] production.DEBUG: D:\SystemsApps\revboard\public\build/manifest.json  
[2024-06-01 08:45:54] production.DEBUG: D:\SystemsApps\revboard\public\build/manifest.json  
[2024-06-01 08:52:53] production.DEBUG: D:\SystemsApps\revboard\public\build/manifest.json  
[2024-06-01 08:52:57] production.DEBUG: D:\SystemsApps\revboard\public\build/manifest.json  
[2024-06-01 08:54:43] production.DEBUG: D:\SystemsApps\revboard\public\build/manifest.json  
[2024-06-01 08:54:45] production.DEBUG: D:\SystemsApps\revboard\public\build/manifest.json  
[2024-06-01 08:57:42] production.DEBUG: D:\SystemsApps\revboard\public\build/manifest.json  
[2024-06-01 08:57:44] production.DEBUG: D:\SystemsApps\revboard\public\build/manifest.json  
[2024-06-01 08:59:15] production.DEBUG: D:\SystemsApps\revboard\public\build/manifest.json  
[2024-06-01 08:59:17] production.DEBUG: D:\SystemsApps\revboard\public\build/manifest.json  
[2024-06-01 09:01:02] production.DEBUG: D:\SystemsApps\revboard\public\build/manifest.json  
[2024-06-01 09:01:04] production.DEBUG: D:\SystemsApps\revboard\public\build/manifest.json  
[2024-06-01 09:03:01] production.DEBUG: D:\SystemsApps\revboard\public\build/manifest.json  
[2024-06-01 09:03:02] production.DEBUG: D:\SystemsApps\revboard\public\build/manifest.json  
[2024-06-01 09:05:15] production.DEBUG: D:\SystemsApps\revboard\public\build/manifest.json  
[2024-06-01 09:05:18] production.DEBUG: D:\SystemsApps\revboard\public\build/manifest.json  
[2024-06-01 09:07:30] production.DEBUG: D:\SystemsApps\revboard\public\build/manifest.json  
[2024-06-01 09:07:32] production.DEBUG: D:\SystemsApps\revboard\public\build/manifest.json  
[2024-06-01 09:10:36] production.DEBUG: D:\SystemsApps\revboard\public\build/manifest.json  
[2024-06-01 09:10:39] production.DEBUG: D:\SystemsApps\revboard\public\build/manifest.json  
[2024-06-01 09:16:08] production.DEBUG: D:\SystemsApps\revboard\public\build/manifest.json  
[2024-06-01 09:16:10] production.DEBUG: D:\SystemsApps\revboard\public\build/manifest.json  
[2024-06-01 09:16:23] production.DEBUG: D:\SystemsApps\revboard\public\build/manifest.json  
[2024-06-01 09:16:26] production.DEBUG: D:\SystemsApps\revboard\public\build/manifest.json  
[2024-06-01 09:20:54] production.DEBUG: D:\SystemsApps\revboard\public\build/manifest.json  
[2024-06-01 09:20:56] production.DEBUG: D:\SystemsApps\revboard\public\build/manifest.json  
[2024-06-01 09:21:31] production.DEBUG: D:\SystemsApps\revboard\public\build/manifest.json  
[2024-06-01 09:21:33] production.DEBUG: D:\SystemsApps\revboard\public\build/manifest.json  
[2024-06-01 09:22:37] production.DEBUG: D:\SystemsApps\revboard\public\build/manifest.json  
[2024-06-01 09:22:40] production.DEBUG: D:\SystemsApps\revboard\public\build/manifest.json  
[2024-06-01 09:25:57] production.DEBUG: D:\SystemsApps\revboard\public\build/manifest.json  
[2024-06-01 09:25:59] production.DEBUG: D:\SystemsApps\revboard\public\build/manifest.json  
[2024-06-01 09:28:54] production.DEBUG: D:\SystemsApps\revboard\public\build/manifest.json  
[2024-06-01 09:28:56] production.DEBUG: D:\SystemsApps\revboard\public\build/manifest.json  
[2024-06-01 09:30:36] production.DEBUG: D:\SystemsApps\revboard\public\build/manifest.json  
[2024-06-01 09:30:39] production.DEBUG: D:\SystemsApps\revboard\public\build/manifest.json  
[2024-06-01 11:55:35] production.DEBUG: D:\SystemsApps\revboard\public\build/manifest.json  
[2024-06-01 11:55:38] production.DEBUG: D:\SystemsApps\revboard\public\build/manifest.json  
[2024-06-01 20:37:53] production.ERROR: The "--columns" option does not exist. {"exception":"[object] (Symfony\\Component\\Console\\Exception\\RuntimeException(code: 0): The \"--columns\" option does not exist. at D:\\SystemsApps\\revboard\\vendor\\symfony\\console\\Input\\ArgvInput.php:223)
[stacktrace]
#0 D:\\SystemsApps\\revboard\\vendor\\symfony\\console\\Input\\ArgvInput.php(150): Symfony\\Component\\Console\\Input\\ArgvInput->addLongOption('columns', 'uri,name,action...')
#1 D:\\SystemsApps\\revboard\\vendor\\symfony\\console\\Input\\ArgvInput.php(85): Symfony\\Component\\Console\\Input\\ArgvInput->parseLongOption('--columns=uri,n...')
#2 D:\\SystemsApps\\revboard\\vendor\\symfony\\console\\Input\\ArgvInput.php(74): Symfony\\Component\\Console\\Input\\ArgvInput->parseToken('--columns=uri,n...', true)
#3 D:\\SystemsApps\\revboard\\vendor\\symfony\\console\\Input\\Input.php(56): Symfony\\Component\\Console\\Input\\ArgvInput->parse()
#4 D:\\SystemsApps\\revboard\\vendor\\symfony\\console\\Command\\Command.php(285): Symfony\\Component\\Console\\Input\\Input->bind(Object(Symfony\\Component\\Console\\Input\\InputDefinition))
#5 D:\\SystemsApps\\revboard\\vendor\\laravel\\framework\\src\\Illuminate\\Console\\Command.php(180): Symfony\\Component\\Console\\Command\\Command->run(Object(Symfony\\Component\\Console\\Input\\ArgvInput), Object(Illuminate\\Console\\OutputStyle))
#6 D:\\SystemsApps\\revboard\\vendor\\symfony\\console\\Application.php(1096): Illuminate\\Console\\Command->run(Object(Symfony\\Component\\Console\\Input\\ArgvInput), Object(Symfony\\Component\\Console\\Output\\ConsoleOutput))
#7 D:\\SystemsApps\\revboard\\vendor\\symfony\\console\\Application.php(324): Symfony\\Component\\Console\\Application->doRunCommand(Object(Illuminate\\Foundation\\Console\\RouteListCommand), Object(Symfony\\Component\\Console\\Input\\ArgvInput), Object(Symfony\\Component\\Console\\Output\\ConsoleOutput))
#8 D:\\SystemsApps\\revboard\\vendor\\symfony\\console\\Application.php(175): Symfony\\Component\\Console\\Application->doRun(Object(Symfony\\Component\\Console\\Input\\ArgvInput), Object(Symfony\\Component\\Console\\Output\\ConsoleOutput))
#9 D:\\SystemsApps\\revboard\\vendor\\laravel\\framework\\src\\Illuminate\\Foundation\\Console\\Kernel.php(201): Symfony\\Component\\Console\\Application->run(Object(Symfony\\Component\\Console\\Input\\ArgvInput), Object(Symfony\\Component\\Console\\Output\\ConsoleOutput))
#10 D:\\SystemsApps\\revboard\\artisan(35): Illuminate\\Foundation\\Console\\Kernel->handle(Object(Symfony\\Component\\Console\\Input\\ArgvInput), Object(Symfony\\Component\\Console\\Output\\ConsoleOutput))
#11 {main}
"} 
[2024-06-01 20:37:59] production.ERROR: The "--columns" option does not exist. {"exception":"[object] (Symfony\\Component\\Console\\Exception\\RuntimeException(code: 0): The \"--columns\" option does not exist. at D:\\SystemsApps\\revboard\\vendor\\symfony\\console\\Input\\ArgvInput.php:223)
[stacktrace]
#0 D:\\SystemsApps\\revboard\\vendor\\symfony\\console\\Input\\ArgvInput.php(150): Symfony\\Component\\Console\\Input\\ArgvInput->addLongOption('columns', 'uri,name,action...')
#1 D:\\SystemsApps\\revboard\\vendor\\symfony\\console\\Input\\ArgvInput.php(85): Symfony\\Component\\Console\\Input\\ArgvInput->parseLongOption('--columns=uri,n...')
#2 D:\\SystemsApps\\revboard\\vendor\\symfony\\console\\Input\\ArgvInput.php(74): Symfony\\Component\\Console\\Input\\ArgvInput->parseToken('--columns=uri,n...', true)
#3 D:\\SystemsApps\\revboard\\vendor\\symfony\\console\\Input\\Input.php(56): Symfony\\Component\\Console\\Input\\ArgvInput->parse()
#4 D:\\SystemsApps\\revboard\\vendor\\symfony\\console\\Command\\Command.php(285): Symfony\\Component\\Console\\Input\\Input->bind(Object(Symfony\\Component\\Console\\Input\\InputDefinition))
#5 D:\\SystemsApps\\revboard\\vendor\\laravel\\framework\\src\\Illuminate\\Console\\Command.php(180): Symfony\\Component\\Console\\Command\\Command->run(Object(Symfony\\Component\\Console\\Input\\ArgvInput), Object(Illuminate\\Console\\OutputStyle))
#6 D:\\SystemsApps\\revboard\\vendor\\symfony\\console\\Application.php(1096): Illuminate\\Console\\Command->run(Object(Symfony\\Component\\Console\\Input\\ArgvInput), Object(Symfony\\Component\\Console\\Output\\ConsoleOutput))
#7 D:\\SystemsApps\\revboard\\vendor\\symfony\\console\\Application.php(324): Symfony\\Component\\Console\\Application->doRunCommand(Object(Illuminate\\Foundation\\Console\\RouteListCommand), Object(Symfony\\Component\\Console\\Input\\ArgvInput), Object(Symfony\\Component\\Console\\Output\\ConsoleOutput))
#8 D:\\SystemsApps\\revboard\\vendor\\symfony\\console\\Application.php(175): Symfony\\Component\\Console\\Application->doRun(Object(Symfony\\Component\\Console\\Input\\ArgvInput), Object(Symfony\\Component\\Console\\Output\\ConsoleOutput))
#9 D:\\SystemsApps\\revboard\\vendor\\laravel\\framework\\src\\Illuminate\\Foundation\\Console\\Kernel.php(201): Symfony\\Component\\Console\\Application->run(Object(Symfony\\Component\\Console\\Input\\ArgvInput), Object(Symfony\\Component\\Console\\Output\\ConsoleOutput))
#10 D:\\SystemsApps\\revboard\\artisan(35): Illuminate\\Foundation\\Console\\Kernel->handle(Object(Symfony\\Component\\Console\\Input\\ArgvInput), Object(Symfony\\Component\\Console\\Output\\ConsoleOutput))
#11 {main}
"} 
[2024-06-01 20:38:02] production.ERROR: The "--columns" option does not exist. {"exception":"[object] (Symfony\\Component\\Console\\Exception\\RuntimeException(code: 0): The \"--columns\" option does not exist. at D:\\SystemsApps\\revboard\\vendor\\symfony\\console\\Input\\ArgvInput.php:223)
[stacktrace]
#0 D:\\SystemsApps\\revboard\\vendor\\symfony\\console\\Input\\ArgvInput.php(150): Symfony\\Component\\Console\\Input\\ArgvInput->addLongOption('columns', 'uri,name,action...')
#1 D:\\SystemsApps\\revboard\\vendor\\symfony\\console\\Input\\ArgvInput.php(85): Symfony\\Component\\Console\\Input\\ArgvInput->parseLongOption('--columns=uri,n...')
#2 D:\\SystemsApps\\revboard\\vendor\\symfony\\console\\Input\\ArgvInput.php(74): Symfony\\Component\\Console\\Input\\ArgvInput->parseToken('--columns=uri,n...', true)
#3 D:\\SystemsApps\\revboard\\vendor\\symfony\\console\\Input\\Input.php(56): Symfony\\Component\\Console\\Input\\ArgvInput->parse()
#4 D:\\SystemsApps\\revboard\\vendor\\symfony\\console\\Command\\Command.php(285): Symfony\\Component\\Console\\Input\\Input->bind(Object(Symfony\\Component\\Console\\Input\\InputDefinition))
#5 D:\\SystemsApps\\revboard\\vendor\\laravel\\framework\\src\\Illuminate\\Console\\Command.php(180): Symfony\\Component\\Console\\Command\\Command->run(Object(Symfony\\Component\\Console\\Input\\ArgvInput), Object(Illuminate\\Console\\OutputStyle))
#6 D:\\SystemsApps\\revboard\\vendor\\symfony\\console\\Application.php(1096): Illuminate\\Console\\Command->run(Object(Symfony\\Component\\Console\\Input\\ArgvInput), Object(Symfony\\Component\\Console\\Output\\ConsoleOutput))
#7 D:\\SystemsApps\\revboard\\vendor\\symfony\\console\\Application.php(324): Symfony\\Component\\Console\\Application->doRunCommand(Object(Illuminate\\Foundation\\Console\\RouteListCommand), Object(Symfony\\Component\\Console\\Input\\ArgvInput), Object(Symfony\\Component\\Console\\Output\\ConsoleOutput))
#8 D:\\SystemsApps\\revboard\\vendor\\symfony\\console\\Application.php(175): Symfony\\Component\\Console\\Application->doRun(Object(Symfony\\Component\\Console\\Input\\ArgvInput), Object(Symfony\\Component\\Console\\Output\\ConsoleOutput))
#9 D:\\SystemsApps\\revboard\\vendor\\laravel\\framework\\src\\Illuminate\\Foundation\\Console\\Kernel.php(201): Symfony\\Component\\Console\\Application->run(Object(Symfony\\Component\\Console\\Input\\ArgvInput), Object(Symfony\\Component\\Console\\Output\\ConsoleOutput))
#10 D:\\SystemsApps\\revboard\\artisan(35): Illuminate\\Foundation\\Console\\Kernel->handle(Object(Symfony\\Component\\Console\\Input\\ArgvInput), Object(Symfony\\Component\\Console\\Output\\ConsoleOutput))
#11 {main}
"} 
[2024-06-01 20:48:42] production.DEBUG: D:\SystemsApps\revboard\public\build/manifest.json  
[2024-06-01 20:49:05] production.DEBUG: D:\SystemsApps\revboard\public\build/manifest.json  
[2024-06-01 21:12:13] production.DEBUG: D:\SystemsApps\revboard\public\build/manifest.json  
[2024-06-01 21:12:17] production.DEBUG: D:\SystemsApps\revboard\public\build/manifest.json  
[2024-06-01 21:13:16] production.DEBUG: D:\SystemsApps\revboard\public\build/manifest.json  
[2024-06-01 21:13:18] production.DEBUG: D:\SystemsApps\revboard\public\build/manifest.json  
[2024-06-01 21:43:23] production.DEBUG: D:\SystemsApps\revboard\public\build/manifest.json  
[2024-06-01 21:43:27] production.DEBUG: D:\SystemsApps\revboard\public\build/manifest.json  
[2024-06-01 21:43:32] production.DEBUG: D:\SystemsApps\revboard\public\build/manifest.json  
[2024-06-01 21:43:34] production.DEBUG: D:\SystemsApps\revboard\public\build/manifest.json  
[2024-06-01 21:43:35] production.DEBUG: D:\SystemsApps\revboard\public\build/manifest.json  
[2024-06-01 21:43:37] production.DEBUG: D:\SystemsApps\revboard\public\build/manifest.json  
[2024-06-01 21:43:47] production.DEBUG: D:\SystemsApps\revboard\public\build/manifest.json  
[2024-06-01 21:43:49] production.DEBUG: D:\SystemsApps\revboard\public\build/manifest.json  
[2024-06-01 21:43:50] production.DEBUG: D:\SystemsApps\revboard\public\build/manifest.json  
[2024-06-01 21:43:52] production.DEBUG: D:\SystemsApps\revboard\public\build/manifest.json  
[2024-06-01 21:43:55] production.DEBUG: D:\SystemsApps\revboard\public\build/manifest.json  
[2024-06-01 21:43:56] production.DEBUG: D:\SystemsApps\revboard\public\build/manifest.json  
[2024-06-01 21:43:59] production.DEBUG: D:\SystemsApps\revboard\public\build/manifest.json  
[2024-06-01 21:44:01] production.DEBUG: D:\SystemsApps\revboard\public\build/manifest.json  
[2024-06-01 21:44:03] production.DEBUG: D:\SystemsApps\revboard\public\build/manifest.json  
[2024-06-01 21:44:05] production.DEBUG: D:\SystemsApps\revboard\public\build/manifest.json  
[2024-06-01 21:44:06] production.DEBUG: D:\SystemsApps\revboard\public\build/manifest.json  
[2024-06-01 21:44:18] production.DEBUG: D:\SystemsApps\revboard\public\build/manifest.json  
[2024-06-01 21:44:22] production.DEBUG: D:\SystemsApps\revboard\public\build/manifest.json  
[2024-06-01 21:44:25] production.DEBUG: D:\SystemsApps\revboard\public\build/manifest.json  
[2024-06-01 21:46:23] production.DEBUG: D:\SystemsApps\revboard\public\build/manifest.json  
[2024-06-01 21:46:24] production.DEBUG: D:\SystemsApps\revboard\public\build/manifest.json  
[2024-06-01 21:47:45] production.DEBUG: D:\SystemsApps\revboard\public\build/manifest.json  
[2024-06-01 21:47:46] production.DEBUG: D:\SystemsApps\revboard\public\build/manifest.json  
[2024-06-01 21:49:23] production.DEBUG: D:\SystemsApps\revboard\public\build/manifest.json  
[2024-06-01 21:49:27] production.DEBUG: D:\SystemsApps\revboard\public\build/manifest.json  
[2024-06-01 21:51:27] production.DEBUG: D:\SystemsApps\revboard\public\build/manifest.json  
[2024-06-01 21:51:28] production.DEBUG: D:\SystemsApps\revboard\public\build/manifest.json  
[2024-06-01 22:07:26] production.DEBUG: D:\SystemsApps\revboard\public\build/manifest.json  
[2024-06-01 22:07:30] production.DEBUG: D:\SystemsApps\revboard\public\build/manifest.json  
[2024-06-01 22:18:11] production.DEBUG: D:\SystemsApps\revboard\public\build/manifest.json  
[2024-06-01 22:18:16] production.DEBUG: D:\SystemsApps\revboard\public\build/manifest.json  
[2024-06-01 23:29:27] production.ERROR: syntax error, unexpected variable "$tempMemberRole", expecting ")" {"exception":"[object] (ParseError(code: 0): syntax error, unexpected variable \"$tempMemberRole\", expecting \")\" at D:\\SystemsApps\\revboard\\app\\Observers\\BoardObserver.php:81)
[stacktrace]
#0 D:\\SystemsApps\\revboard\\vendor\\composer\\ClassLoader.php(427): Composer\\Autoload\\{closure}('D:\\\\SystemsApps\\\\...')
#1 [internal function]: Composer\\Autoload\\ClassLoader->loadClass('App\\\\Observers\\\\B...')
#2 D:\\SystemsApps\\revboard\\vendor\\laravel\\framework\\src\\Illuminate\\Database\\Eloquent\\Concerns\\HasEvents.php(110): class_exists('App\\\\Observers\\\\B...')
#3 D:\\SystemsApps\\revboard\\vendor\\laravel\\framework\\src\\Illuminate\\Database\\Eloquent\\Concerns\\HasEvents.php(84): Illuminate\\Database\\Eloquent\\Model->resolveObserverClassName('App\\\\Observers\\\\B...')
#4 D:\\SystemsApps\\revboard\\vendor\\laravel\\framework\\src\\Illuminate\\Database\\Eloquent\\Concerns\\HasEvents.php(70): Illuminate\\Database\\Eloquent\\Model->registerObserver('App\\\\Observers\\\\B...')
#5 D:\\SystemsApps\\revboard\\app\\Providers\\AppServiceProvider.php(184): Illuminate\\Database\\Eloquent\\Model::observe('App\\\\Observers\\\\B...')
#6 D:\\SystemsApps\\revboard\\vendor\\laravel\\framework\\src\\Illuminate\\Container\\BoundMethod.php(36): App\\Providers\\AppServiceProvider->boot()
#7 D:\\SystemsApps\\revboard\\vendor\\laravel\\framework\\src\\Illuminate\\Container\\Util.php(41): Illuminate\\Container\\BoundMethod::Illuminate\\Container\\{closure}()
#8 D:\\SystemsApps\\revboard\\vendor\\laravel\\framework\\src\\Illuminate\\Container\\BoundMethod.php(93): Illuminate\\Container\\Util::unwrapIfClosure(Object(Closure))
#9 D:\\SystemsApps\\revboard\\vendor\\laravel\\framework\\src\\Illuminate\\Container\\BoundMethod.php(35): Illuminate\\Container\\BoundMethod::callBoundMethod(Object(Illuminate\\Foundation\\Application), Array, Object(Closure))
#10 D:\\SystemsApps\\revboard\\vendor\\laravel\\framework\\src\\Illuminate\\Container\\Container.php(662): Illuminate\\Container\\BoundMethod::call(Object(Illuminate\\Foundation\\Application), Array, Array, NULL)
#11 D:\\SystemsApps\\revboard\\vendor\\laravel\\framework\\src\\Illuminate\\Foundation\\Application.php(1034): Illuminate\\Container\\Container->call(Array)
#12 D:\\SystemsApps\\revboard\\vendor\\laravel\\framework\\src\\Illuminate\\Foundation\\Application.php(1015): Illuminate\\Foundation\\Application->bootProvider(Object(App\\Providers\\AppServiceProvider))
#13 [internal function]: Illuminate\\Foundation\\Application->Illuminate\\Foundation\\{closure}(Object(App\\Providers\\AppServiceProvider), 34)
#14 D:\\SystemsApps\\revboard\\vendor\\laravel\\framework\\src\\Illuminate\\Foundation\\Application.php(1014): array_walk(Array, Object(Closure))
#15 D:\\SystemsApps\\revboard\\vendor\\laravel\\framework\\src\\Illuminate\\Foundation\\Bootstrap\\BootProviders.php(17): Illuminate\\Foundation\\Application->boot()
#16 D:\\SystemsApps\\revboard\\vendor\\laravel\\framework\\src\\Illuminate\\Foundation\\Application.php(263): Illuminate\\Foundation\\Bootstrap\\BootProviders->bootstrap(Object(Illuminate\\Foundation\\Application))
#17 D:\\SystemsApps\\revboard\\vendor\\laravel\\framework\\src\\Illuminate\\Foundation\\Console\\Kernel.php(447): Illuminate\\Foundation\\Application->bootstrapWith(Array)
#18 D:\\SystemsApps\\revboard\\vendor\\laravel\\framework\\src\\Illuminate\\Foundation\\Console\\Kernel.php(199): Illuminate\\Foundation\\Console\\Kernel->bootstrap()
#19 D:\\SystemsApps\\revboard\\artisan(35): Illuminate\\Foundation\\Console\\Kernel->handle(Object(Symfony\\Component\\Console\\Input\\ArgvInput), Object(Symfony\\Component\\Console\\Output\\ConsoleOutput))
#20 {main}
"} 
[2024-06-01 23:48:59] production.DEBUG: D:\SystemsApps\revboard\public\build/manifest.json  
[2024-06-01 23:49:04] production.DEBUG: D:\SystemsApps\revboard\public\build/manifest.json  
[2024-06-01 23:52:36] production.DEBUG: D:\SystemsApps\revboard\public\build/manifest.json  
[2024-06-01 23:52:40] production.DEBUG: D:\SystemsApps\revboard\public\build/manifest.json  
