[2024-07-07 14:39:44] local.DEBUG: /var/www/revboard/public/build/manifest.json  
[2024-07-07 14:43:52] local.DEBUG: /var/www/revboard/public/build/manifest.json  
[2024-07-07 14:44:29] local.DEBUG: /var/www/revboard/public/build/manifest.json  
[2024-07-07 14:44:51] local.ERROR: Email "placeholder" does not comply with addr-spec of RFC 2822. {"exception":"[object] (Symfony\\Component\\Mime\\Exception\\RfcComplianceException(code: 0): Email \"placeholder\" does not comply with addr-spec of RFC 2822. at /var/www/revboard/vendor/symfony/mime/Address.php:54)
[stacktrace]
#0 /var/www/revboard/vendor/laravel/framework/src/Illuminate/Mail/Message.php(58): Symfony\\Component\\Mime\\Address->__construct()
#1 /var/www/revboard/vendor/laravel/framework/src/Illuminate/Mail/Mailer.php(547): Illuminate\\Mail\\Message->from()
#2 /var/www/revboard/vendor/laravel/framework/src/Illuminate/Mail/Mailer.php(311): Illuminate\\Mail\\Mailer->createMessage()
#3 /var/www/revboard/vendor/laravel/framework/src/Illuminate/Notifications/Channels/MailChannel.php(66): Illuminate\\Mail\\Mailer->send()
#4 /var/www/revboard/vendor/laravel/framework/src/Illuminate/Notifications/NotificationSender.php(148): Illuminate\\Notifications\\Channels\\MailChannel->send()
#5 /var/www/revboard/vendor/laravel/framework/src/Illuminate/Notifications/NotificationSender.php(106): Illuminate\\Notifications\\NotificationSender->sendToNotifiable()
#6 /var/www/revboard/vendor/laravel/framework/src/Illuminate/Support/Traits/Localizable.php(19): Illuminate\\Notifications\\NotificationSender->Illuminate\\Notifications\\{closure}()
#7 /var/www/revboard/vendor/laravel/framework/src/Illuminate/Notifications/NotificationSender.php(101): Illuminate\\Notifications\\NotificationSender->withLocale()
#8 /var/www/revboard/vendor/laravel/framework/src/Illuminate/Notifications/ChannelManager.php(54): Illuminate\\Notifications\\NotificationSender->sendNow()
#9 /var/www/revboard/vendor/laravel/framework/src/Illuminate/Notifications/SendQueuedNotifications.php(119): Illuminate\\Notifications\\ChannelManager->sendNow()
#10 /var/www/revboard/vendor/laravel/framework/src/Illuminate/Container/BoundMethod.php(36): Illuminate\\Notifications\\SendQueuedNotifications->handle()
#11 /var/www/revboard/vendor/laravel/framework/src/Illuminate/Container/Util.php(41): Illuminate\\Container\\BoundMethod::Illuminate\\Container\\{closure}()
#12 /var/www/revboard/vendor/laravel/framework/src/Illuminate/Container/BoundMethod.php(93): Illuminate\\Container\\Util::unwrapIfClosure()
#13 /var/www/revboard/vendor/laravel/framework/src/Illuminate/Container/BoundMethod.php(35): Illuminate\\Container\\BoundMethod::callBoundMethod()
#14 /var/www/revboard/vendor/laravel/framework/src/Illuminate/Container/Container.php(662): Illuminate\\Container\\BoundMethod::call()
#15 /var/www/revboard/vendor/laravel/framework/src/Illuminate/Bus/Dispatcher.php(128): Illuminate\\Container\\Container->call()
#16 /var/www/revboard/vendor/laravel/framework/src/Illuminate/Pipeline/Pipeline.php(144): Illuminate\\Bus\\Dispatcher->Illuminate\\Bus\\{closure}()
#17 /var/www/revboard/vendor/laravel/framework/src/Illuminate/Pipeline/Pipeline.php(119): Illuminate\\Pipeline\\Pipeline->Illuminate\\Pipeline\\{closure}()
#18 /var/www/revboard/vendor/laravel/framework/src/Illuminate/Bus/Dispatcher.php(132): Illuminate\\Pipeline\\Pipeline->then()
#19 /var/www/revboard/vendor/laravel/framework/src/Illuminate/Queue/CallQueuedHandler.php(123): Illuminate\\Bus\\Dispatcher->dispatchNow()
#20 /var/www/revboard/vendor/laravel/framework/src/Illuminate/Pipeline/Pipeline.php(144): Illuminate\\Queue\\CallQueuedHandler->Illuminate\\Queue\\{closure}()
#21 /var/www/revboard/vendor/laravel/framework/src/Illuminate/Pipeline/Pipeline.php(119): Illuminate\\Pipeline\\Pipeline->Illuminate\\Pipeline\\{closure}()
#22 /var/www/revboard/vendor/laravel/framework/src/Illuminate/Queue/CallQueuedHandler.php(122): Illuminate\\Pipeline\\Pipeline->then()
#23 /var/www/revboard/vendor/laravel/framework/src/Illuminate/Queue/CallQueuedHandler.php(70): Illuminate\\Queue\\CallQueuedHandler->dispatchThroughMiddleware()
#24 /var/www/revboard/vendor/laravel/framework/src/Illuminate/Queue/Jobs/Job.php(102): Illuminate\\Queue\\CallQueuedHandler->call()
#25 /var/www/revboard/vendor/laravel/framework/src/Illuminate/Queue/Worker.php(439): Illuminate\\Queue\\Jobs\\Job->fire()
#26 /var/www/revboard/vendor/laravel/framework/src/Illuminate/Queue/Worker.php(389): Illuminate\\Queue\\Worker->process()
#27 /var/www/revboard/vendor/laravel/framework/src/Illuminate/Queue/Worker.php(176): Illuminate\\Queue\\Worker->runJob()
#28 /var/www/revboard/vendor/laravel/framework/src/Illuminate/Queue/Console/WorkCommand.php(137): Illuminate\\Queue\\Worker->daemon()
#29 /var/www/revboard/vendor/laravel/framework/src/Illuminate/Queue/Console/WorkCommand.php(120): Illuminate\\Queue\\Console\\WorkCommand->runWorker()
#30 /var/www/revboard/vendor/laravel/framework/src/Illuminate/Container/BoundMethod.php(36): Illuminate\\Queue\\Console\\WorkCommand->handle()
#31 /var/www/revboard/vendor/laravel/framework/src/Illuminate/Container/Util.php(41): Illuminate\\Container\\BoundMethod::Illuminate\\Container\\{closure}()
#32 /var/www/revboard/vendor/laravel/framework/src/Illuminate/Container/BoundMethod.php(93): Illuminate\\Container\\Util::unwrapIfClosure()
#33 /var/www/revboard/vendor/laravel/framework/src/Illuminate/Container/BoundMethod.php(35): Illuminate\\Container\\BoundMethod::callBoundMethod()
#34 /var/www/revboard/vendor/laravel/framework/src/Illuminate/Container/Container.php(662): Illuminate\\Container\\BoundMethod::call()
#35 /var/www/revboard/vendor/laravel/framework/src/Illuminate/Console/Command.php(211): Illuminate\\Container\\Container->call()
#36 /var/www/revboard/vendor/symfony/console/Command/Command.php(326): Illuminate\\Console\\Command->execute()
#37 /var/www/revboard/vendor/laravel/framework/src/Illuminate/Console/Command.php(180): Symfony\\Component\\Console\\Command\\Command->run()
#38 /var/www/revboard/vendor/symfony/console/Application.php(1096): Illuminate\\Console\\Command->run()
#39 /var/www/revboard/vendor/symfony/console/Application.php(324): Symfony\\Component\\Console\\Application->doRunCommand()
#40 /var/www/revboard/vendor/symfony/console/Application.php(175): Symfony\\Component\\Console\\Application->doRun()
#41 /var/www/revboard/vendor/laravel/framework/src/Illuminate/Foundation/Console/Kernel.php(201): Symfony\\Component\\Console\\Application->run()
#42 /var/www/revboard/artisan(35): Illuminate\\Foundation\\Console\\Kernel->handle()
#43 {main}
"} 
[2024-07-07 14:44:52] local.ERROR: Email "placeholder" does not comply with addr-spec of RFC 2822. {"exception":"[object] (Symfony\\Component\\Mime\\Exception\\RfcComplianceException(code: 0): Email \"placeholder\" does not comply with addr-spec of RFC 2822. at /var/www/revboard/vendor/symfony/mime/Address.php:54)
[stacktrace]
#0 /var/www/revboard/vendor/laravel/framework/src/Illuminate/Mail/Message.php(58): Symfony\\Component\\Mime\\Address->__construct()
#1 /var/www/revboard/vendor/laravel/framework/src/Illuminate/Mail/Mailer.php(547): Illuminate\\Mail\\Message->from()
#2 /var/www/revboard/vendor/laravel/framework/src/Illuminate/Mail/Mailer.php(311): Illuminate\\Mail\\Mailer->createMessage()
#3 /var/www/revboard/vendor/laravel/framework/src/Illuminate/Notifications/Channels/MailChannel.php(66): Illuminate\\Mail\\Mailer->send()
#4 /var/www/revboard/vendor/laravel/framework/src/Illuminate/Notifications/NotificationSender.php(148): Illuminate\\Notifications\\Channels\\MailChannel->send()
#5 /var/www/revboard/vendor/laravel/framework/src/Illuminate/Notifications/NotificationSender.php(106): Illuminate\\Notifications\\NotificationSender->sendToNotifiable()
#6 /var/www/revboard/vendor/laravel/framework/src/Illuminate/Support/Traits/Localizable.php(19): Illuminate\\Notifications\\NotificationSender->Illuminate\\Notifications\\{closure}()
#7 /var/www/revboard/vendor/laravel/framework/src/Illuminate/Notifications/NotificationSender.php(101): Illuminate\\Notifications\\NotificationSender->withLocale()
#8 /var/www/revboard/vendor/laravel/framework/src/Illuminate/Notifications/ChannelManager.php(54): Illuminate\\Notifications\\NotificationSender->sendNow()
#9 /var/www/revboard/vendor/laravel/framework/src/Illuminate/Notifications/SendQueuedNotifications.php(119): Illuminate\\Notifications\\ChannelManager->sendNow()
#10 /var/www/revboard/vendor/laravel/framework/src/Illuminate/Container/BoundMethod.php(36): Illuminate\\Notifications\\SendQueuedNotifications->handle()
#11 /var/www/revboard/vendor/laravel/framework/src/Illuminate/Container/Util.php(41): Illuminate\\Container\\BoundMethod::Illuminate\\Container\\{closure}()
#12 /var/www/revboard/vendor/laravel/framework/src/Illuminate/Container/BoundMethod.php(93): Illuminate\\Container\\Util::unwrapIfClosure()
#13 /var/www/revboard/vendor/laravel/framework/src/Illuminate/Container/BoundMethod.php(35): Illuminate\\Container\\BoundMethod::callBoundMethod()
#14 /var/www/revboard/vendor/laravel/framework/src/Illuminate/Container/Container.php(662): Illuminate\\Container\\BoundMethod::call()
#15 /var/www/revboard/vendor/laravel/framework/src/Illuminate/Bus/Dispatcher.php(128): Illuminate\\Container\\Container->call()
#16 /var/www/revboard/vendor/laravel/framework/src/Illuminate/Pipeline/Pipeline.php(144): Illuminate\\Bus\\Dispatcher->Illuminate\\Bus\\{closure}()
#17 /var/www/revboard/vendor/laravel/framework/src/Illuminate/Pipeline/Pipeline.php(119): Illuminate\\Pipeline\\Pipeline->Illuminate\\Pipeline\\{closure}()
#18 /var/www/revboard/vendor/laravel/framework/src/Illuminate/Bus/Dispatcher.php(132): Illuminate\\Pipeline\\Pipeline->then()
#19 /var/www/revboard/vendor/laravel/framework/src/Illuminate/Queue/CallQueuedHandler.php(123): Illuminate\\Bus\\Dispatcher->dispatchNow()
#20 /var/www/revboard/vendor/laravel/framework/src/Illuminate/Pipeline/Pipeline.php(144): Illuminate\\Queue\\CallQueuedHandler->Illuminate\\Queue\\{closure}()
#21 /var/www/revboard/vendor/laravel/framework/src/Illuminate/Pipeline/Pipeline.php(119): Illuminate\\Pipeline\\Pipeline->Illuminate\\Pipeline\\{closure}()
#22 /var/www/revboard/vendor/laravel/framework/src/Illuminate/Queue/CallQueuedHandler.php(122): Illuminate\\Pipeline\\Pipeline->then()
#23 /var/www/revboard/vendor/laravel/framework/src/Illuminate/Queue/CallQueuedHandler.php(70): Illuminate\\Queue\\CallQueuedHandler->dispatchThroughMiddleware()
#24 /var/www/revboard/vendor/laravel/framework/src/Illuminate/Queue/Jobs/Job.php(102): Illuminate\\Queue\\CallQueuedHandler->call()
#25 /var/www/revboard/vendor/laravel/framework/src/Illuminate/Queue/Worker.php(439): Illuminate\\Queue\\Jobs\\Job->fire()
#26 /var/www/revboard/vendor/laravel/framework/src/Illuminate/Queue/Worker.php(389): Illuminate\\Queue\\Worker->process()
#27 /var/www/revboard/vendor/laravel/framework/src/Illuminate/Queue/Worker.php(176): Illuminate\\Queue\\Worker->runJob()
#28 /var/www/revboard/vendor/laravel/framework/src/Illuminate/Queue/Console/WorkCommand.php(137): Illuminate\\Queue\\Worker->daemon()
#29 /var/www/revboard/vendor/laravel/framework/src/Illuminate/Queue/Console/WorkCommand.php(120): Illuminate\\Queue\\Console\\WorkCommand->runWorker()
#30 /var/www/revboard/vendor/laravel/framework/src/Illuminate/Container/BoundMethod.php(36): Illuminate\\Queue\\Console\\WorkCommand->handle()
#31 /var/www/revboard/vendor/laravel/framework/src/Illuminate/Container/Util.php(41): Illuminate\\Container\\BoundMethod::Illuminate\\Container\\{closure}()
#32 /var/www/revboard/vendor/laravel/framework/src/Illuminate/Container/BoundMethod.php(93): Illuminate\\Container\\Util::unwrapIfClosure()
#33 /var/www/revboard/vendor/laravel/framework/src/Illuminate/Container/BoundMethod.php(35): Illuminate\\Container\\BoundMethod::callBoundMethod()
#34 /var/www/revboard/vendor/laravel/framework/src/Illuminate/Container/Container.php(662): Illuminate\\Container\\BoundMethod::call()
#35 /var/www/revboard/vendor/laravel/framework/src/Illuminate/Console/Command.php(211): Illuminate\\Container\\Container->call()
#36 /var/www/revboard/vendor/symfony/console/Command/Command.php(326): Illuminate\\Console\\Command->execute()
#37 /var/www/revboard/vendor/laravel/framework/src/Illuminate/Console/Command.php(180): Symfony\\Component\\Console\\Command\\Command->run()
#38 /var/www/revboard/vendor/symfony/console/Application.php(1096): Illuminate\\Console\\Command->run()
#39 /var/www/revboard/vendor/symfony/console/Application.php(324): Symfony\\Component\\Console\\Application->doRunCommand()
#40 /var/www/revboard/vendor/symfony/console/Application.php(175): Symfony\\Component\\Console\\Application->doRun()
#41 /var/www/revboard/vendor/laravel/framework/src/Illuminate/Foundation/Console/Kernel.php(201): Symfony\\Component\\Console\\Application->run()
#42 /var/www/revboard/artisan(35): Illuminate\\Foundation\\Console\\Kernel->handle()
#43 {main}
"} 
[2024-07-07 14:44:52] local.ERROR: SQLSTATE[23000]: Integrity constraint violation: 1062 Duplicate entry '' for key 'failed_jobs.PRIMARY' (Connection: mysql, SQL: insert into `failed_jobs` (`uuid`, `connection`, `queue`, `payload`, `exception`, `failed_at`) values (d8a1b1f8-0753-4950-a840-daff689697de, database, default, {"uuid":"d8a1b1f8-0753-4950-a840-daff689697de","displayName":"App\\Notifications\\MinuteApprovalRequestNotification","job":"Illuminate\\Queue\\CallQueuedHandler@call","maxTries":null,"maxExceptions":null,"failOnTimeout":false,"backoff":null,"timeout":null,"retryUntil":null,"data":{"commandName":"Illuminate\\Notifications\\SendQueuedNotifications","command":"O:48:\"Illuminate\\Notifications\\SendQueuedNotifications\":3:{s:11:\"notifiables\";O:45:\"Illuminate\\Contracts\\Database\\ModelIdentifier\":5:{s:5:\"class\";s:15:\"App\\Models\\User\";s:2:\"id\";a:1:{i:0;s:36:\"9c76e9c4-6120-4db8-ab6f-5c981d678fa8\";}s:9:\"relations\";a:2:{i:0;s:5:\"roles\";i:1;s:17:\"roles.permissions\";}s:10:\"connection\";s:5:\"mysql\";s:15:\"collectionClass\";N;}s:12:\"notification\";O:51:\"App\\Notifications\\MinuteApprovalRequestNotification\":4:{s:7:\"\u0000*\u0000user\";O:45:\"Illuminate\\Contracts\\Database\\ModelIdentifier\":5:{s:5:\"class\";s:15:\"App\\Models\\User\";s:2:\"id\";s:36:\"9c76e9c4-6120-4db8-ab6f-5c981d678fa8\";s:9:\"relations\";a:2:{i:0;s:5:\"roles\";i:1;s:17:\"roles.permissions\";}s:10:\"connection\";s:5:\"mysql\";s:15:\"collectionClass\";N;}s:9:\"\u0000*\u0000minute\";O:45:\"Illuminate\\Contracts\\Database\\ModelIdentifier\":5:{s:5:\"class\";s:32:\"App\\Models\\Module\\Meeting\\Minute\";s:2:\"id\";s:36:\"9c7702c7-1f77-4816-bb39-e549a1142284\";s:9:\"relations\";a:12:{i:0;s:8:\"schedule\";i:1;s:16:\"schedule.meeting\";i:2;s:20:\"schedule.attendances\";i:3;s:31:\"schedule.attendances.membership\";i:4;s:40:\"schedule.attendances.membership.position\";i:5;s:36:\"schedule.attendances.membership.user\";i:6;s:42:\"schedule.attendances.membership.user.roles\";i:7;s:54:\"schedule.attendances.membership.user.roles.permissions\";i:8;s:44:\"schedule.attendances.membership.user.profile\";i:9;s:29:\"schedule.attendances.schedule\";i:10;s:37:\"schedule.attendances.schedule.meeting\";i:11;s:26:\"schedule.attendances.media\";}s:10:\"connection\";s:5:\"mysql\";s:15:\"collectionClass\";N;}s:16:\"\u0000*\u0000updateMessage\";s:92:\"The minutes for the meeting titled 'Metting 1', held on '14-07-2024', have been established.\";s:2:\"id\";s:36:\"2c7face5-b893-4f7c-be33-ef9abc694130\";}s:8:\"channels\";a:1:{i:0;s:4:\"mail\";}}"}}, Symfony\Component\Mime\Exception\RfcComplianceException: Email "placeholder" does not comply with addr-spec of RFC 2822. in /var/www/revboard/vendor/symfony/mime/Address.php:54
Stack trace:
#0 /var/www/revboard/vendor/laravel/framework/src/Illuminate/Mail/Message.php(58): Symfony\Component\Mime\Address->__construct()
#1 /var/www/revboard/vendor/laravel/framework/src/Illuminate/Mail/Mailer.php(547): Illuminate\Mail\Message->from()
#2 /var/www/revboard/vendor/laravel/framework/src/Illuminate/Mail/Mailer.php(311): Illuminate\Mail\Mailer->createMessage()
#3 /var/www/revboard/vendor/laravel/framework/src/Illuminate/Notifications/Channels/MailChannel.php(66): Illuminate\Mail\Mailer->send()
#4 /var/www/revboard/vendor/laravel/framework/src/Illuminate/Notifications/NotificationSender.php(148): Illuminate\Notifications\Channels\MailChannel->send()
#5 /var/www/revboard/vendor/laravel/framework/src/Illuminate/Notifications/NotificationSender.php(106): Illuminate\Notifications\NotificationSender->sendToNotifiable()
#6 /var/www/revboard/vendor/laravel/framework/src/Illuminate/Support/Traits/Localizable.php(19): Illuminate\Notifications\NotificationSender->Illuminate\Notifications\{closure}()
#7 /var/www/revboard/vendor/laravel/framework/src/Illuminate/Notifications/NotificationSender.php(101): Illuminate\Notifications\NotificationSender->withLocale()
#8 /var/www/revboard/vendor/laravel/framework/src/Illuminate/Notifications/ChannelManager.php(54): Illuminate\Notifications\NotificationSender->sendNow()
#9 /var/www/revboard/vendor/laravel/framework/src/Illuminate/Notifications/SendQueuedNotifications.php(119): Illuminate\Notifications\ChannelManager->sendNow()
#10 /var/www/revboard/vendor/laravel/framework/src/Illuminate/Container/BoundMethod.php(36): Illuminate\Notifications\SendQueuedNotifications->handle()
#11 /var/www/revboard/vendor/laravel/framework/src/Illuminate/Container/Util.php(41): Illuminate\Container\BoundMethod::Illuminate\Container\{closure}()
#12 /var/www/revboard/vendor/laravel/framework/src/Illuminate/Container/BoundMethod.php(93): Illuminate\Container\Util::unwrapIfClosure()
#13 /var/www/revboard/vendor/laravel/framework/src/Illuminate/Container/BoundMethod.php(35): Illuminate\Container\BoundMethod::callBoundMethod()
#14 /var/www/revboard/vendor/laravel/framework/src/Illuminate/Container/Container.php(662): Illuminate\Container\BoundMethod::call()
#15 /var/www/revboard/vendor/laravel/framework/src/Illuminate/Bus/Dispatcher.php(128): Illuminate\Container\Container->call()
#16 /var/www/revboard/vendor/laravel/framework/src/Illuminate/Pipeline/Pipeline.php(144): Illuminate\Bus\Dispatcher->Illuminate\Bus\{closure}()
#17 /var/www/revboard/vendor/laravel/framework/src/Illuminate/Pipeline/Pipeline.php(119): Illuminate\Pipeline\Pipeline->Illuminate\Pipeline\{closure}()
#18 /var/www/revboard/vendor/laravel/framework/src/Illuminate/Bus/Dispatcher.php(132): Illuminate\Pipeline\Pipeline->then()
#19 /var/www/revboard/vendor/laravel/framework/src/Illuminate/Queue/CallQueuedHandler.php(123): Illuminate\Bus\Dispatcher->dispatchNow()
#20 /var/www/revboard/vendor/laravel/framework/src/Illuminate/Pipeline/Pipeline.php(144): Illuminate\Queue\CallQueuedHandler->Illuminate\Queue\{closure}()
#21 /var/www/revboard/vendor/laravel/framework/src/Illuminate/Pipeline/Pipeline.php(119): Illuminate\Pipeline\Pipeline->Illuminate\Pipeline\{closure}()
#22 /var/www/revboard/vendor/laravel/framework/src/Illuminate/Queue/CallQueuedHandler.php(122): Illuminate\Pipeline\Pipeline->then()
#23 /var/www/revboard/vendor/laravel/framework/src/Illuminate/Queue/CallQueuedHandler.php(70): Illuminate\Queue\CallQueuedHandler->dispatchThroughMiddleware()
#24 /var/www/revboard/vendor/laravel/framework/src/Illuminate/Queue/Jobs/Job.php(102): Illuminate\Queue\CallQueuedHandler->call()
#25 /var/www/revboard/vendor/laravel/framework/src/Illuminate/Queue/Worker.php(439): Illuminate\Queue\Jobs\Job->fire()
#26 /var/www/revboard/vendor/laravel/framework/src/Illuminate/Queue/Worker.php(389): Illuminate\Queue\Worker->process()
#27 /var/www/revboard/vendor/laravel/framework/src/Illuminate/Queue/Worker.php(176): Illuminate\Queue\Worker->runJob()
#28 /var/www/revboard/vendor/laravel/framework/src/Illuminate/Queue/Console/WorkCommand.php(137): Illuminate\Queue\Worker->daemon()
#29 /var/www/revboard/vendor/laravel/framework/src/Illuminate/Queue/Console/WorkCommand.php(120): Illuminate\Queue\Console\WorkCommand->runWorker()
#30 /var/www/revboard/vendor/laravel/framework/src/Illuminate/Container/BoundMethod.php(36): Illuminate\Queue\Console\WorkCommand->handle()
#31 /var/www/revboard/vendor/laravel/framework/src/Illuminate/Container/Util.php(41): Illuminate\Container\BoundMethod::Illuminate\Container\{closure}()
#32 /var/www/revboard/vendor/laravel/framework/src/Illuminate/Container/BoundMethod.php(93): Illuminate\Container\Util::unwrapIfClosure()
#33 /var/www/revboard/vendor/laravel/framework/src/Illuminate/Container/BoundMethod.php(35): Illuminate\Container\BoundMethod::callBoundMethod()
#34 /var/www/revboard/vendor/laravel/framework/src/Illuminate/Container/Container.php(662): Illuminate\Container\BoundMethod::call()
#35 /var/www/revboard/vendor/laravel/framework/src/Illuminate/Console/Command.php(211): Illuminate\Container\Container->call()
#36 /var/www/revboard/vendor/symfony/console/Command/Command.php(326): Illuminate\Console\Command->execute()
#37 /var/www/revboard/vendor/laravel/framework/src/Illuminate/Console/Command.php(180): Symfony\Component\Console\Command\Command->run()
#38 /var/www/revboard/vendor/symfony/console/Application.php(1096): Illuminate\Console\Command->run()
#39 /var/www/revboard/vendor/symfony/console/Application.php(324): Symfony\Component\Console\Application->doRunCommand()
#40 /var/www/revboard/vendor/symfony/console/Application.php(175): Symfony\Component\Console\Application->doRun()
#41 /var/www/revboard/vendor/laravel/framework/src/Illuminate/Foundation/Console/Kernel.php(201): Symfony\Component\Console\Application->run()
#42 /var/www/revboard/artisan(35): Illuminate\Foundation\Console\Kernel->handle()
#43 {main}, 2024-07-07 14:44:52)) {"exception":"[object] (Illuminate\\Database\\UniqueConstraintViolationException(code: 23000): SQLSTATE[23000]: Integrity constraint violation: 1062 Duplicate entry '' for key 'failed_jobs.PRIMARY' (Connection: mysql, SQL: insert into `failed_jobs` (`uuid`, `connection`, `queue`, `payload`, `exception`, `failed_at`) values (d8a1b1f8-0753-4950-a840-daff689697de, database, default, {\"uuid\":\"d8a1b1f8-0753-4950-a840-daff689697de\",\"displayName\":\"App\\\\Notifications\\\\MinuteApprovalRequestNotification\",\"job\":\"Illuminate\\\\Queue\\\\CallQueuedHandler@call\",\"maxTries\":null,\"maxExceptions\":null,\"failOnTimeout\":false,\"backoff\":null,\"timeout\":null,\"retryUntil\":null,\"data\":{\"commandName\":\"Illuminate\\\\Notifications\\\\SendQueuedNotifications\",\"command\":\"O:48:\\\"Illuminate\\\\Notifications\\\\SendQueuedNotifications\\\":3:{s:11:\\\"notifiables\\\";O:45:\\\"Illuminate\\\\Contracts\\\\Database\\\\ModelIdentifier\\\":5:{s:5:\\\"class\\\";s:15:\\\"App\\\\Models\\\\User\\\";s:2:\\\"id\\\";a:1:{i:0;s:36:\\\"9c76e9c4-6120-4db8-ab6f-5c981d678fa8\\\";}s:9:\\\"relations\\\";a:2:{i:0;s:5:\\\"roles\\\";i:1;s:17:\\\"roles.permissions\\\";}s:10:\\\"connection\\\";s:5:\\\"mysql\\\";s:15:\\\"collectionClass\\\";N;}s:12:\\\"notification\\\";O:51:\\\"App\\\\Notifications\\\\MinuteApprovalRequestNotification\\\":4:{s:7:\\\"\\u0000*\\u0000user\\\";O:45:\\\"Illuminate\\\\Contracts\\\\Database\\\\ModelIdentifier\\\":5:{s:5:\\\"class\\\";s:15:\\\"App\\\\Models\\\\User\\\";s:2:\\\"id\\\";s:36:\\\"9c76e9c4-6120-4db8-ab6f-5c981d678fa8\\\";s:9:\\\"relations\\\";a:2:{i:0;s:5:\\\"roles\\\";i:1;s:17:\\\"roles.permissions\\\";}s:10:\\\"connection\\\";s:5:\\\"mysql\\\";s:15:\\\"collectionClass\\\";N;}s:9:\\\"\\u0000*\\u0000minute\\\";O:45:\\\"Illuminate\\\\Contracts\\\\Database\\\\ModelIdentifier\\\":5:{s:5:\\\"class\\\";s:32:\\\"App\\\\Models\\\\Module\\\\Meeting\\\\Minute\\\";s:2:\\\"id\\\";s:36:\\\"9c7702c7-1f77-4816-bb39-e549a1142284\\\";s:9:\\\"relations\\\";a:12:{i:0;s:8:\\\"schedule\\\";i:1;s:16:\\\"schedule.meeting\\\";i:2;s:20:\\\"schedule.attendances\\\";i:3;s:31:\\\"schedule.attendances.membership\\\";i:4;s:40:\\\"schedule.attendances.membership.position\\\";i:5;s:36:\\\"schedule.attendances.membership.user\\\";i:6;s:42:\\\"schedule.attendances.membership.user.roles\\\";i:7;s:54:\\\"schedule.attendances.membership.user.roles.permissions\\\";i:8;s:44:\\\"schedule.attendances.membership.user.profile\\\";i:9;s:29:\\\"schedule.attendances.schedule\\\";i:10;s:37:\\\"schedule.attendances.schedule.meeting\\\";i:11;s:26:\\\"schedule.attendances.media\\\";}s:10:\\\"connection\\\";s:5:\\\"mysql\\\";s:15:\\\"collectionClass\\\";N;}s:16:\\\"\\u0000*\\u0000updateMessage\\\";s:92:\\\"The minutes for the meeting titled 'Metting 1', held on '14-07-2024', have been established.\\\";s:2:\\\"id\\\";s:36:\\\"2c7face5-b893-4f7c-be33-ef9abc694130\\\";}s:8:\\\"channels\\\";a:1:{i:0;s:4:\\\"mail\\\";}}\"}}, Symfony\\Component\\Mime\\Exception\\RfcComplianceException: Email \"placeholder\" does not comply with addr-spec of RFC 2822. in /var/www/revboard/vendor/symfony/mime/Address.php:54
Stack trace:
#0 /var/www/revboard/vendor/laravel/framework/src/Illuminate/Mail/Message.php(58): Symfony\\Component\\Mime\\Address->__construct()
#1 /var/www/revboard/vendor/laravel/framework/src/Illuminate/Mail/Mailer.php(547): Illuminate\\Mail\\Message->from()
#2 /var/www/revboard/vendor/laravel/framework/src/Illuminate/Mail/Mailer.php(311): Illuminate\\Mail\\Mailer->createMessage()
#3 /var/www/revboard/vendor/laravel/framework/src/Illuminate/Notifications/Channels/MailChannel.php(66): Illuminate\\Mail\\Mailer->send()
#4 /var/www/revboard/vendor/laravel/framework/src/Illuminate/Notifications/NotificationSender.php(148): Illuminate\\Notifications\\Channels\\MailChannel->send()
#5 /var/www/revboard/vendor/laravel/framework/src/Illuminate/Notifications/NotificationSender.php(106): Illuminate\\Notifications\\NotificationSender->sendToNotifiable()
#6 /var/www/revboard/vendor/laravel/framework/src/Illuminate/Support/Traits/Localizable.php(19): Illuminate\\Notifications\\NotificationSender->Illuminate\\Notifications\\{closure}()
#7 /var/www/revboard/vendor/laravel/framework/src/Illuminate/Notifications/NotificationSender.php(101): Illuminate\\Notifications\\NotificationSender->withLocale()
#8 /var/www/revboard/vendor/laravel/framework/src/Illuminate/Notifications/ChannelManager.php(54): Illuminate\\Notifications\\NotificationSender->sendNow()
#9 /var/www/revboard/vendor/laravel/framework/src/Illuminate/Notifications/SendQueuedNotifications.php(119): Illuminate\\Notifications\\ChannelManager->sendNow()
#10 /var/www/revboard/vendor/laravel/framework/src/Illuminate/Container/BoundMethod.php(36): Illuminate\\Notifications\\SendQueuedNotifications->handle()
#11 /var/www/revboard/vendor/laravel/framework/src/Illuminate/Container/Util.php(41): Illuminate\\Container\\BoundMethod::Illuminate\\Container\\{closure}()
#12 /var/www/revboard/vendor/laravel/framework/src/Illuminate/Container/BoundMethod.php(93): Illuminate\\Container\\Util::unwrapIfClosure()
#13 /var/www/revboard/vendor/laravel/framework/src/Illuminate/Container/BoundMethod.php(35): Illuminate\\Container\\BoundMethod::callBoundMethod()
#14 /var/www/revboard/vendor/laravel/framework/src/Illuminate/Container/Container.php(662): Illuminate\\Container\\BoundMethod::call()
#15 /var/www/revboard/vendor/laravel/framework/src/Illuminate/Bus/Dispatcher.php(128): Illuminate\\Container\\Container->call()
#16 /var/www/revboard/vendor/laravel/framework/src/Illuminate/Pipeline/Pipeline.php(144): Illuminate\\Bus\\Dispatcher->Illuminate\\Bus\\{closure}()
#17 /var/www/revboard/vendor/laravel/framework/src/Illuminate/Pipeline/Pipeline.php(119): Illuminate\\Pipeline\\Pipeline->Illuminate\\Pipeline\\{closure}()
#18 /var/www/revboard/vendor/laravel/framework/src/Illuminate/Bus/Dispatcher.php(132): Illuminate\\Pipeline\\Pipeline->then()
#19 /var/www/revboard/vendor/laravel/framework/src/Illuminate/Queue/CallQueuedHandler.php(123): Illuminate\\Bus\\Dispatcher->dispatchNow()
#20 /var/www/revboard/vendor/laravel/framework/src/Illuminate/Pipeline/Pipeline.php(144): Illuminate\\Queue\\CallQueuedHandler->Illuminate\\Queue\\{closure}()
#21 /var/www/revboard/vendor/laravel/framework/src/Illuminate/Pipeline/Pipeline.php(119): Illuminate\\Pipeline\\Pipeline->Illuminate\\Pipeline\\{closure}()
#22 /var/www/revboard/vendor/laravel/framework/src/Illuminate/Queue/CallQueuedHandler.php(122): Illuminate\\Pipeline\\Pipeline->then()
#23 /var/www/revboard/vendor/laravel/framework/src/Illuminate/Queue/CallQueuedHandler.php(70): Illuminate\\Queue\\CallQueuedHandler->dispatchThroughMiddleware()
#24 /var/www/revboard/vendor/laravel/framework/src/Illuminate/Queue/Jobs/Job.php(102): Illuminate\\Queue\\CallQueuedHandler->call()
#25 /var/www/revboard/vendor/laravel/framework/src/Illuminate/Queue/Worker.php(439): Illuminate\\Queue\\Jobs\\Job->fire()
#26 /var/www/revboard/vendor/laravel/framework/src/Illuminate/Queue/Worker.php(389): Illuminate\\Queue\\Worker->process()
#27 /var/www/revboard/vendor/laravel/framework/src/Illuminate/Queue/Worker.php(176): Illuminate\\Queue\\Worker->runJob()
#28 /var/www/revboard/vendor/laravel/framework/src/Illuminate/Queue/Console/WorkCommand.php(137): Illuminate\\Queue\\Worker->daemon()
#29 /var/www/revboard/vendor/laravel/framework/src/Illuminate/Queue/Console/WorkCommand.php(120): Illuminate\\Queue\\Console\\WorkCommand->runWorker()
#30 /var/www/revboard/vendor/laravel/framework/src/Illuminate/Container/BoundMethod.php(36): Illuminate\\Queue\\Console\\WorkCommand->handle()
#31 /var/www/revboard/vendor/laravel/framework/src/Illuminate/Container/Util.php(41): Illuminate\\Container\\BoundMethod::Illuminate\\Container\\{closure}()
#32 /var/www/revboard/vendor/laravel/framework/src/Illuminate/Container/BoundMethod.php(93): Illuminate\\Container\\Util::unwrapIfClosure()
#33 /var/www/revboard/vendor/laravel/framework/src/Illuminate/Container/BoundMethod.php(35): Illuminate\\Container\\BoundMethod::callBoundMethod()
#34 /var/www/revboard/vendor/laravel/framework/src/Illuminate/Container/Container.php(662): Illuminate\\Container\\BoundMethod::call()
#35 /var/www/revboard/vendor/laravel/framework/src/Illuminate/Console/Command.php(211): Illuminate\\Container\\Container->call()
#36 /var/www/revboard/vendor/symfony/console/Command/Command.php(326): Illuminate\\Console\\Command->execute()
#37 /var/www/revboard/vendor/laravel/framework/src/Illuminate/Console/Command.php(180): Symfony\\Component\\Console\\Command\\Command->run()
#38 /var/www/revboard/vendor/symfony/console/Application.php(1096): Illuminate\\Console\\Command->run()
#39 /var/www/revboard/vendor/symfony/console/Application.php(324): Symfony\\Component\\Console\\Application->doRunCommand()
#40 /var/www/revboard/vendor/symfony/console/Application.php(175): Symfony\\Component\\Console\\Application->doRun()
#41 /var/www/revboard/vendor/laravel/framework/src/Illuminate/Foundation/Console/Kernel.php(201): Symfony\\Component\\Console\\Application->run()
#42 /var/www/revboard/artisan(35): Illuminate\\Foundation\\Console\\Kernel->handle()
#43 {main}, 2024-07-07 14:44:52)) at /var/www/revboard/vendor/laravel/framework/src/Illuminate/Database/Connection.php:824)
[stacktrace]
#0 /var/www/revboard/vendor/laravel/framework/src/Illuminate/Database/Connection.php(783): Illuminate\\Database\\Connection->runQueryCallback()
#1 /var/www/revboard/vendor/laravel/framework/src/Illuminate/Database/Connection.php(576): Illuminate\\Database\\Connection->run()
#2 /var/www/revboard/vendor/laravel/framework/src/Illuminate/Database/Connection.php(540): Illuminate\\Database\\Connection->statement()
#3 /var/www/revboard/vendor/laravel/framework/src/Illuminate/Database/Query/Builder.php(3456): Illuminate\\Database\\Connection->insert()
#4 /var/www/revboard/vendor/laravel/framework/src/Illuminate/Queue/Failed/DatabaseUuidFailedJobProvider.php(58): Illuminate\\Database\\Query\\Builder->insert()
#5 /var/www/revboard/vendor/laravel/framework/src/Illuminate/Queue/Console/WorkCommand.php(276): Illuminate\\Queue\\Failed\\DatabaseUuidFailedJobProvider->log()
#6 /var/www/revboard/vendor/laravel/framework/src/Illuminate/Queue/Console/WorkCommand.php(186): Illuminate\\Queue\\Console\\WorkCommand->logFailedJob()
#7 /var/www/revboard/vendor/laravel/framework/src/Illuminate/Events/Dispatcher.php(458): Illuminate\\Queue\\Console\\WorkCommand->Illuminate\\Queue\\Console\\{closure}()
#8 /var/www/revboard/vendor/laravel/framework/src/Illuminate/Events/Dispatcher.php(286): Illuminate\\Events\\Dispatcher->Illuminate\\Events\\{closure}()
#9 /var/www/revboard/vendor/laravel/framework/src/Illuminate/Events/Dispatcher.php(266): Illuminate\\Events\\Dispatcher->invokeListeners()
#10 /var/www/revboard/vendor/laravel/framework/src/Illuminate/Queue/Jobs/Job.php(217): Illuminate\\Events\\Dispatcher->dispatch()
#11 /var/www/revboard/vendor/laravel/framework/src/Illuminate/Queue/Worker.php(596): Illuminate\\Queue\\Jobs\\Job->fail()
#12 /var/www/revboard/vendor/laravel/framework/src/Illuminate/Queue/Worker.php(542): Illuminate\\Queue\\Worker->failJob()
#13 /var/www/revboard/vendor/laravel/framework/src/Illuminate/Queue/Worker.php(465): Illuminate\\Queue\\Worker->markJobAsFailedIfWillExceedMaxAttempts()
#14 /var/www/revboard/vendor/laravel/framework/src/Illuminate/Queue/Worker.php(443): Illuminate\\Queue\\Worker->handleJobException()
#15 /var/www/revboard/vendor/laravel/framework/src/Illuminate/Queue/Worker.php(389): Illuminate\\Queue\\Worker->process()
#16 /var/www/revboard/vendor/laravel/framework/src/Illuminate/Queue/Worker.php(176): Illuminate\\Queue\\Worker->runJob()
#17 /var/www/revboard/vendor/laravel/framework/src/Illuminate/Queue/Console/WorkCommand.php(137): Illuminate\\Queue\\Worker->daemon()
#18 /var/www/revboard/vendor/laravel/framework/src/Illuminate/Queue/Console/WorkCommand.php(120): Illuminate\\Queue\\Console\\WorkCommand->runWorker()
#19 /var/www/revboard/vendor/laravel/framework/src/Illuminate/Container/BoundMethod.php(36): Illuminate\\Queue\\Console\\WorkCommand->handle()
#20 /var/www/revboard/vendor/laravel/framework/src/Illuminate/Container/Util.php(41): Illuminate\\Container\\BoundMethod::Illuminate\\Container\\{closure}()
#21 /var/www/revboard/vendor/laravel/framework/src/Illuminate/Container/BoundMethod.php(93): Illuminate\\Container\\Util::unwrapIfClosure()
#22 /var/www/revboard/vendor/laravel/framework/src/Illuminate/Container/BoundMethod.php(35): Illuminate\\Container\\BoundMethod::callBoundMethod()
#23 /var/www/revboard/vendor/laravel/framework/src/Illuminate/Container/Container.php(662): Illuminate\\Container\\BoundMethod::call()
#24 /var/www/revboard/vendor/laravel/framework/src/Illuminate/Console/Command.php(211): Illuminate\\Container\\Container->call()
#25 /var/www/revboard/vendor/symfony/console/Command/Command.php(326): Illuminate\\Console\\Command->execute()
#26 /var/www/revboard/vendor/laravel/framework/src/Illuminate/Console/Command.php(180): Symfony\\Component\\Console\\Command\\Command->run()
#27 /var/www/revboard/vendor/symfony/console/Application.php(1096): Illuminate\\Console\\Command->run()
#28 /var/www/revboard/vendor/symfony/console/Application.php(324): Symfony\\Component\\Console\\Application->doRunCommand()
#29 /var/www/revboard/vendor/symfony/console/Application.php(175): Symfony\\Component\\Console\\Application->doRun()
#30 /var/www/revboard/vendor/laravel/framework/src/Illuminate/Foundation/Console/Kernel.php(201): Symfony\\Component\\Console\\Application->run()
#31 /var/www/revboard/artisan(35): Illuminate\\Foundation\\Console\\Kernel->handle()
#32 {main}

[previous exception] [object] (PDOException(code: 23000): SQLSTATE[23000]: Integrity constraint violation: 1062 Duplicate entry '' for key 'failed_jobs.PRIMARY' at /var/www/revboard/vendor/laravel/framework/src/Illuminate/Database/Connection.php:587)
[stacktrace]
#0 /var/www/revboard/vendor/laravel/framework/src/Illuminate/Database/Connection.php(587): PDOStatement->execute()
#1 /var/www/revboard/vendor/laravel/framework/src/Illuminate/Database/Connection.php(816): Illuminate\\Database\\Connection->Illuminate\\Database\\{closure}()
#2 /var/www/revboard/vendor/laravel/framework/src/Illuminate/Database/Connection.php(783): Illuminate\\Database\\Connection->runQueryCallback()
#3 /var/www/revboard/vendor/laravel/framework/src/Illuminate/Database/Connection.php(576): Illuminate\\Database\\Connection->run()
#4 /var/www/revboard/vendor/laravel/framework/src/Illuminate/Database/Connection.php(540): Illuminate\\Database\\Connection->statement()
#5 /var/www/revboard/vendor/laravel/framework/src/Illuminate/Database/Query/Builder.php(3456): Illuminate\\Database\\Connection->insert()
#6 /var/www/revboard/vendor/laravel/framework/src/Illuminate/Queue/Failed/DatabaseUuidFailedJobProvider.php(58): Illuminate\\Database\\Query\\Builder->insert()
#7 /var/www/revboard/vendor/laravel/framework/src/Illuminate/Queue/Console/WorkCommand.php(276): Illuminate\\Queue\\Failed\\DatabaseUuidFailedJobProvider->log()
#8 /var/www/revboard/vendor/laravel/framework/src/Illuminate/Queue/Console/WorkCommand.php(186): Illuminate\\Queue\\Console\\WorkCommand->logFailedJob()
#9 /var/www/revboard/vendor/laravel/framework/src/Illuminate/Events/Dispatcher.php(458): Illuminate\\Queue\\Console\\WorkCommand->Illuminate\\Queue\\Console\\{closure}()
#10 /var/www/revboard/vendor/laravel/framework/src/Illuminate/Events/Dispatcher.php(286): Illuminate\\Events\\Dispatcher->Illuminate\\Events\\{closure}()
#11 /var/www/revboard/vendor/laravel/framework/src/Illuminate/Events/Dispatcher.php(266): Illuminate\\Events\\Dispatcher->invokeListeners()
#12 /var/www/revboard/vendor/laravel/framework/src/Illuminate/Queue/Jobs/Job.php(217): Illuminate\\Events\\Dispatcher->dispatch()
#13 /var/www/revboard/vendor/laravel/framework/src/Illuminate/Queue/Worker.php(596): Illuminate\\Queue\\Jobs\\Job->fail()
#14 /var/www/revboard/vendor/laravel/framework/src/Illuminate/Queue/Worker.php(542): Illuminate\\Queue\\Worker->failJob()
#15 /var/www/revboard/vendor/laravel/framework/src/Illuminate/Queue/Worker.php(465): Illuminate\\Queue\\Worker->markJobAsFailedIfWillExceedMaxAttempts()
#16 /var/www/revboard/vendor/laravel/framework/src/Illuminate/Queue/Worker.php(443): Illuminate\\Queue\\Worker->handleJobException()
#17 /var/www/revboard/vendor/laravel/framework/src/Illuminate/Queue/Worker.php(389): Illuminate\\Queue\\Worker->process()
#18 /var/www/revboard/vendor/laravel/framework/src/Illuminate/Queue/Worker.php(176): Illuminate\\Queue\\Worker->runJob()
#19 /var/www/revboard/vendor/laravel/framework/src/Illuminate/Queue/Console/WorkCommand.php(137): Illuminate\\Queue\\Worker->daemon()
#20 /var/www/revboard/vendor/laravel/framework/src/Illuminate/Queue/Console/WorkCommand.php(120): Illuminate\\Queue\\Console\\WorkCommand->runWorker()
#21 /var/www/revboard/vendor/laravel/framework/src/Illuminate/Container/BoundMethod.php(36): Illuminate\\Queue\\Console\\WorkCommand->handle()
#22 /var/www/revboard/vendor/laravel/framework/src/Illuminate/Container/Util.php(41): Illuminate\\Container\\BoundMethod::Illuminate\\Container\\{closure}()
#23 /var/www/revboard/vendor/laravel/framework/src/Illuminate/Container/BoundMethod.php(93): Illuminate\\Container\\Util::unwrapIfClosure()
#24 /var/www/revboard/vendor/laravel/framework/src/Illuminate/Container/BoundMethod.php(35): Illuminate\\Container\\BoundMethod::callBoundMethod()
#25 /var/www/revboard/vendor/laravel/framework/src/Illuminate/Container/Container.php(662): Illuminate\\Container\\BoundMethod::call()
#26 /var/www/revboard/vendor/laravel/framework/src/Illuminate/Console/Command.php(211): Illuminate\\Container\\Container->call()
#27 /var/www/revboard/vendor/symfony/console/Command/Command.php(326): Illuminate\\Console\\Command->execute()
#28 /var/www/revboard/vendor/laravel/framework/src/Illuminate/Console/Command.php(180): Symfony\\Component\\Console\\Command\\Command->run()
#29 /var/www/revboard/vendor/symfony/console/Application.php(1096): Illuminate\\Console\\Command->run()
#30 /var/www/revboard/vendor/symfony/console/Application.php(324): Symfony\\Component\\Console\\Application->doRunCommand()
#31 /var/www/revboard/vendor/symfony/console/Application.php(175): Symfony\\Component\\Console\\Application->doRun()
#32 /var/www/revboard/vendor/laravel/framework/src/Illuminate/Foundation/Console/Kernel.php(201): Symfony\\Component\\Console\\Application->run()
#33 /var/www/revboard/artisan(35): Illuminate\\Foundation\\Console\\Kernel->handle()
#34 {main}
"} 
[2024-07-07 14:46:38] local.ERROR: Email "placeholder" does not comply with addr-spec of RFC 2822. {"exception":"[object] (Symfony\\Component\\Mime\\Exception\\RfcComplianceException(code: 0): Email \"placeholder\" does not comply with addr-spec of RFC 2822. at /var/www/revboard/vendor/symfony/mime/Address.php:54)
[stacktrace]
#0 /var/www/revboard/vendor/laravel/framework/src/Illuminate/Mail/Message.php(58): Symfony\\Component\\Mime\\Address->__construct()
#1 /var/www/revboard/vendor/laravel/framework/src/Illuminate/Mail/Mailer.php(547): Illuminate\\Mail\\Message->from()
#2 /var/www/revboard/vendor/laravel/framework/src/Illuminate/Mail/Mailer.php(311): Illuminate\\Mail\\Mailer->createMessage()
#3 /var/www/revboard/vendor/laravel/framework/src/Illuminate/Notifications/Channels/MailChannel.php(66): Illuminate\\Mail\\Mailer->send()
#4 /var/www/revboard/vendor/laravel/framework/src/Illuminate/Notifications/NotificationSender.php(148): Illuminate\\Notifications\\Channels\\MailChannel->send()
#5 /var/www/revboard/vendor/laravel/framework/src/Illuminate/Notifications/NotificationSender.php(106): Illuminate\\Notifications\\NotificationSender->sendToNotifiable()
#6 /var/www/revboard/vendor/laravel/framework/src/Illuminate/Support/Traits/Localizable.php(19): Illuminate\\Notifications\\NotificationSender->Illuminate\\Notifications\\{closure}()
#7 /var/www/revboard/vendor/laravel/framework/src/Illuminate/Notifications/NotificationSender.php(101): Illuminate\\Notifications\\NotificationSender->withLocale()
#8 /var/www/revboard/vendor/laravel/framework/src/Illuminate/Notifications/ChannelManager.php(54): Illuminate\\Notifications\\NotificationSender->sendNow()
#9 /var/www/revboard/vendor/laravel/framework/src/Illuminate/Notifications/SendQueuedNotifications.php(119): Illuminate\\Notifications\\ChannelManager->sendNow()
#10 /var/www/revboard/vendor/laravel/framework/src/Illuminate/Container/BoundMethod.php(36): Illuminate\\Notifications\\SendQueuedNotifications->handle()
#11 /var/www/revboard/vendor/laravel/framework/src/Illuminate/Container/Util.php(41): Illuminate\\Container\\BoundMethod::Illuminate\\Container\\{closure}()
#12 /var/www/revboard/vendor/laravel/framework/src/Illuminate/Container/BoundMethod.php(93): Illuminate\\Container\\Util::unwrapIfClosure()
#13 /var/www/revboard/vendor/laravel/framework/src/Illuminate/Container/BoundMethod.php(35): Illuminate\\Container\\BoundMethod::callBoundMethod()
#14 /var/www/revboard/vendor/laravel/framework/src/Illuminate/Container/Container.php(662): Illuminate\\Container\\BoundMethod::call()
#15 /var/www/revboard/vendor/laravel/framework/src/Illuminate/Bus/Dispatcher.php(128): Illuminate\\Container\\Container->call()
#16 /var/www/revboard/vendor/laravel/framework/src/Illuminate/Pipeline/Pipeline.php(144): Illuminate\\Bus\\Dispatcher->Illuminate\\Bus\\{closure}()
#17 /var/www/revboard/vendor/laravel/framework/src/Illuminate/Pipeline/Pipeline.php(119): Illuminate\\Pipeline\\Pipeline->Illuminate\\Pipeline\\{closure}()
#18 /var/www/revboard/vendor/laravel/framework/src/Illuminate/Bus/Dispatcher.php(132): Illuminate\\Pipeline\\Pipeline->then()
#19 /var/www/revboard/vendor/laravel/framework/src/Illuminate/Queue/CallQueuedHandler.php(123): Illuminate\\Bus\\Dispatcher->dispatchNow()
#20 /var/www/revboard/vendor/laravel/framework/src/Illuminate/Pipeline/Pipeline.php(144): Illuminate\\Queue\\CallQueuedHandler->Illuminate\\Queue\\{closure}()
#21 /var/www/revboard/vendor/laravel/framework/src/Illuminate/Pipeline/Pipeline.php(119): Illuminate\\Pipeline\\Pipeline->Illuminate\\Pipeline\\{closure}()
#22 /var/www/revboard/vendor/laravel/framework/src/Illuminate/Queue/CallQueuedHandler.php(122): Illuminate\\Pipeline\\Pipeline->then()
#23 /var/www/revboard/vendor/laravel/framework/src/Illuminate/Queue/CallQueuedHandler.php(70): Illuminate\\Queue\\CallQueuedHandler->dispatchThroughMiddleware()
#24 /var/www/revboard/vendor/laravel/framework/src/Illuminate/Queue/Jobs/Job.php(102): Illuminate\\Queue\\CallQueuedHandler->call()
#25 /var/www/revboard/vendor/laravel/framework/src/Illuminate/Queue/Worker.php(439): Illuminate\\Queue\\Jobs\\Job->fire()
#26 /var/www/revboard/vendor/laravel/framework/src/Illuminate/Queue/Worker.php(389): Illuminate\\Queue\\Worker->process()
#27 /var/www/revboard/vendor/laravel/framework/src/Illuminate/Queue/Worker.php(176): Illuminate\\Queue\\Worker->runJob()
#28 /var/www/revboard/vendor/laravel/framework/src/Illuminate/Queue/Console/WorkCommand.php(137): Illuminate\\Queue\\Worker->daemon()
#29 /var/www/revboard/vendor/laravel/framework/src/Illuminate/Queue/Console/WorkCommand.php(120): Illuminate\\Queue\\Console\\WorkCommand->runWorker()
#30 /var/www/revboard/vendor/laravel/framework/src/Illuminate/Container/BoundMethod.php(36): Illuminate\\Queue\\Console\\WorkCommand->handle()
#31 /var/www/revboard/vendor/laravel/framework/src/Illuminate/Container/Util.php(41): Illuminate\\Container\\BoundMethod::Illuminate\\Container\\{closure}()
#32 /var/www/revboard/vendor/laravel/framework/src/Illuminate/Container/BoundMethod.php(93): Illuminate\\Container\\Util::unwrapIfClosure()
#33 /var/www/revboard/vendor/laravel/framework/src/Illuminate/Container/BoundMethod.php(35): Illuminate\\Container\\BoundMethod::callBoundMethod()
#34 /var/www/revboard/vendor/laravel/framework/src/Illuminate/Container/Container.php(662): Illuminate\\Container\\BoundMethod::call()
#35 /var/www/revboard/vendor/laravel/framework/src/Illuminate/Console/Command.php(211): Illuminate\\Container\\Container->call()
#36 /var/www/revboard/vendor/symfony/console/Command/Command.php(326): Illuminate\\Console\\Command->execute()
#37 /var/www/revboard/vendor/laravel/framework/src/Illuminate/Console/Command.php(180): Symfony\\Component\\Console\\Command\\Command->run()
#38 /var/www/revboard/vendor/symfony/console/Application.php(1096): Illuminate\\Console\\Command->run()
#39 /var/www/revboard/vendor/symfony/console/Application.php(324): Symfony\\Component\\Console\\Application->doRunCommand()
#40 /var/www/revboard/vendor/symfony/console/Application.php(175): Symfony\\Component\\Console\\Application->doRun()
#41 /var/www/revboard/vendor/laravel/framework/src/Illuminate/Foundation/Console/Kernel.php(201): Symfony\\Component\\Console\\Application->run()
#42 /var/www/revboard/artisan(35): Illuminate\\Foundation\\Console\\Kernel->handle()
#43 {main}
"} 
[2024-07-07 14:46:38] local.ERROR: Email "placeholder" does not comply with addr-spec of RFC 2822. {"exception":"[object] (Symfony\\Component\\Mime\\Exception\\RfcComplianceException(code: 0): Email \"placeholder\" does not comply with addr-spec of RFC 2822. at /var/www/revboard/vendor/symfony/mime/Address.php:54)
[stacktrace]
#0 /var/www/revboard/vendor/laravel/framework/src/Illuminate/Mail/Message.php(58): Symfony\\Component\\Mime\\Address->__construct()
#1 /var/www/revboard/vendor/laravel/framework/src/Illuminate/Mail/Mailer.php(547): Illuminate\\Mail\\Message->from()
#2 /var/www/revboard/vendor/laravel/framework/src/Illuminate/Mail/Mailer.php(311): Illuminate\\Mail\\Mailer->createMessage()
#3 /var/www/revboard/vendor/laravel/framework/src/Illuminate/Notifications/Channels/MailChannel.php(66): Illuminate\\Mail\\Mailer->send()
#4 /var/www/revboard/vendor/laravel/framework/src/Illuminate/Notifications/NotificationSender.php(148): Illuminate\\Notifications\\Channels\\MailChannel->send()
#5 /var/www/revboard/vendor/laravel/framework/src/Illuminate/Notifications/NotificationSender.php(106): Illuminate\\Notifications\\NotificationSender->sendToNotifiable()
#6 /var/www/revboard/vendor/laravel/framework/src/Illuminate/Support/Traits/Localizable.php(19): Illuminate\\Notifications\\NotificationSender->Illuminate\\Notifications\\{closure}()
#7 /var/www/revboard/vendor/laravel/framework/src/Illuminate/Notifications/NotificationSender.php(101): Illuminate\\Notifications\\NotificationSender->withLocale()
#8 /var/www/revboard/vendor/laravel/framework/src/Illuminate/Notifications/ChannelManager.php(54): Illuminate\\Notifications\\NotificationSender->sendNow()
#9 /var/www/revboard/vendor/laravel/framework/src/Illuminate/Notifications/SendQueuedNotifications.php(119): Illuminate\\Notifications\\ChannelManager->sendNow()
#10 /var/www/revboard/vendor/laravel/framework/src/Illuminate/Container/BoundMethod.php(36): Illuminate\\Notifications\\SendQueuedNotifications->handle()
#11 /var/www/revboard/vendor/laravel/framework/src/Illuminate/Container/Util.php(41): Illuminate\\Container\\BoundMethod::Illuminate\\Container\\{closure}()
#12 /var/www/revboard/vendor/laravel/framework/src/Illuminate/Container/BoundMethod.php(93): Illuminate\\Container\\Util::unwrapIfClosure()
#13 /var/www/revboard/vendor/laravel/framework/src/Illuminate/Container/BoundMethod.php(35): Illuminate\\Container\\BoundMethod::callBoundMethod()
#14 /var/www/revboard/vendor/laravel/framework/src/Illuminate/Container/Container.php(662): Illuminate\\Container\\BoundMethod::call()
#15 /var/www/revboard/vendor/laravel/framework/src/Illuminate/Bus/Dispatcher.php(128): Illuminate\\Container\\Container->call()
#16 /var/www/revboard/vendor/laravel/framework/src/Illuminate/Pipeline/Pipeline.php(144): Illuminate\\Bus\\Dispatcher->Illuminate\\Bus\\{closure}()
#17 /var/www/revboard/vendor/laravel/framework/src/Illuminate/Pipeline/Pipeline.php(119): Illuminate\\Pipeline\\Pipeline->Illuminate\\Pipeline\\{closure}()
#18 /var/www/revboard/vendor/laravel/framework/src/Illuminate/Bus/Dispatcher.php(132): Illuminate\\Pipeline\\Pipeline->then()
#19 /var/www/revboard/vendor/laravel/framework/src/Illuminate/Queue/CallQueuedHandler.php(123): Illuminate\\Bus\\Dispatcher->dispatchNow()
#20 /var/www/revboard/vendor/laravel/framework/src/Illuminate/Pipeline/Pipeline.php(144): Illuminate\\Queue\\CallQueuedHandler->Illuminate\\Queue\\{closure}()
#21 /var/www/revboard/vendor/laravel/framework/src/Illuminate/Pipeline/Pipeline.php(119): Illuminate\\Pipeline\\Pipeline->Illuminate\\Pipeline\\{closure}()
#22 /var/www/revboard/vendor/laravel/framework/src/Illuminate/Queue/CallQueuedHandler.php(122): Illuminate\\Pipeline\\Pipeline->then()
#23 /var/www/revboard/vendor/laravel/framework/src/Illuminate/Queue/CallQueuedHandler.php(70): Illuminate\\Queue\\CallQueuedHandler->dispatchThroughMiddleware()
#24 /var/www/revboard/vendor/laravel/framework/src/Illuminate/Queue/Jobs/Job.php(102): Illuminate\\Queue\\CallQueuedHandler->call()
#25 /var/www/revboard/vendor/laravel/framework/src/Illuminate/Queue/Worker.php(439): Illuminate\\Queue\\Jobs\\Job->fire()
#26 /var/www/revboard/vendor/laravel/framework/src/Illuminate/Queue/Worker.php(389): Illuminate\\Queue\\Worker->process()
#27 /var/www/revboard/vendor/laravel/framework/src/Illuminate/Queue/Worker.php(176): Illuminate\\Queue\\Worker->runJob()
#28 /var/www/revboard/vendor/laravel/framework/src/Illuminate/Queue/Console/WorkCommand.php(137): Illuminate\\Queue\\Worker->daemon()
#29 /var/www/revboard/vendor/laravel/framework/src/Illuminate/Queue/Console/WorkCommand.php(120): Illuminate\\Queue\\Console\\WorkCommand->runWorker()
#30 /var/www/revboard/vendor/laravel/framework/src/Illuminate/Container/BoundMethod.php(36): Illuminate\\Queue\\Console\\WorkCommand->handle()
#31 /var/www/revboard/vendor/laravel/framework/src/Illuminate/Container/Util.php(41): Illuminate\\Container\\BoundMethod::Illuminate\\Container\\{closure}()
#32 /var/www/revboard/vendor/laravel/framework/src/Illuminate/Container/BoundMethod.php(93): Illuminate\\Container\\Util::unwrapIfClosure()
#33 /var/www/revboard/vendor/laravel/framework/src/Illuminate/Container/BoundMethod.php(35): Illuminate\\Container\\BoundMethod::callBoundMethod()
#34 /var/www/revboard/vendor/laravel/framework/src/Illuminate/Container/Container.php(662): Illuminate\\Container\\BoundMethod::call()
#35 /var/www/revboard/vendor/laravel/framework/src/Illuminate/Console/Command.php(211): Illuminate\\Container\\Container->call()
#36 /var/www/revboard/vendor/symfony/console/Command/Command.php(326): Illuminate\\Console\\Command->execute()
#37 /var/www/revboard/vendor/laravel/framework/src/Illuminate/Console/Command.php(180): Symfony\\Component\\Console\\Command\\Command->run()
#38 /var/www/revboard/vendor/symfony/console/Application.php(1096): Illuminate\\Console\\Command->run()
#39 /var/www/revboard/vendor/symfony/console/Application.php(324): Symfony\\Component\\Console\\Application->doRunCommand()
#40 /var/www/revboard/vendor/symfony/console/Application.php(175): Symfony\\Component\\Console\\Application->doRun()
#41 /var/www/revboard/vendor/laravel/framework/src/Illuminate/Foundation/Console/Kernel.php(201): Symfony\\Component\\Console\\Application->run()
#42 /var/www/revboard/artisan(35): Illuminate\\Foundation\\Console\\Kernel->handle()
#43 {main}
"} 
[2024-07-07 14:46:39] local.ERROR: SQLSTATE[23000]: Integrity constraint violation: 1062 Duplicate entry '' for key 'failed_jobs.PRIMARY' (Connection: mysql, SQL: insert into `failed_jobs` (`uuid`, `connection`, `queue`, `payload`, `exception`, `failed_at`) values (9c73b317-69f0-40ea-a75c-b392cb416507, database, default, {"uuid":"9c73b317-69f0-40ea-a75c-b392cb416507","displayName":"App\\Notifications\\MinuteApprovalRequestNotification","job":"Illuminate\\Queue\\CallQueuedHandler@call","maxTries":null,"maxExceptions":null,"failOnTimeout":false,"backoff":null,"timeout":null,"retryUntil":null,"data":{"commandName":"Illuminate\\Notifications\\SendQueuedNotifications","command":"O:48:\"Illuminate\\Notifications\\SendQueuedNotifications\":3:{s:11:\"notifiables\";O:45:\"Illuminate\\Contracts\\Database\\ModelIdentifier\":5:{s:5:\"class\";s:15:\"App\\Models\\User\";s:2:\"id\";a:1:{i:0;s:36:\"9c76e9c4-6120-4db8-ab6f-5c981d678fa8\";}s:9:\"relations\";a:2:{i:0;s:5:\"roles\";i:1;s:17:\"roles.permissions\";}s:10:\"connection\";s:5:\"mysql\";s:15:\"collectionClass\";N;}s:12:\"notification\";O:51:\"App\\Notifications\\MinuteApprovalRequestNotification\":4:{s:7:\"\u0000*\u0000user\";O:45:\"Illuminate\\Contracts\\Database\\ModelIdentifier\":5:{s:5:\"class\";s:15:\"App\\Models\\User\";s:2:\"id\";s:36:\"9c76e9c4-6120-4db8-ab6f-5c981d678fa8\";s:9:\"relations\";a:2:{i:0;s:5:\"roles\";i:1;s:17:\"roles.permissions\";}s:10:\"connection\";s:5:\"mysql\";s:15:\"collectionClass\";N;}s:9:\"\u0000*\u0000minute\";O:45:\"Illuminate\\Contracts\\Database\\ModelIdentifier\":5:{s:5:\"class\";s:32:\"App\\Models\\Module\\Meeting\\Minute\";s:2:\"id\";s:36:\"9c7702c7-1f77-4816-bb39-e549a1142284\";s:9:\"relations\";a:12:{i:0;s:8:\"schedule\";i:1;s:16:\"schedule.meeting\";i:2;s:20:\"schedule.attendances\";i:3;s:31:\"schedule.attendances.membership\";i:4;s:40:\"schedule.attendances.membership.position\";i:5;s:36:\"schedule.attendances.membership.user\";i:6;s:42:\"schedule.attendances.membership.user.roles\";i:7;s:54:\"schedule.attendances.membership.user.roles.permissions\";i:8;s:44:\"schedule.attendances.membership.user.profile\";i:9;s:29:\"schedule.attendances.schedule\";i:10;s:37:\"schedule.attendances.schedule.meeting\";i:11;s:26:\"schedule.attendances.media\";}s:10:\"connection\";s:5:\"mysql\";s:15:\"collectionClass\";N;}s:16:\"\u0000*\u0000updateMessage\";s:92:\"The minutes for the meeting titled 'Metting 1', held on '14-07-2024', have been established.\";s:2:\"id\";s:36:\"eb04dfcc-b42b-43ce-af49-b31b43d63b6e\";}s:8:\"channels\";a:1:{i:0;s:4:\"mail\";}}"}}, Symfony\Component\Mime\Exception\RfcComplianceException: Email "placeholder" does not comply with addr-spec of RFC 2822. in /var/www/revboard/vendor/symfony/mime/Address.php:54
Stack trace:
#0 /var/www/revboard/vendor/laravel/framework/src/Illuminate/Mail/Message.php(58): Symfony\Component\Mime\Address->__construct()
#1 /var/www/revboard/vendor/laravel/framework/src/Illuminate/Mail/Mailer.php(547): Illuminate\Mail\Message->from()
#2 /var/www/revboard/vendor/laravel/framework/src/Illuminate/Mail/Mailer.php(311): Illuminate\Mail\Mailer->createMessage()
#3 /var/www/revboard/vendor/laravel/framework/src/Illuminate/Notifications/Channels/MailChannel.php(66): Illuminate\Mail\Mailer->send()
#4 /var/www/revboard/vendor/laravel/framework/src/Illuminate/Notifications/NotificationSender.php(148): Illuminate\Notifications\Channels\MailChannel->send()
#5 /var/www/revboard/vendor/laravel/framework/src/Illuminate/Notifications/NotificationSender.php(106): Illuminate\Notifications\NotificationSender->sendToNotifiable()
#6 /var/www/revboard/vendor/laravel/framework/src/Illuminate/Support/Traits/Localizable.php(19): Illuminate\Notifications\NotificationSender->Illuminate\Notifications\{closure}()
#7 /var/www/revboard/vendor/laravel/framework/src/Illuminate/Notifications/NotificationSender.php(101): Illuminate\Notifications\NotificationSender->withLocale()
#8 /var/www/revboard/vendor/laravel/framework/src/Illuminate/Notifications/ChannelManager.php(54): Illuminate\Notifications\NotificationSender->sendNow()
#9 /var/www/revboard/vendor/laravel/framework/src/Illuminate/Notifications/SendQueuedNotifications.php(119): Illuminate\Notifications\ChannelManager->sendNow()
#10 /var/www/revboard/vendor/laravel/framework/src/Illuminate/Container/BoundMethod.php(36): Illuminate\Notifications\SendQueuedNotifications->handle()
#11 /var/www/revboard/vendor/laravel/framework/src/Illuminate/Container/Util.php(41): Illuminate\Container\BoundMethod::Illuminate\Container\{closure}()
#12 /var/www/revboard/vendor/laravel/framework/src/Illuminate/Container/BoundMethod.php(93): Illuminate\Container\Util::unwrapIfClosure()
#13 /var/www/revboard/vendor/laravel/framework/src/Illuminate/Container/BoundMethod.php(35): Illuminate\Container\BoundMethod::callBoundMethod()
#14 /var/www/revboard/vendor/laravel/framework/src/Illuminate/Container/Container.php(662): Illuminate\Container\BoundMethod::call()
#15 /var/www/revboard/vendor/laravel/framework/src/Illuminate/Bus/Dispatcher.php(128): Illuminate\Container\Container->call()
#16 /var/www/revboard/vendor/laravel/framework/src/Illuminate/Pipeline/Pipeline.php(144): Illuminate\Bus\Dispatcher->Illuminate\Bus\{closure}()
#17 /var/www/revboard/vendor/laravel/framework/src/Illuminate/Pipeline/Pipeline.php(119): Illuminate\Pipeline\Pipeline->Illuminate\Pipeline\{closure}()
#18 /var/www/revboard/vendor/laravel/framework/src/Illuminate/Bus/Dispatcher.php(132): Illuminate\Pipeline\Pipeline->then()
#19 /var/www/revboard/vendor/laravel/framework/src/Illuminate/Queue/CallQueuedHandler.php(123): Illuminate\Bus\Dispatcher->dispatchNow()
#20 /var/www/revboard/vendor/laravel/framework/src/Illuminate/Pipeline/Pipeline.php(144): Illuminate\Queue\CallQueuedHandler->Illuminate\Queue\{closure}()
#21 /var/www/revboard/vendor/laravel/framework/src/Illuminate/Pipeline/Pipeline.php(119): Illuminate\Pipeline\Pipeline->Illuminate\Pipeline\{closure}()
#22 /var/www/revboard/vendor/laravel/framework/src/Illuminate/Queue/CallQueuedHandler.php(122): Illuminate\Pipeline\Pipeline->then()
#23 /var/www/revboard/vendor/laravel/framework/src/Illuminate/Queue/CallQueuedHandler.php(70): Illuminate\Queue\CallQueuedHandler->dispatchThroughMiddleware()
#24 /var/www/revboard/vendor/laravel/framework/src/Illuminate/Queue/Jobs/Job.php(102): Illuminate\Queue\CallQueuedHandler->call()
#25 /var/www/revboard/vendor/laravel/framework/src/Illuminate/Queue/Worker.php(439): Illuminate\Queue\Jobs\Job->fire()
#26 /var/www/revboard/vendor/laravel/framework/src/Illuminate/Queue/Worker.php(389): Illuminate\Queue\Worker->process()
#27 /var/www/revboard/vendor/laravel/framework/src/Illuminate/Queue/Worker.php(176): Illuminate\Queue\Worker->runJob()
#28 /var/www/revboard/vendor/laravel/framework/src/Illuminate/Queue/Console/WorkCommand.php(137): Illuminate\Queue\Worker->daemon()
#29 /var/www/revboard/vendor/laravel/framework/src/Illuminate/Queue/Console/WorkCommand.php(120): Illuminate\Queue\Console\WorkCommand->runWorker()
#30 /var/www/revboard/vendor/laravel/framework/src/Illuminate/Container/BoundMethod.php(36): Illuminate\Queue\Console\WorkCommand->handle()
#31 /var/www/revboard/vendor/laravel/framework/src/Illuminate/Container/Util.php(41): Illuminate\Container\BoundMethod::Illuminate\Container\{closure}()
#32 /var/www/revboard/vendor/laravel/framework/src/Illuminate/Container/BoundMethod.php(93): Illuminate\Container\Util::unwrapIfClosure()
#33 /var/www/revboard/vendor/laravel/framework/src/Illuminate/Container/BoundMethod.php(35): Illuminate\Container\BoundMethod::callBoundMethod()
#34 /var/www/revboard/vendor/laravel/framework/src/Illuminate/Container/Container.php(662): Illuminate\Container\BoundMethod::call()
#35 /var/www/revboard/vendor/laravel/framework/src/Illuminate/Console/Command.php(211): Illuminate\Container\Container->call()
#36 /var/www/revboard/vendor/symfony/console/Command/Command.php(326): Illuminate\Console\Command->execute()
#37 /var/www/revboard/vendor/laravel/framework/src/Illuminate/Console/Command.php(180): Symfony\Component\Console\Command\Command->run()
#38 /var/www/revboard/vendor/symfony/console/Application.php(1096): Illuminate\Console\Command->run()
#39 /var/www/revboard/vendor/symfony/console/Application.php(324): Symfony\Component\Console\Application->doRunCommand()
#40 /var/www/revboard/vendor/symfony/console/Application.php(175): Symfony\Component\Console\Application->doRun()
#41 /var/www/revboard/vendor/laravel/framework/src/Illuminate/Foundation/Console/Kernel.php(201): Symfony\Component\Console\Application->run()
#42 /var/www/revboard/artisan(35): Illuminate\Foundation\Console\Kernel->handle()
#43 {main}, 2024-07-07 14:46:39)) {"exception":"[object] (Illuminate\\Database\\UniqueConstraintViolationException(code: 23000): SQLSTATE[23000]: Integrity constraint violation: 1062 Duplicate entry '' for key 'failed_jobs.PRIMARY' (Connection: mysql, SQL: insert into `failed_jobs` (`uuid`, `connection`, `queue`, `payload`, `exception`, `failed_at`) values (9c73b317-69f0-40ea-a75c-b392cb416507, database, default, {\"uuid\":\"9c73b317-69f0-40ea-a75c-b392cb416507\",\"displayName\":\"App\\\\Notifications\\\\MinuteApprovalRequestNotification\",\"job\":\"Illuminate\\\\Queue\\\\CallQueuedHandler@call\",\"maxTries\":null,\"maxExceptions\":null,\"failOnTimeout\":false,\"backoff\":null,\"timeout\":null,\"retryUntil\":null,\"data\":{\"commandName\":\"Illuminate\\\\Notifications\\\\SendQueuedNotifications\",\"command\":\"O:48:\\\"Illuminate\\\\Notifications\\\\SendQueuedNotifications\\\":3:{s:11:\\\"notifiables\\\";O:45:\\\"Illuminate\\\\Contracts\\\\Database\\\\ModelIdentifier\\\":5:{s:5:\\\"class\\\";s:15:\\\"App\\\\Models\\\\User\\\";s:2:\\\"id\\\";a:1:{i:0;s:36:\\\"9c76e9c4-6120-4db8-ab6f-5c981d678fa8\\\";}s:9:\\\"relations\\\";a:2:{i:0;s:5:\\\"roles\\\";i:1;s:17:\\\"roles.permissions\\\";}s:10:\\\"connection\\\";s:5:\\\"mysql\\\";s:15:\\\"collectionClass\\\";N;}s:12:\\\"notification\\\";O:51:\\\"App\\\\Notifications\\\\MinuteApprovalRequestNotification\\\":4:{s:7:\\\"\\u0000*\\u0000user\\\";O:45:\\\"Illuminate\\\\Contracts\\\\Database\\\\ModelIdentifier\\\":5:{s:5:\\\"class\\\";s:15:\\\"App\\\\Models\\\\User\\\";s:2:\\\"id\\\";s:36:\\\"9c76e9c4-6120-4db8-ab6f-5c981d678fa8\\\";s:9:\\\"relations\\\";a:2:{i:0;s:5:\\\"roles\\\";i:1;s:17:\\\"roles.permissions\\\";}s:10:\\\"connection\\\";s:5:\\\"mysql\\\";s:15:\\\"collectionClass\\\";N;}s:9:\\\"\\u0000*\\u0000minute\\\";O:45:\\\"Illuminate\\\\Contracts\\\\Database\\\\ModelIdentifier\\\":5:{s:5:\\\"class\\\";s:32:\\\"App\\\\Models\\\\Module\\\\Meeting\\\\Minute\\\";s:2:\\\"id\\\";s:36:\\\"9c7702c7-1f77-4816-bb39-e549a1142284\\\";s:9:\\\"relations\\\";a:12:{i:0;s:8:\\\"schedule\\\";i:1;s:16:\\\"schedule.meeting\\\";i:2;s:20:\\\"schedule.attendances\\\";i:3;s:31:\\\"schedule.attendances.membership\\\";i:4;s:40:\\\"schedule.attendances.membership.position\\\";i:5;s:36:\\\"schedule.attendances.membership.user\\\";i:6;s:42:\\\"schedule.attendances.membership.user.roles\\\";i:7;s:54:\\\"schedule.attendances.membership.user.roles.permissions\\\";i:8;s:44:\\\"schedule.attendances.membership.user.profile\\\";i:9;s:29:\\\"schedule.attendances.schedule\\\";i:10;s:37:\\\"schedule.attendances.schedule.meeting\\\";i:11;s:26:\\\"schedule.attendances.media\\\";}s:10:\\\"connection\\\";s:5:\\\"mysql\\\";s:15:\\\"collectionClass\\\";N;}s:16:\\\"\\u0000*\\u0000updateMessage\\\";s:92:\\\"The minutes for the meeting titled 'Metting 1', held on '14-07-2024', have been established.\\\";s:2:\\\"id\\\";s:36:\\\"eb04dfcc-b42b-43ce-af49-b31b43d63b6e\\\";}s:8:\\\"channels\\\";a:1:{i:0;s:4:\\\"mail\\\";}}\"}}, Symfony\\Component\\Mime\\Exception\\RfcComplianceException: Email \"placeholder\" does not comply with addr-spec of RFC 2822. in /var/www/revboard/vendor/symfony/mime/Address.php:54
Stack trace:
#0 /var/www/revboard/vendor/laravel/framework/src/Illuminate/Mail/Message.php(58): Symfony\\Component\\Mime\\Address->__construct()
#1 /var/www/revboard/vendor/laravel/framework/src/Illuminate/Mail/Mailer.php(547): Illuminate\\Mail\\Message->from()
#2 /var/www/revboard/vendor/laravel/framework/src/Illuminate/Mail/Mailer.php(311): Illuminate\\Mail\\Mailer->createMessage()
#3 /var/www/revboard/vendor/laravel/framework/src/Illuminate/Notifications/Channels/MailChannel.php(66): Illuminate\\Mail\\Mailer->send()
#4 /var/www/revboard/vendor/laravel/framework/src/Illuminate/Notifications/NotificationSender.php(148): Illuminate\\Notifications\\Channels\\MailChannel->send()
#5 /var/www/revboard/vendor/laravel/framework/src/Illuminate/Notifications/NotificationSender.php(106): Illuminate\\Notifications\\NotificationSender->sendToNotifiable()
#6 /var/www/revboard/vendor/laravel/framework/src/Illuminate/Support/Traits/Localizable.php(19): Illuminate\\Notifications\\NotificationSender->Illuminate\\Notifications\\{closure}()
#7 /var/www/revboard/vendor/laravel/framework/src/Illuminate/Notifications/NotificationSender.php(101): Illuminate\\Notifications\\NotificationSender->withLocale()
#8 /var/www/revboard/vendor/laravel/framework/src/Illuminate/Notifications/ChannelManager.php(54): Illuminate\\Notifications\\NotificationSender->sendNow()
#9 /var/www/revboard/vendor/laravel/framework/src/Illuminate/Notifications/SendQueuedNotifications.php(119): Illuminate\\Notifications\\ChannelManager->sendNow()
#10 /var/www/revboard/vendor/laravel/framework/src/Illuminate/Container/BoundMethod.php(36): Illuminate\\Notifications\\SendQueuedNotifications->handle()
#11 /var/www/revboard/vendor/laravel/framework/src/Illuminate/Container/Util.php(41): Illuminate\\Container\\BoundMethod::Illuminate\\Container\\{closure}()
#12 /var/www/revboard/vendor/laravel/framework/src/Illuminate/Container/BoundMethod.php(93): Illuminate\\Container\\Util::unwrapIfClosure()
#13 /var/www/revboard/vendor/laravel/framework/src/Illuminate/Container/BoundMethod.php(35): Illuminate\\Container\\BoundMethod::callBoundMethod()
#14 /var/www/revboard/vendor/laravel/framework/src/Illuminate/Container/Container.php(662): Illuminate\\Container\\BoundMethod::call()
#15 /var/www/revboard/vendor/laravel/framework/src/Illuminate/Bus/Dispatcher.php(128): Illuminate\\Container\\Container->call()
#16 /var/www/revboard/vendor/laravel/framework/src/Illuminate/Pipeline/Pipeline.php(144): Illuminate\\Bus\\Dispatcher->Illuminate\\Bus\\{closure}()
#17 /var/www/revboard/vendor/laravel/framework/src/Illuminate/Pipeline/Pipeline.php(119): Illuminate\\Pipeline\\Pipeline->Illuminate\\Pipeline\\{closure}()
#18 /var/www/revboard/vendor/laravel/framework/src/Illuminate/Bus/Dispatcher.php(132): Illuminate\\Pipeline\\Pipeline->then()
#19 /var/www/revboard/vendor/laravel/framework/src/Illuminate/Queue/CallQueuedHandler.php(123): Illuminate\\Bus\\Dispatcher->dispatchNow()
#20 /var/www/revboard/vendor/laravel/framework/src/Illuminate/Pipeline/Pipeline.php(144): Illuminate\\Queue\\CallQueuedHandler->Illuminate\\Queue\\{closure}()
#21 /var/www/revboard/vendor/laravel/framework/src/Illuminate/Pipeline/Pipeline.php(119): Illuminate\\Pipeline\\Pipeline->Illuminate\\Pipeline\\{closure}()
#22 /var/www/revboard/vendor/laravel/framework/src/Illuminate/Queue/CallQueuedHandler.php(122): Illuminate\\Pipeline\\Pipeline->then()
#23 /var/www/revboard/vendor/laravel/framework/src/Illuminate/Queue/CallQueuedHandler.php(70): Illuminate\\Queue\\CallQueuedHandler->dispatchThroughMiddleware()
#24 /var/www/revboard/vendor/laravel/framework/src/Illuminate/Queue/Jobs/Job.php(102): Illuminate\\Queue\\CallQueuedHandler->call()
#25 /var/www/revboard/vendor/laravel/framework/src/Illuminate/Queue/Worker.php(439): Illuminate\\Queue\\Jobs\\Job->fire()
#26 /var/www/revboard/vendor/laravel/framework/src/Illuminate/Queue/Worker.php(389): Illuminate\\Queue\\Worker->process()
#27 /var/www/revboard/vendor/laravel/framework/src/Illuminate/Queue/Worker.php(176): Illuminate\\Queue\\Worker->runJob()
#28 /var/www/revboard/vendor/laravel/framework/src/Illuminate/Queue/Console/WorkCommand.php(137): Illuminate\\Queue\\Worker->daemon()
#29 /var/www/revboard/vendor/laravel/framework/src/Illuminate/Queue/Console/WorkCommand.php(120): Illuminate\\Queue\\Console\\WorkCommand->runWorker()
#30 /var/www/revboard/vendor/laravel/framework/src/Illuminate/Container/BoundMethod.php(36): Illuminate\\Queue\\Console\\WorkCommand->handle()
#31 /var/www/revboard/vendor/laravel/framework/src/Illuminate/Container/Util.php(41): Illuminate\\Container\\BoundMethod::Illuminate\\Container\\{closure}()
#32 /var/www/revboard/vendor/laravel/framework/src/Illuminate/Container/BoundMethod.php(93): Illuminate\\Container\\Util::unwrapIfClosure()
#33 /var/www/revboard/vendor/laravel/framework/src/Illuminate/Container/BoundMethod.php(35): Illuminate\\Container\\BoundMethod::callBoundMethod()
#34 /var/www/revboard/vendor/laravel/framework/src/Illuminate/Container/Container.php(662): Illuminate\\Container\\BoundMethod::call()
#35 /var/www/revboard/vendor/laravel/framework/src/Illuminate/Console/Command.php(211): Illuminate\\Container\\Container->call()
#36 /var/www/revboard/vendor/symfony/console/Command/Command.php(326): Illuminate\\Console\\Command->execute()
#37 /var/www/revboard/vendor/laravel/framework/src/Illuminate/Console/Command.php(180): Symfony\\Component\\Console\\Command\\Command->run()
#38 /var/www/revboard/vendor/symfony/console/Application.php(1096): Illuminate\\Console\\Command->run()
#39 /var/www/revboard/vendor/symfony/console/Application.php(324): Symfony\\Component\\Console\\Application->doRunCommand()
#40 /var/www/revboard/vendor/symfony/console/Application.php(175): Symfony\\Component\\Console\\Application->doRun()
#41 /var/www/revboard/vendor/laravel/framework/src/Illuminate/Foundation/Console/Kernel.php(201): Symfony\\Component\\Console\\Application->run()
#42 /var/www/revboard/artisan(35): Illuminate\\Foundation\\Console\\Kernel->handle()
#43 {main}, 2024-07-07 14:46:39)) at /var/www/revboard/vendor/laravel/framework/src/Illuminate/Database/Connection.php:824)
[stacktrace]
#0 /var/www/revboard/vendor/laravel/framework/src/Illuminate/Database/Connection.php(783): Illuminate\\Database\\Connection->runQueryCallback()
#1 /var/www/revboard/vendor/laravel/framework/src/Illuminate/Database/Connection.php(576): Illuminate\\Database\\Connection->run()
#2 /var/www/revboard/vendor/laravel/framework/src/Illuminate/Database/Connection.php(540): Illuminate\\Database\\Connection->statement()
#3 /var/www/revboard/vendor/laravel/framework/src/Illuminate/Database/Query/Builder.php(3456): Illuminate\\Database\\Connection->insert()
#4 /var/www/revboard/vendor/laravel/framework/src/Illuminate/Queue/Failed/DatabaseUuidFailedJobProvider.php(58): Illuminate\\Database\\Query\\Builder->insert()
#5 /var/www/revboard/vendor/laravel/framework/src/Illuminate/Queue/Console/WorkCommand.php(276): Illuminate\\Queue\\Failed\\DatabaseUuidFailedJobProvider->log()
#6 /var/www/revboard/vendor/laravel/framework/src/Illuminate/Queue/Console/WorkCommand.php(186): Illuminate\\Queue\\Console\\WorkCommand->logFailedJob()
#7 /var/www/revboard/vendor/laravel/framework/src/Illuminate/Events/Dispatcher.php(458): Illuminate\\Queue\\Console\\WorkCommand->Illuminate\\Queue\\Console\\{closure}()
#8 /var/www/revboard/vendor/laravel/framework/src/Illuminate/Events/Dispatcher.php(286): Illuminate\\Events\\Dispatcher->Illuminate\\Events\\{closure}()
#9 /var/www/revboard/vendor/laravel/framework/src/Illuminate/Events/Dispatcher.php(266): Illuminate\\Events\\Dispatcher->invokeListeners()
#10 /var/www/revboard/vendor/laravel/framework/src/Illuminate/Queue/Jobs/Job.php(217): Illuminate\\Events\\Dispatcher->dispatch()
#11 /var/www/revboard/vendor/laravel/framework/src/Illuminate/Queue/Worker.php(596): Illuminate\\Queue\\Jobs\\Job->fail()
#12 /var/www/revboard/vendor/laravel/framework/src/Illuminate/Queue/Worker.php(542): Illuminate\\Queue\\Worker->failJob()
#13 /var/www/revboard/vendor/laravel/framework/src/Illuminate/Queue/Worker.php(465): Illuminate\\Queue\\Worker->markJobAsFailedIfWillExceedMaxAttempts()
#14 /var/www/revboard/vendor/laravel/framework/src/Illuminate/Queue/Worker.php(443): Illuminate\\Queue\\Worker->handleJobException()
#15 /var/www/revboard/vendor/laravel/framework/src/Illuminate/Queue/Worker.php(389): Illuminate\\Queue\\Worker->process()
#16 /var/www/revboard/vendor/laravel/framework/src/Illuminate/Queue/Worker.php(176): Illuminate\\Queue\\Worker->runJob()
#17 /var/www/revboard/vendor/laravel/framework/src/Illuminate/Queue/Console/WorkCommand.php(137): Illuminate\\Queue\\Worker->daemon()
#18 /var/www/revboard/vendor/laravel/framework/src/Illuminate/Queue/Console/WorkCommand.php(120): Illuminate\\Queue\\Console\\WorkCommand->runWorker()
#19 /var/www/revboard/vendor/laravel/framework/src/Illuminate/Container/BoundMethod.php(36): Illuminate\\Queue\\Console\\WorkCommand->handle()
#20 /var/www/revboard/vendor/laravel/framework/src/Illuminate/Container/Util.php(41): Illuminate\\Container\\BoundMethod::Illuminate\\Container\\{closure}()
#21 /var/www/revboard/vendor/laravel/framework/src/Illuminate/Container/BoundMethod.php(93): Illuminate\\Container\\Util::unwrapIfClosure()
#22 /var/www/revboard/vendor/laravel/framework/src/Illuminate/Container/BoundMethod.php(35): Illuminate\\Container\\BoundMethod::callBoundMethod()
#23 /var/www/revboard/vendor/laravel/framework/src/Illuminate/Container/Container.php(662): Illuminate\\Container\\BoundMethod::call()
#24 /var/www/revboard/vendor/laravel/framework/src/Illuminate/Console/Command.php(211): Illuminate\\Container\\Container->call()
#25 /var/www/revboard/vendor/symfony/console/Command/Command.php(326): Illuminate\\Console\\Command->execute()
#26 /var/www/revboard/vendor/laravel/framework/src/Illuminate/Console/Command.php(180): Symfony\\Component\\Console\\Command\\Command->run()
#27 /var/www/revboard/vendor/symfony/console/Application.php(1096): Illuminate\\Console\\Command->run()
#28 /var/www/revboard/vendor/symfony/console/Application.php(324): Symfony\\Component\\Console\\Application->doRunCommand()
#29 /var/www/revboard/vendor/symfony/console/Application.php(175): Symfony\\Component\\Console\\Application->doRun()
#30 /var/www/revboard/vendor/laravel/framework/src/Illuminate/Foundation/Console/Kernel.php(201): Symfony\\Component\\Console\\Application->run()
#31 /var/www/revboard/artisan(35): Illuminate\\Foundation\\Console\\Kernel->handle()
#32 {main}

[previous exception] [object] (PDOException(code: 23000): SQLSTATE[23000]: Integrity constraint violation: 1062 Duplicate entry '' for key 'failed_jobs.PRIMARY' at /var/www/revboard/vendor/laravel/framework/src/Illuminate/Database/Connection.php:587)
[stacktrace]
#0 /var/www/revboard/vendor/laravel/framework/src/Illuminate/Database/Connection.php(587): PDOStatement->execute()
#1 /var/www/revboard/vendor/laravel/framework/src/Illuminate/Database/Connection.php(816): Illuminate\\Database\\Connection->Illuminate\\Database\\{closure}()
#2 /var/www/revboard/vendor/laravel/framework/src/Illuminate/Database/Connection.php(783): Illuminate\\Database\\Connection->runQueryCallback()
#3 /var/www/revboard/vendor/laravel/framework/src/Illuminate/Database/Connection.php(576): Illuminate\\Database\\Connection->run()
#4 /var/www/revboard/vendor/laravel/framework/src/Illuminate/Database/Connection.php(540): Illuminate\\Database\\Connection->statement()
#5 /var/www/revboard/vendor/laravel/framework/src/Illuminate/Database/Query/Builder.php(3456): Illuminate\\Database\\Connection->insert()
#6 /var/www/revboard/vendor/laravel/framework/src/Illuminate/Queue/Failed/DatabaseUuidFailedJobProvider.php(58): Illuminate\\Database\\Query\\Builder->insert()
#7 /var/www/revboard/vendor/laravel/framework/src/Illuminate/Queue/Console/WorkCommand.php(276): Illuminate\\Queue\\Failed\\DatabaseUuidFailedJobProvider->log()
#8 /var/www/revboard/vendor/laravel/framework/src/Illuminate/Queue/Console/WorkCommand.php(186): Illuminate\\Queue\\Console\\WorkCommand->logFailedJob()
#9 /var/www/revboard/vendor/laravel/framework/src/Illuminate/Events/Dispatcher.php(458): Illuminate\\Queue\\Console\\WorkCommand->Illuminate\\Queue\\Console\\{closure}()
#10 /var/www/revboard/vendor/laravel/framework/src/Illuminate/Events/Dispatcher.php(286): Illuminate\\Events\\Dispatcher->Illuminate\\Events\\{closure}()
#11 /var/www/revboard/vendor/laravel/framework/src/Illuminate/Events/Dispatcher.php(266): Illuminate\\Events\\Dispatcher->invokeListeners()
#12 /var/www/revboard/vendor/laravel/framework/src/Illuminate/Queue/Jobs/Job.php(217): Illuminate\\Events\\Dispatcher->dispatch()
#13 /var/www/revboard/vendor/laravel/framework/src/Illuminate/Queue/Worker.php(596): Illuminate\\Queue\\Jobs\\Job->fail()
#14 /var/www/revboard/vendor/laravel/framework/src/Illuminate/Queue/Worker.php(542): Illuminate\\Queue\\Worker->failJob()
#15 /var/www/revboard/vendor/laravel/framework/src/Illuminate/Queue/Worker.php(465): Illuminate\\Queue\\Worker->markJobAsFailedIfWillExceedMaxAttempts()
#16 /var/www/revboard/vendor/laravel/framework/src/Illuminate/Queue/Worker.php(443): Illuminate\\Queue\\Worker->handleJobException()
#17 /var/www/revboard/vendor/laravel/framework/src/Illuminate/Queue/Worker.php(389): Illuminate\\Queue\\Worker->process()
#18 /var/www/revboard/vendor/laravel/framework/src/Illuminate/Queue/Worker.php(176): Illuminate\\Queue\\Worker->runJob()
#19 /var/www/revboard/vendor/laravel/framework/src/Illuminate/Queue/Console/WorkCommand.php(137): Illuminate\\Queue\\Worker->daemon()
#20 /var/www/revboard/vendor/laravel/framework/src/Illuminate/Queue/Console/WorkCommand.php(120): Illuminate\\Queue\\Console\\WorkCommand->runWorker()
#21 /var/www/revboard/vendor/laravel/framework/src/Illuminate/Container/BoundMethod.php(36): Illuminate\\Queue\\Console\\WorkCommand->handle()
#22 /var/www/revboard/vendor/laravel/framework/src/Illuminate/Container/Util.php(41): Illuminate\\Container\\BoundMethod::Illuminate\\Container\\{closure}()
#23 /var/www/revboard/vendor/laravel/framework/src/Illuminate/Container/BoundMethod.php(93): Illuminate\\Container\\Util::unwrapIfClosure()
#24 /var/www/revboard/vendor/laravel/framework/src/Illuminate/Container/BoundMethod.php(35): Illuminate\\Container\\BoundMethod::callBoundMethod()
#25 /var/www/revboard/vendor/laravel/framework/src/Illuminate/Container/Container.php(662): Illuminate\\Container\\BoundMethod::call()
#26 /var/www/revboard/vendor/laravel/framework/src/Illuminate/Console/Command.php(211): Illuminate\\Container\\Container->call()
#27 /var/www/revboard/vendor/symfony/console/Command/Command.php(326): Illuminate\\Console\\Command->execute()
#28 /var/www/revboard/vendor/laravel/framework/src/Illuminate/Console/Command.php(180): Symfony\\Component\\Console\\Command\\Command->run()
#29 /var/www/revboard/vendor/symfony/console/Application.php(1096): Illuminate\\Console\\Command->run()
#30 /var/www/revboard/vendor/symfony/console/Application.php(324): Symfony\\Component\\Console\\Application->doRunCommand()
#31 /var/www/revboard/vendor/symfony/console/Application.php(175): Symfony\\Component\\Console\\Application->doRun()
#32 /var/www/revboard/vendor/laravel/framework/src/Illuminate/Foundation/Console/Kernel.php(201): Symfony\\Component\\Console\\Application->run()
#33 /var/www/revboard/artisan(35): Illuminate\\Foundation\\Console\\Kernel->handle()
#34 {main}
"} 
[2024-07-07 14:47:40] local.DEBUG: /var/www/revboard/public/build/manifest.json  
[2024-07-07 14:55:01] local.DEBUG: /var/www/revboard/public/build/manifest.json  
[2024-07-07 14:59:57] local.DEBUG: /var/www/revboard/public/build/manifest.json  
[2024-07-07 15:00:02] local.DEBUG: /var/www/revboard/public/build/manifest.json  
[2024-07-07 15:00:49] local.DEBUG: /var/www/revboard/public/build/manifest.json  
[2024-07-07 15:00:54] local.DEBUG: /var/www/revboard/public/build/manifest.json  
[2024-07-07 15:00:59] local.DEBUG: /var/www/revboard/public/build/manifest.json  
[2024-07-07 15:01:52] local.DEBUG: /var/www/revboard/public/build/manifest.json  
[2024-07-07 15:06:24] local.DEBUG: /var/www/revboard/public/build/manifest.json  
[2024-07-07 15:09:44] local.DEBUG: /var/www/revboard/public/build/manifest.json  
[2024-07-07 15:20:31] local.DEBUG: /var/www/revboard/public/build/manifest.json  
[2024-07-07 15:20:36] local.DEBUG: /var/www/revboard/public/build/manifest.json  
[2024-07-07 15:21:45] local.DEBUG: /var/www/revboard/public/build/manifest.json  
[2024-07-07 15:22:44] local.DEBUG: /var/www/revboard/public/build/manifest.json  
[2024-07-07 15:23:00] local.DEBUG: /var/www/revboard/public/build/manifest.json  
[2024-07-07 15:23:20] local.DEBUG: /var/www/revboard/public/build/manifest.json  
[2024-07-07 15:23:26] local.DEBUG: /var/www/revboard/public/build/manifest.json  
[2024-07-07 15:25:22] local.DEBUG: /var/www/revboard/public/build/manifest.json  
[2024-07-07 15:30:59] local.DEBUG: /var/www/revboard/public/build/manifest.json  
[2024-07-07 15:31:09] local.DEBUG: /var/www/revboard/public/build/manifest.json  
[2024-07-07 15:31:32] local.DEBUG: /var/www/revboard/public/build/manifest.json  
[2024-07-07 15:32:33] local.DEBUG: /var/www/revboard/public/build/manifest.json  
[2024-07-07 15:35:00] local.DEBUG: /var/www/revboard/public/build/manifest.json  
[2024-07-07 15:35:12] local.DEBUG: /var/www/revboard/public/build/manifest.json  
[2024-07-07 15:38:38] local.DEBUG: /var/www/revboard/public/build/manifest.json  
[2024-07-07 15:38:49] local.DEBUG: /var/www/revboard/public/build/manifest.json  
[2024-07-07 15:39:37] local.DEBUG: /var/www/revboard/public/build/manifest.json  
[2024-07-07 15:56:45] local.DEBUG: /var/www/revboard/public/build/manifest.json  
[2024-07-07 15:57:29] local.DEBUG: /var/www/revboard/public/build/manifest.json  
