[2024-07-09 19:26:31] local.DEBUG: D:\SystemsApps\revboard\public\build/manifest.json  
[2024-07-09 19:26:43] local.DEBUG: D:\SystemsApps\revboard\public\build/manifest.json  
[2024-07-09 19:26:53] local.DEBUG: D:\SystemsApps\revboard\public\build/manifest.json  
[2024-07-09 19:27:17] local.DEBUG: D:\SystemsApps\revboard\public\build/manifest.json  
[2024-07-09 19:27:37] local.DEBUG: D:\SystemsApps\revboard\public\build/manifest.json  
[2024-07-09 19:28:45] local.DEBUG: D:\SystemsApps\revboard\public\build/manifest.json  
[2024-07-09 19:32:18] local.DEBUG: D:\SystemsApps\revboard\public\build/manifest.json  
[2024-07-09 19:32:47] local.DEBUG: D:\SystemsApps\revboard\public\build/manifest.json  
[2024-07-09 19:33:39] local.DEBUG: D:\SystemsApps\revboard\public\build/manifest.json  
[2024-07-09 19:33:44] local.DEBUG: D:\SystemsApps\revboard\public\build/manifest.json  
[2024-07-09 19:36:05] local.DEBUG: D:\SystemsApps\revboard\public\build/manifest.json  
[2024-07-09 19:36:28] local.DEBUG: D:\SystemsApps\revboard\public\build/manifest.json  
[2024-07-09 19:38:19] local.DEBUG: D:\SystemsApps\revboard\public\build/manifest.json  
[2024-07-09 19:38:39] local.DEBUG: D:\SystemsApps\revboard\public\build/manifest.json  
[2024-07-09 19:38:43] local.DEBUG: D:\SystemsApps\revboard\public\build/manifest.json  
[2024-07-09 19:39:48] local.DEBUG: D:\SystemsApps\revboard\public\build/manifest.json  
[2024-07-09 19:39:51] local.DEBUG: D:\SystemsApps\revboard\public\build/manifest.json  
[2024-07-09 19:42:25] local.DEBUG: D:\SystemsApps\revboard\public\build/manifest.json  
[2024-07-09 19:47:57] local.DEBUG: D:\SystemsApps\revboard\public\build/manifest.json  
[2024-07-09 19:51:43] local.DEBUG: D:\SystemsApps\revboard\public\build/manifest.json  
[2024-07-09 19:52:15] local.DEBUG: D:\SystemsApps\revboard\public\build/manifest.json  
[2024-07-09 19:53:39] local.DEBUG: D:\SystemsApps\revboard\public\build/manifest.json  
[2024-07-09 19:58:06] local.DEBUG: D:\SystemsApps\revboard\public\build/manifest.json  
[2024-07-09 19:58:33] local.DEBUG: D:\SystemsApps\revboard\public\build/manifest.json  
[2024-07-09 19:58:40] local.DEBUG: D:\SystemsApps\revboard\public\build/manifest.json  
[2024-07-09 19:59:36] local.DEBUG: D:\SystemsApps\revboard\public\build/manifest.json  
[2024-07-09 20:19:23] local.DEBUG: D:\SystemsApps\revboard\public\build/manifest.json  
[2024-07-09 20:19:40] local.DEBUG: D:\SystemsApps\revboard\public\build/manifest.json  
[2024-07-09 20:20:21] local.DEBUG: D:\SystemsApps\revboard\public\build/manifest.json  
[2024-07-09 20:20:27] local.DEBUG: D:\SystemsApps\revboard\public\build/manifest.json  
[2024-07-09 20:21:33] local.DEBUG: D:\SystemsApps\revboard\public\build/manifest.json  
[2024-07-09 20:21:46] local.DEBUG: D:\SystemsApps\revboard\public\build/manifest.json  
[2024-07-09 20:22:03] local.DEBUG: D:\SystemsApps\revboard\public\build/manifest.json  
[2024-07-09 20:22:14] local.DEBUG: D:\SystemsApps\revboard\public\build/manifest.json  
[2024-07-09 20:22:34] local.DEBUG: D:\SystemsApps\revboard\public\build/manifest.json  
[2024-07-09 20:22:47] local.DEBUG: D:\SystemsApps\revboard\public\build/manifest.json  
[2024-07-09 20:22:56] local.DEBUG: D:\SystemsApps\revboard\public\build/manifest.json  
[2024-07-09 20:27:10] local.DEBUG: D:\SystemsApps\revboard\public\build/manifest.json  
[2024-07-09 20:28:18] local.DEBUG: D:\SystemsApps\revboard\public\build/manifest.json  
[2024-07-09 20:30:53] local.DEBUG: D:\SystemsApps\revboard\public\build/manifest.json  
[2024-07-09 20:30:59] local.DEBUG: D:\SystemsApps\revboard\public\build/manifest.json  
[2024-07-09 20:38:43] local.DEBUG: D:\SystemsApps\revboard\public\build/manifest.json  
[2024-07-09 20:39:22] local.DEBUG: D:\SystemsApps\revboard\public\build/manifest.json  
[2024-07-09 20:40:13] local.DEBUG: D:\SystemsApps\revboard\public\build/manifest.json  
[2024-07-09 20:41:52] local.DEBUG: D:\SystemsApps\revboard\public\build/manifest.json  
[2024-07-09 20:42:40] local.DEBUG: D:\SystemsApps\revboard\public\build/manifest.json  
[2024-07-09 20:42:45] local.DEBUG: D:\SystemsApps\revboard\public\build/manifest.json  
[2024-07-09 20:44:22] local.DEBUG: D:\SystemsApps\revboard\public\build/manifest.json  
[2024-07-09 20:47:05] local.DEBUG: D:\SystemsApps\revboard\public\build/manifest.json  
[2024-07-09 20:47:09] local.DEBUG: D:\SystemsApps\revboard\public\build/manifest.json  
[2024-07-09 20:47:19] local.DEBUG: D:\SystemsApps\revboard\public\build/manifest.json  
[2024-07-09 20:47:29] local.DEBUG: D:\SystemsApps\revboard\public\build/manifest.json  
[2024-07-09 20:47:34] local.DEBUG: D:\SystemsApps\revboard\public\build/manifest.json  
[2024-07-09 20:47:44] local.DEBUG: D:\SystemsApps\revboard\public\build/manifest.json  
[2024-07-09 20:52:13] local.DEBUG: D:\SystemsApps\revboard\public\build/manifest.json  
[2024-07-09 20:52:20] local.ERROR: App\Observers\MeetingObserver::notifyMeetingMembers(): Argument #2 ($board) must be of type App\Models\Module\Board\Board, null given, called in D:\SystemsApps\revboard\app\Observers\MeetingObserver.php on line 32 {"userId":"9c76e9c4-6120-4db8-ab6f-5c981d678fa8","exception":"[object] (TypeError(code: 0): App\\Observers\\MeetingObserver::notifyMeetingMembers(): Argument #2 ($board) must be of type App\\Models\\Module\\Board\\Board, null given, called in D:\\SystemsApps\\revboard\\app\\Observers\\MeetingObserver.php on line 32 at D:\\SystemsApps\\revboard\\app\\Observers\\MeetingObserver.php:59)
[stacktrace]
#0 D:\\SystemsApps\\revboard\\app\\Observers\\MeetingObserver.php(32): App\\Observers\\MeetingObserver->notifyMeetingMembers(Object(App\\Models\\Module\\Meeting\\Meeting), NULL, false, Array)
#1 D:\\SystemsApps\\revboard\\vendor\\laravel\\framework\\src\\Illuminate\\Events\\Dispatcher.php(478): App\\Observers\\MeetingObserver->updated(Object(App\\Models\\Module\\Meeting\\Meeting))
#2 D:\\SystemsApps\\revboard\\vendor\\laravel\\framework\\src\\Illuminate\\Events\\Dispatcher.php(286): Illuminate\\Events\\Dispatcher->Illuminate\\Events\\{closure}('eloquent.update...', Array)
#3 D:\\SystemsApps\\revboard\\vendor\\laravel\\framework\\src\\Illuminate\\Events\\Dispatcher.php(266): Illuminate\\Events\\Dispatcher->invokeListeners('eloquent.update...', Array, false)
#4 D:\\SystemsApps\\revboard\\vendor\\laravel\\framework\\src\\Illuminate\\Database\\Eloquent\\Concerns\\HasEvents.php(215): Illuminate\\Events\\Dispatcher->dispatch('eloquent.update...', Array)
#5 D:\\SystemsApps\\revboard\\vendor\\laravel\\framework\\src\\Illuminate\\Database\\Eloquent\\Model.php(1217): Illuminate\\Database\\Eloquent\\Model->fireModelEvent('updated', false)
#6 D:\\SystemsApps\\revboard\\vendor\\laravel\\framework\\src\\Illuminate\\Database\\Eloquent\\Model.php(1130): Illuminate\\Database\\Eloquent\\Model->performUpdate(Object(Illuminate\\Database\\Eloquent\\Builder))
#7 D:\\SystemsApps\\revboard\\app\\Repository\\MeetingRepository.php(109): Illuminate\\Database\\Eloquent\\Model->save()
#8 D:\\SystemsApps\\revboard\\app\\Http\\Controllers\\v1\\Modules\\Meeting\\MeetingController.php(96): App\\Repository\\MeetingRepository->publishMeeting(Object(App\\Models\\Module\\Meeting\\Meeting))
#9 D:\\SystemsApps\\revboard\\vendor\\laravel\\framework\\src\\Illuminate\\Routing\\Controller.php(54): App\\Http\\Controllers\\v1\\Modules\\Meeting\\MeetingController->publish('9c7b9b44-10fd-4...')
#10 D:\\SystemsApps\\revboard\\vendor\\laravel\\framework\\src\\Illuminate\\Routing\\ControllerDispatcher.php(43): Illuminate\\Routing\\Controller->callAction('publish', Array)
#11 D:\\SystemsApps\\revboard\\vendor\\laravel\\framework\\src\\Illuminate\\Routing\\Route.php(259): Illuminate\\Routing\\ControllerDispatcher->dispatch(Object(Illuminate\\Routing\\Route), Object(App\\Http\\Controllers\\v1\\Modules\\Meeting\\MeetingController), 'publish')
#12 D:\\SystemsApps\\revboard\\vendor\\laravel\\framework\\src\\Illuminate\\Routing\\Route.php(205): Illuminate\\Routing\\Route->runController()
#13 D:\\SystemsApps\\revboard\\vendor\\laravel\\framework\\src\\Illuminate\\Routing\\Router.php(806): Illuminate\\Routing\\Route->run()
#14 D:\\SystemsApps\\revboard\\vendor\\laravel\\framework\\src\\Illuminate\\Pipeline\\Pipeline.php(144): Illuminate\\Routing\\Router->Illuminate\\Routing\\{closure}(Object(Illuminate\\Http\\Request))
#15 D:\\SystemsApps\\revboard\\app\\Http\\Middleware\\VerifyEmail.php(25): Illuminate\\Pipeline\\Pipeline->Illuminate\\Pipeline\\{closure}(Object(Illuminate\\Http\\Request))
#16 D:\\SystemsApps\\revboard\\vendor\\laravel\\framework\\src\\Illuminate\\Pipeline\\Pipeline.php(183): App\\Http\\Middleware\\VerifyEmail->handle(Object(Illuminate\\Http\\Request), Object(Closure))
#17 D:\\SystemsApps\\revboard\\vendor\\laravel\\framework\\src\\Illuminate\\Auth\\Middleware\\Authenticate.php(57): Illuminate\\Pipeline\\Pipeline->Illuminate\\Pipeline\\{closure}(Object(Illuminate\\Http\\Request))
#18 D:\\SystemsApps\\revboard\\vendor\\laravel\\framework\\src\\Illuminate\\Pipeline\\Pipeline.php(183): Illuminate\\Auth\\Middleware\\Authenticate->handle(Object(Illuminate\\Http\\Request), Object(Closure), 'sanctum')
#19 D:\\SystemsApps\\revboard\\app\\Http\\Middleware\\ForceJsonMiddleware.php(25): Illuminate\\Pipeline\\Pipeline->Illuminate\\Pipeline\\{closure}(Object(Illuminate\\Http\\Request))
#20 D:\\SystemsApps\\revboard\\vendor\\laravel\\framework\\src\\Illuminate\\Pipeline\\Pipeline.php(183): App\\Http\\Middleware\\ForceJsonMiddleware->handle(Object(Illuminate\\Http\\Request), Object(Closure))
#21 D:\\SystemsApps\\revboard\\vendor\\laravel\\framework\\src\\Illuminate\\Routing\\Middleware\\SubstituteBindings.php(50): Illuminate\\Pipeline\\Pipeline->Illuminate\\Pipeline\\{closure}(Object(Illuminate\\Http\\Request))
#22 D:\\SystemsApps\\revboard\\vendor\\laravel\\framework\\src\\Illuminate\\Pipeline\\Pipeline.php(183): Illuminate\\Routing\\Middleware\\SubstituteBindings->handle(Object(Illuminate\\Http\\Request), Object(Closure))
#23 D:\\SystemsApps\\revboard\\app\\Http\\Middleware\\DecryptToken.php(23): Illuminate\\Pipeline\\Pipeline->Illuminate\\Pipeline\\{closure}(Object(Illuminate\\Http\\Request))
#24 D:\\SystemsApps\\revboard\\vendor\\laravel\\framework\\src\\Illuminate\\Pipeline\\Pipeline.php(183): App\\Http\\Middleware\\DecryptToken->handle(Object(Illuminate\\Http\\Request), Object(Closure))
#25 D:\\SystemsApps\\revboard\\vendor\\laravel\\framework\\src\\Illuminate\\Routing\\Middleware\\ThrottleRequests.php(159): Illuminate\\Pipeline\\Pipeline->Illuminate\\Pipeline\\{closure}(Object(Illuminate\\Http\\Request))
#26 D:\\SystemsApps\\revboard\\vendor\\laravel\\framework\\src\\Illuminate\\Routing\\Middleware\\ThrottleRequests.php(125): Illuminate\\Routing\\Middleware\\ThrottleRequests->handleRequest(Object(Illuminate\\Http\\Request), Object(Closure), Array)
#27 D:\\SystemsApps\\revboard\\vendor\\laravel\\framework\\src\\Illuminate\\Routing\\Middleware\\ThrottleRequests.php(87): Illuminate\\Routing\\Middleware\\ThrottleRequests->handleRequestUsingNamedLimiter(Object(Illuminate\\Http\\Request), Object(Closure), 'api', Object(Closure))
#28 D:\\SystemsApps\\revboard\\vendor\\laravel\\framework\\src\\Illuminate\\Pipeline\\Pipeline.php(183): Illuminate\\Routing\\Middleware\\ThrottleRequests->handle(Object(Illuminate\\Http\\Request), Object(Closure), 'api')
#29 D:\\SystemsApps\\revboard\\vendor\\laravel\\sanctum\\src\\Http\\Middleware\\EnsureFrontendRequestsAreStateful.php(25): Illuminate\\Pipeline\\Pipeline->Illuminate\\Pipeline\\{closure}(Object(Illuminate\\Http\\Request))
#30 D:\\SystemsApps\\revboard\\vendor\\laravel\\framework\\src\\Illuminate\\Pipeline\\Pipeline.php(144): Laravel\\Sanctum\\Http\\Middleware\\EnsureFrontendRequestsAreStateful->Laravel\\Sanctum\\Http\\Middleware\\{closure}(Object(Illuminate\\Http\\Request))
#31 D:\\SystemsApps\\revboard\\vendor\\laravel\\framework\\src\\Illuminate\\Foundation\\Http\\Middleware\\VerifyCsrfToken.php(78): Illuminate\\Pipeline\\Pipeline->Illuminate\\Pipeline\\{closure}(Object(Illuminate\\Http\\Request))
#32 D:\\SystemsApps\\revboard\\vendor\\laravel\\framework\\src\\Illuminate\\Pipeline\\Pipeline.php(183): Illuminate\\Foundation\\Http\\Middleware\\VerifyCsrfToken->handle(Object(Illuminate\\Http\\Request), Object(Closure))
#33 D:\\SystemsApps\\revboard\\vendor\\laravel\\framework\\src\\Illuminate\\Session\\Middleware\\StartSession.php(121): Illuminate\\Pipeline\\Pipeline->Illuminate\\Pipeline\\{closure}(Object(Illuminate\\Http\\Request))
#34 D:\\SystemsApps\\revboard\\vendor\\laravel\\framework\\src\\Illuminate\\Session\\Middleware\\StartSession.php(64): Illuminate\\Session\\Middleware\\StartSession->handleStatefulRequest(Object(Illuminate\\Http\\Request), Object(Illuminate\\Session\\Store), Object(Closure))
#35 D:\\SystemsApps\\revboard\\vendor\\laravel\\framework\\src\\Illuminate\\Pipeline\\Pipeline.php(183): Illuminate\\Session\\Middleware\\StartSession->handle(Object(Illuminate\\Http\\Request), Object(Closure))
#36 D:\\SystemsApps\\revboard\\vendor\\laravel\\framework\\src\\Illuminate\\Cookie\\Middleware\\AddQueuedCookiesToResponse.php(37): Illuminate\\Pipeline\\Pipeline->Illuminate\\Pipeline\\{closure}(Object(Illuminate\\Http\\Request))
#37 D:\\SystemsApps\\revboard\\vendor\\laravel\\framework\\src\\Illuminate\\Pipeline\\Pipeline.php(183): Illuminate\\Cookie\\Middleware\\AddQueuedCookiesToResponse->handle(Object(Illuminate\\Http\\Request), Object(Closure))
#38 D:\\SystemsApps\\revboard\\vendor\\laravel\\framework\\src\\Illuminate\\Cookie\\Middleware\\EncryptCookies.php(67): Illuminate\\Pipeline\\Pipeline->Illuminate\\Pipeline\\{closure}(Object(Illuminate\\Http\\Request))
#39 D:\\SystemsApps\\revboard\\vendor\\laravel\\framework\\src\\Illuminate\\Pipeline\\Pipeline.php(183): Illuminate\\Cookie\\Middleware\\EncryptCookies->handle(Object(Illuminate\\Http\\Request), Object(Closure))
#40 D:\\SystemsApps\\revboard\\vendor\\laravel\\sanctum\\src\\Http\\Middleware\\EnsureFrontendRequestsAreStateful.php(61): Illuminate\\Pipeline\\Pipeline->Illuminate\\Pipeline\\{closure}(Object(Illuminate\\Http\\Request))
#41 D:\\SystemsApps\\revboard\\vendor\\laravel\\framework\\src\\Illuminate\\Pipeline\\Pipeline.php(165): Laravel\\Sanctum\\Http\\Middleware\\EnsureFrontendRequestsAreStateful->Laravel\\Sanctum\\Http\\Middleware\\{closure}(Object(Illuminate\\Http\\Request), Object(Closure))
#42 D:\\SystemsApps\\revboard\\vendor\\laravel\\framework\\src\\Illuminate\\Pipeline\\Pipeline.php(119): Illuminate\\Pipeline\\Pipeline->Illuminate\\Pipeline\\{closure}(Object(Illuminate\\Http\\Request))
#43 D:\\SystemsApps\\revboard\\vendor\\laravel\\sanctum\\src\\Http\\Middleware\\EnsureFrontendRequestsAreStateful.php(24): Illuminate\\Pipeline\\Pipeline->then(Object(Closure))
#44 D:\\SystemsApps\\revboard\\vendor\\laravel\\framework\\src\\Illuminate\\Pipeline\\Pipeline.php(183): Laravel\\Sanctum\\Http\\Middleware\\EnsureFrontendRequestsAreStateful->handle(Object(Illuminate\\Http\\Request), Object(Closure))
#45 D:\\SystemsApps\\revboard\\vendor\\laravel\\framework\\src\\Illuminate\\Pipeline\\Pipeline.php(119): Illuminate\\Pipeline\\Pipeline->Illuminate\\Pipeline\\{closure}(Object(Illuminate\\Http\\Request))
#46 D:\\SystemsApps\\revboard\\vendor\\laravel\\framework\\src\\Illuminate\\Routing\\Router.php(805): Illuminate\\Pipeline\\Pipeline->then(Object(Closure))
#47 D:\\SystemsApps\\revboard\\vendor\\laravel\\framework\\src\\Illuminate\\Routing\\Router.php(784): Illuminate\\Routing\\Router->runRouteWithinStack(Object(Illuminate\\Routing\\Route), Object(Illuminate\\Http\\Request))
#48 D:\\SystemsApps\\revboard\\vendor\\laravel\\framework\\src\\Illuminate\\Routing\\Router.php(748): Illuminate\\Routing\\Router->runRoute(Object(Illuminate\\Http\\Request), Object(Illuminate\\Routing\\Route))
#49 D:\\SystemsApps\\revboard\\vendor\\laravel\\framework\\src\\Illuminate\\Routing\\Router.php(737): Illuminate\\Routing\\Router->dispatchToRoute(Object(Illuminate\\Http\\Request))
#50 D:\\SystemsApps\\revboard\\vendor\\laravel\\framework\\src\\Illuminate\\Foundation\\Http\\Kernel.php(200): Illuminate\\Routing\\Router->dispatch(Object(Illuminate\\Http\\Request))
#51 D:\\SystemsApps\\revboard\\vendor\\laravel\\framework\\src\\Illuminate\\Pipeline\\Pipeline.php(144): Illuminate\\Foundation\\Http\\Kernel->Illuminate\\Foundation\\Http\\{closure}(Object(Illuminate\\Http\\Request))
#52 D:\\SystemsApps\\revboard\\vendor\\laravel\\framework\\src\\Illuminate\\Foundation\\Http\\Middleware\\TransformsRequest.php(21): Illuminate\\Pipeline\\Pipeline->Illuminate\\Pipeline\\{closure}(Object(Illuminate\\Http\\Request))
#53 D:\\SystemsApps\\revboard\\vendor\\laravel\\framework\\src\\Illuminate\\Foundation\\Http\\Middleware\\ConvertEmptyStringsToNull.php(31): Illuminate\\Foundation\\Http\\Middleware\\TransformsRequest->handle(Object(Illuminate\\Http\\Request), Object(Closure))
#54 D:\\SystemsApps\\revboard\\vendor\\laravel\\framework\\src\\Illuminate\\Pipeline\\Pipeline.php(183): Illuminate\\Foundation\\Http\\Middleware\\ConvertEmptyStringsToNull->handle(Object(Illuminate\\Http\\Request), Object(Closure))
#55 D:\\SystemsApps\\revboard\\vendor\\laravel\\framework\\src\\Illuminate\\Foundation\\Http\\Middleware\\TransformsRequest.php(21): Illuminate\\Pipeline\\Pipeline->Illuminate\\Pipeline\\{closure}(Object(Illuminate\\Http\\Request))
#56 D:\\SystemsApps\\revboard\\vendor\\laravel\\framework\\src\\Illuminate\\Foundation\\Http\\Middleware\\TrimStrings.php(40): Illuminate\\Foundation\\Http\\Middleware\\TransformsRequest->handle(Object(Illuminate\\Http\\Request), Object(Closure))
#57 D:\\SystemsApps\\revboard\\vendor\\laravel\\framework\\src\\Illuminate\\Pipeline\\Pipeline.php(183): Illuminate\\Foundation\\Http\\Middleware\\TrimStrings->handle(Object(Illuminate\\Http\\Request), Object(Closure))
#58 D:\\SystemsApps\\revboard\\vendor\\laravel\\framework\\src\\Illuminate\\Foundation\\Http\\Middleware\\ValidatePostSize.php(27): Illuminate\\Pipeline\\Pipeline->Illuminate\\Pipeline\\{closure}(Object(Illuminate\\Http\\Request))
#59 D:\\SystemsApps\\revboard\\vendor\\laravel\\framework\\src\\Illuminate\\Pipeline\\Pipeline.php(183): Illuminate\\Foundation\\Http\\Middleware\\ValidatePostSize->handle(Object(Illuminate\\Http\\Request), Object(Closure))
#60 D:\\SystemsApps\\revboard\\vendor\\laravel\\framework\\src\\Illuminate\\Foundation\\Http\\Middleware\\PreventRequestsDuringMaintenance.php(99): Illuminate\\Pipeline\\Pipeline->Illuminate\\Pipeline\\{closure}(Object(Illuminate\\Http\\Request))
#61 D:\\SystemsApps\\revboard\\vendor\\laravel\\framework\\src\\Illuminate\\Pipeline\\Pipeline.php(183): Illuminate\\Foundation\\Http\\Middleware\\PreventRequestsDuringMaintenance->handle(Object(Illuminate\\Http\\Request), Object(Closure))
#62 D:\\SystemsApps\\revboard\\vendor\\laravel\\framework\\src\\Illuminate\\Http\\Middleware\\HandleCors.php(62): Illuminate\\Pipeline\\Pipeline->Illuminate\\Pipeline\\{closure}(Object(Illuminate\\Http\\Request))
#63 D:\\SystemsApps\\revboard\\vendor\\laravel\\framework\\src\\Illuminate\\Pipeline\\Pipeline.php(183): Illuminate\\Http\\Middleware\\HandleCors->handle(Object(Illuminate\\Http\\Request), Object(Closure))
#64 D:\\SystemsApps\\revboard\\vendor\\laravel\\framework\\src\\Illuminate\\Http\\Middleware\\TrustProxies.php(39): Illuminate\\Pipeline\\Pipeline->Illuminate\\Pipeline\\{closure}(Object(Illuminate\\Http\\Request))
#65 D:\\SystemsApps\\revboard\\vendor\\laravel\\framework\\src\\Illuminate\\Pipeline\\Pipeline.php(183): Illuminate\\Http\\Middleware\\TrustProxies->handle(Object(Illuminate\\Http\\Request), Object(Closure))
#66 D:\\SystemsApps\\revboard\\vendor\\laravel\\framework\\src\\Illuminate\\Pipeline\\Pipeline.php(119): Illuminate\\Pipeline\\Pipeline->Illuminate\\Pipeline\\{closure}(Object(Illuminate\\Http\\Request))
#67 D:\\SystemsApps\\revboard\\vendor\\laravel\\framework\\src\\Illuminate\\Foundation\\Http\\Kernel.php(175): Illuminate\\Pipeline\\Pipeline->then(Object(Closure))
#68 D:\\SystemsApps\\revboard\\vendor\\laravel\\framework\\src\\Illuminate\\Foundation\\Http\\Kernel.php(144): Illuminate\\Foundation\\Http\\Kernel->sendRequestThroughRouter(Object(Illuminate\\Http\\Request))
#69 D:\\SystemsApps\\revboard\\public\\index.php(53): Illuminate\\Foundation\\Http\\Kernel->handle(Object(Illuminate\\Http\\Request))
#70 {main}
"} 
[2024-07-09 21:01:21] local.DEBUG: D:\SystemsApps\revboard\public\build/manifest.json  
[2024-07-09 21:02:03] local.DEBUG: D:\SystemsApps\revboard\public\build/manifest.json  
[2024-07-09 21:02:23] local.DEBUG: D:\SystemsApps\revboard\public\build/manifest.json  
[2024-07-09 21:02:30] local.DEBUG: D:\SystemsApps\revboard\public\build/manifest.json  
[2024-07-09 21:03:46] local.DEBUG: D:\SystemsApps\revboard\public\build/manifest.json  
[2024-07-09 21:03:47] local.DEBUG: D:\SystemsApps\revboard\public\build/manifest.json  
[2024-07-09 21:04:35] local.DEBUG: D:\SystemsApps\revboard\public\build/manifest.json  
[2024-07-09 21:05:23] local.DEBUG: D:\SystemsApps\revboard\public\build/manifest.json  
[2024-07-09 23:07:57] local.DEBUG: D:\SystemsApps\revboard\public\build/manifest.json  
[2024-07-09 23:16:14] local.DEBUG: D:\SystemsApps\revboard\public\build/manifest.json  
[2024-07-09 23:16:44] local.DEBUG: D:\SystemsApps\revboard\public\build/manifest.json  
[2024-07-09 23:16:44] local.DEBUG: D:\SystemsApps\revboard\public\build/manifest.json  
[2024-07-09 23:16:44] local.DEBUG: D:\SystemsApps\revboard\public\build/manifest.json  
[2024-07-09 23:16:44] local.DEBUG: D:\SystemsApps\revboard\public\build/manifest.json  
[2024-07-09 23:16:44] local.DEBUG: D:\SystemsApps\revboard\public\build/manifest.json  
[2024-07-09 23:16:49] production.ERROR: SQLSTATE[HY000] [1045] Access denied for user 'forge'@'localhost' (using password: YES) (Connection: mysql, SQL: select table_name as `name`, (data_length + index_length) as `size`, table_comment as `comment`, engine as `engine`, table_collation as `collation` from information_schema.tables where table_schema = 'forge' and table_type in ('BASE TABLE', 'SYSTEM VERSIONED') order by table_name) {"exception":"[object] (Illuminate\\Database\\QueryException(code: 1045): SQLSTATE[HY000] [1045] Access denied for user 'forge'@'localhost' (using password: YES) (Connection: mysql, SQL: select table_name as `name`, (data_length + index_length) as `size`, table_comment as `comment`, engine as `engine`, table_collation as `collation` from information_schema.tables where table_schema = 'forge' and table_type in ('BASE TABLE', 'SYSTEM VERSIONED') order by table_name) at D:\\SystemsApps\\revboard\\vendor\\laravel\\framework\\src\\Illuminate\\Database\\Connection.php:829)
[stacktrace]
#0 D:\\SystemsApps\\revboard\\vendor\\laravel\\framework\\src\\Illuminate\\Database\\Connection.php(783): Illuminate\\Database\\Connection->runQueryCallback('select table_na...', Array, Object(Closure))
#1 D:\\SystemsApps\\revboard\\vendor\\laravel\\framework\\src\\Illuminate\\Database\\Connection.php(414): Illuminate\\Database\\Connection->run('select table_na...', Array, Object(Closure))
#2 D:\\SystemsApps\\revboard\\vendor\\laravel\\framework\\src\\Illuminate\\Database\\Connection.php(401): Illuminate\\Database\\Connection->select('select table_na...', Array, false)
#3 D:\\SystemsApps\\revboard\\vendor\\laravel\\framework\\src\\Illuminate\\Database\\Schema\\MySqlBuilder.php(41): Illuminate\\Database\\Connection->selectFromWriteConnection('select table_na...')
#4 D:\\SystemsApps\\revboard\\vendor\\laravel\\framework\\src\\Illuminate\\Database\\Schema\\Builder.php(165): Illuminate\\Database\\Schema\\MySqlBuilder->getTables(false)
#5 D:\\SystemsApps\\revboard\\vendor\\laravel\\framework\\src\\Illuminate\\Support\\Facades\\Facade.php(355): Illuminate\\Database\\Schema\\Builder->hasTable('settings')
#6 D:\\SystemsApps\\revboard\\app\\Providers\\MailConfigServiceProvider.php(38): Illuminate\\Support\\Facades\\Facade::__callStatic('hasTable', Array)
#7 D:\\SystemsApps\\revboard\\app\\Providers\\MailConfigServiceProvider.php(21): App\\Providers\\MailConfigServiceProvider::configureMailSettings()
#8 D:\\SystemsApps\\revboard\\vendor\\laravel\\framework\\src\\Illuminate\\Foundation\\Application.php(1077): App\\Providers\\MailConfigServiceProvider->App\\Providers\\{closure}(Object(Illuminate\\Foundation\\Application))
#9 D:\\SystemsApps\\revboard\\vendor\\laravel\\framework\\src\\Illuminate\\Foundation\\Application.php(1020): Illuminate\\Foundation\\Application->fireAppCallbacks(Array)
#10 D:\\SystemsApps\\revboard\\vendor\\laravel\\framework\\src\\Illuminate\\Foundation\\Bootstrap\\BootProviders.php(17): Illuminate\\Foundation\\Application->boot()
#11 D:\\SystemsApps\\revboard\\vendor\\laravel\\framework\\src\\Illuminate\\Foundation\\Application.php(263): Illuminate\\Foundation\\Bootstrap\\BootProviders->bootstrap(Object(Illuminate\\Foundation\\Application))
#12 D:\\SystemsApps\\revboard\\vendor\\laravel\\framework\\src\\Illuminate\\Foundation\\Http\\Kernel.php(186): Illuminate\\Foundation\\Application->bootstrapWith(Array)
#13 D:\\SystemsApps\\revboard\\vendor\\laravel\\framework\\src\\Illuminate\\Foundation\\Http\\Kernel.php(170): Illuminate\\Foundation\\Http\\Kernel->bootstrap()
#14 D:\\SystemsApps\\revboard\\vendor\\laravel\\framework\\src\\Illuminate\\Foundation\\Http\\Kernel.php(144): Illuminate\\Foundation\\Http\\Kernel->sendRequestThroughRouter(Object(Illuminate\\Http\\Request))
#15 D:\\SystemsApps\\revboard\\public\\index.php(53): Illuminate\\Foundation\\Http\\Kernel->handle(Object(Illuminate\\Http\\Request))
#16 {main}

[previous exception] [object] (PDOException(code: 1045): SQLSTATE[HY000] [1045] Access denied for user 'forge'@'localhost' (using password: YES) at D:\\SystemsApps\\revboard\\vendor\\laravel\\framework\\src\\Illuminate\\Database\\Connectors\\Connector.php:65)
[stacktrace]
#0 D:\\SystemsApps\\revboard\\vendor\\laravel\\framework\\src\\Illuminate\\Database\\Connectors\\Connector.php(65): PDO->__construct('mysql:host=127....', 'forge', Object(SensitiveParameterValue), Array)
#1 D:\\SystemsApps\\revboard\\vendor\\laravel\\framework\\src\\Illuminate\\Database\\Connectors\\Connector.php(44): Illuminate\\Database\\Connectors\\Connector->createPdoConnection('mysql:host=127....', 'forge', '', Array)
#2 D:\\SystemsApps\\revboard\\vendor\\laravel\\framework\\src\\Illuminate\\Database\\Connectors\\MySqlConnector.php(24): Illuminate\\Database\\Connectors\\Connector->createConnection('mysql:host=127....', Array, Array)
#3 D:\\SystemsApps\\revboard\\vendor\\laravel\\framework\\src\\Illuminate\\Database\\Connectors\\ConnectionFactory.php(184): Illuminate\\Database\\Connectors\\MySqlConnector->connect(Array)
#4 [internal function]: Illuminate\\Database\\Connectors\\ConnectionFactory->Illuminate\\Database\\Connectors\\{closure}()
#5 D:\\SystemsApps\\revboard\\vendor\\laravel\\framework\\src\\Illuminate\\Database\\Connection.php(1339): call_user_func(Object(Closure))
#6 D:\\SystemsApps\\revboard\\vendor\\laravel\\framework\\src\\Illuminate\\Database\\Connection.php(528): Illuminate\\Database\\Connection->getPdo()
#7 D:\\SystemsApps\\revboard\\vendor\\laravel\\framework\\src\\Illuminate\\Database\\Connection.php(423): Illuminate\\Database\\Connection->getPdoForSelect(false)
#8 D:\\SystemsApps\\revboard\\vendor\\laravel\\framework\\src\\Illuminate\\Database\\Connection.php(816): Illuminate\\Database\\Connection->Illuminate\\Database\\{closure}('select table_na...', Array)
#9 D:\\SystemsApps\\revboard\\vendor\\laravel\\framework\\src\\Illuminate\\Database\\Connection.php(783): Illuminate\\Database\\Connection->runQueryCallback('select table_na...', Array, Object(Closure))
#10 D:\\SystemsApps\\revboard\\vendor\\laravel\\framework\\src\\Illuminate\\Database\\Connection.php(414): Illuminate\\Database\\Connection->run('select table_na...', Array, Object(Closure))
#11 D:\\SystemsApps\\revboard\\vendor\\laravel\\framework\\src\\Illuminate\\Database\\Connection.php(401): Illuminate\\Database\\Connection->select('select table_na...', Array, false)
#12 D:\\SystemsApps\\revboard\\vendor\\laravel\\framework\\src\\Illuminate\\Database\\Schema\\MySqlBuilder.php(41): Illuminate\\Database\\Connection->selectFromWriteConnection('select table_na...')
#13 D:\\SystemsApps\\revboard\\vendor\\laravel\\framework\\src\\Illuminate\\Database\\Schema\\Builder.php(165): Illuminate\\Database\\Schema\\MySqlBuilder->getTables(false)
#14 D:\\SystemsApps\\revboard\\vendor\\laravel\\framework\\src\\Illuminate\\Support\\Facades\\Facade.php(355): Illuminate\\Database\\Schema\\Builder->hasTable('settings')
#15 D:\\SystemsApps\\revboard\\app\\Providers\\MailConfigServiceProvider.php(38): Illuminate\\Support\\Facades\\Facade::__callStatic('hasTable', Array)
#16 D:\\SystemsApps\\revboard\\app\\Providers\\MailConfigServiceProvider.php(21): App\\Providers\\MailConfigServiceProvider::configureMailSettings()
#17 D:\\SystemsApps\\revboard\\vendor\\laravel\\framework\\src\\Illuminate\\Foundation\\Application.php(1077): App\\Providers\\MailConfigServiceProvider->App\\Providers\\{closure}(Object(Illuminate\\Foundation\\Application))
#18 D:\\SystemsApps\\revboard\\vendor\\laravel\\framework\\src\\Illuminate\\Foundation\\Application.php(1020): Illuminate\\Foundation\\Application->fireAppCallbacks(Array)
#19 D:\\SystemsApps\\revboard\\vendor\\laravel\\framework\\src\\Illuminate\\Foundation\\Bootstrap\\BootProviders.php(17): Illuminate\\Foundation\\Application->boot()
#20 D:\\SystemsApps\\revboard\\vendor\\laravel\\framework\\src\\Illuminate\\Foundation\\Application.php(263): Illuminate\\Foundation\\Bootstrap\\BootProviders->bootstrap(Object(Illuminate\\Foundation\\Application))
#21 D:\\SystemsApps\\revboard\\vendor\\laravel\\framework\\src\\Illuminate\\Foundation\\Http\\Kernel.php(186): Illuminate\\Foundation\\Application->bootstrapWith(Array)
#22 D:\\SystemsApps\\revboard\\vendor\\laravel\\framework\\src\\Illuminate\\Foundation\\Http\\Kernel.php(170): Illuminate\\Foundation\\Http\\Kernel->bootstrap()
#23 D:\\SystemsApps\\revboard\\vendor\\laravel\\framework\\src\\Illuminate\\Foundation\\Http\\Kernel.php(144): Illuminate\\Foundation\\Http\\Kernel->sendRequestThroughRouter(Object(Illuminate\\Http\\Request))
#24 D:\\SystemsApps\\revboard\\public\\index.php(53): Illuminate\\Foundation\\Http\\Kernel->handle(Object(Illuminate\\Http\\Request))
#25 {main}
"} 
[2024-07-09 23:17:19] local.DEBUG: D:\SystemsApps\revboard\public\build/manifest.json  
[2024-07-09 23:17:34] local.DEBUG: D:\SystemsApps\revboard\public\build/manifest.json  
[2024-07-09 23:18:25] local.DEBUG: D:\SystemsApps\revboard\public\build/manifest.json  
[2024-07-09 23:18:42] local.DEBUG: D:\SystemsApps\revboard\public\build/manifest.json  
[2024-07-09 23:18:42] local.DEBUG: D:\SystemsApps\revboard\public\build/manifest.json  
[2024-07-09 23:18:42] local.DEBUG: D:\SystemsApps\revboard\public\build/manifest.json  
[2024-07-09 23:18:42] local.DEBUG: D:\SystemsApps\revboard\public\build/manifest.json  
[2024-07-09 23:18:42] local.DEBUG: D:\SystemsApps\revboard\public\build/manifest.json  
[2024-07-09 23:19:17] local.DEBUG: D:\SystemsApps\revboard\public\build/manifest.json  
[2024-07-09 23:19:18] local.DEBUG: D:\SystemsApps\revboard\public\build/manifest.json  
[2024-07-09 23:25:57] local.DEBUG: D:\SystemsApps\revboard\public\build/manifest.json  
[2024-07-09 23:27:14] local.DEBUG: D:\SystemsApps\revboard\public\build/manifest.json  
[2024-07-09 23:27:24] local.DEBUG: D:\SystemsApps\revboard\public\build/manifest.json  
[2024-07-09 23:27:42] local.DEBUG: D:\SystemsApps\revboard\public\build/manifest.json  
[2024-07-09 23:28:03] local.DEBUG: D:\SystemsApps\revboard\public\build/manifest.json  
[2024-07-09 23:28:03] local.DEBUG: D:\SystemsApps\revboard\public\build/manifest.json  
[2024-07-09 23:28:03] local.DEBUG: D:\SystemsApps\revboard\public\build/manifest.json  
[2024-07-09 23:28:03] local.DEBUG: D:\SystemsApps\revboard\public\build/manifest.json  
[2024-07-09 23:28:13] local.DEBUG: D:\SystemsApps\revboard\public\build/manifest.json  
[2024-07-09 23:28:15] local.DEBUG: D:\SystemsApps\revboard\public\build/manifest.json  
[2024-07-09 23:28:41] local.DEBUG: D:\SystemsApps\revboard\public\build/manifest.json  
[2024-07-09 23:28:48] local.DEBUG: D:\SystemsApps\revboard\public\build/manifest.json  
[2024-07-09 23:29:16] local.DEBUG: D:\SystemsApps\revboard\public\build/manifest.json  
[2024-07-09 23:29:28] local.DEBUG: D:\SystemsApps\revboard\public\build/manifest.json  
[2024-07-09 23:30:27] local.DEBUG: D:\SystemsApps\revboard\public\build/manifest.json  
[2024-07-09 23:30:33] local.DEBUG: D:\SystemsApps\revboard\public\build/manifest.json  
[2024-07-09 23:30:33] local.DEBUG: D:\SystemsApps\revboard\public\build/manifest.json  
[2024-07-09 23:30:33] local.DEBUG: D:\SystemsApps\revboard\public\build/manifest.json  
[2024-07-09 23:30:33] local.DEBUG: D:\SystemsApps\revboard\public\build/manifest.json  
[2024-07-09 23:31:13] local.DEBUG: D:\SystemsApps\revboard\public\build/manifest.json  
[2024-07-09 23:31:13] local.DEBUG: D:\SystemsApps\revboard\public\build/manifest.json  
[2024-07-09 23:31:41] local.DEBUG: D:\SystemsApps\revboard\public\build/manifest.json  
[2024-07-09 23:31:45] local.DEBUG: D:\SystemsApps\revboard\public\build/manifest.json  
[2024-07-09 23:32:20] local.DEBUG: D:\SystemsApps\revboard\public\build/manifest.json  
[2024-07-09 23:33:14] local.DEBUG: D:\SystemsApps\revboard\public\build/manifest.json  
[2024-07-09 23:33:28] local.DEBUG: D:\SystemsApps\revboard\public\build/manifest.json  
[2024-07-09 23:33:50] local.DEBUG: D:\SystemsApps\revboard\public\build/manifest.json  
[2024-07-09 23:34:01] local.DEBUG: D:\SystemsApps\revboard\public\build/manifest.json  
[2024-07-09 23:34:46] local.DEBUG: D:\SystemsApps\revboard\public\build/manifest.json  
[2024-07-09 23:34:54] local.DEBUG: D:\SystemsApps\revboard\public\build/manifest.json  
[2024-07-09 23:34:57] local.DEBUG: D:\SystemsApps\revboard\public\build/manifest.json  
[2024-07-09 23:34:58] local.DEBUG: D:\SystemsApps\revboard\public\build/manifest.json  
[2024-07-09 23:35:09] local.DEBUG: D:\SystemsApps\revboard\public\build/manifest.json  
[2024-07-09 23:35:18] local.DEBUG: D:\SystemsApps\revboard\public\build/manifest.json  
[2024-07-09 23:35:18] local.DEBUG: D:\SystemsApps\revboard\public\build/manifest.json  
[2024-07-09 23:35:24] local.DEBUG: D:\SystemsApps\revboard\public\build/manifest.json  
[2024-07-09 23:35:25] local.DEBUG: D:\SystemsApps\revboard\public\build/manifest.json  
[2024-07-09 23:35:45] local.DEBUG: D:\SystemsApps\revboard\public\build/manifest.json  
[2024-07-09 23:35:45] local.DEBUG: D:\SystemsApps\revboard\public\build/manifest.json  
[2024-07-09 23:35:45] local.DEBUG: D:\SystemsApps\revboard\public\build/manifest.json  
[2024-07-09 23:35:45] local.DEBUG: D:\SystemsApps\revboard\public\build/manifest.json  
[2024-07-09 23:35:56] local.DEBUG: D:\SystemsApps\revboard\public\build/manifest.json  
[2024-07-09 23:35:57] local.DEBUG: D:\SystemsApps\revboard\public\build/manifest.json  
[2024-07-09 23:36:04] local.DEBUG: D:\SystemsApps\revboard\public\build/manifest.json  
[2024-07-09 23:36:19] local.DEBUG: D:\SystemsApps\revboard\public\build/manifest.json  
[2024-07-09 23:36:19] local.DEBUG: D:\SystemsApps\revboard\public\build/manifest.json  
[2024-07-09 23:36:32] local.DEBUG: D:\SystemsApps\revboard\public\build/manifest.json  
[2024-07-09 23:36:51] local.DEBUG: D:\SystemsApps\revboard\public\build/manifest.json  
[2024-07-09 23:36:58] local.DEBUG: D:\SystemsApps\revboard\public\build/manifest.json  
[2024-07-09 23:37:25] local.DEBUG: D:\SystemsApps\revboard\public\build/manifest.json  
[2024-07-09 23:37:32] local.DEBUG: D:\SystemsApps\revboard\public\build/manifest.json  
[2024-07-09 23:37:32] local.DEBUG: D:\SystemsApps\revboard\public\build/manifest.json  
[2024-07-09 23:37:33] local.DEBUG: D:\SystemsApps\revboard\public\build/manifest.json  
[2024-07-09 23:37:36] local.DEBUG: D:\SystemsApps\revboard\public\build/manifest.json  
[2024-07-09 23:37:37] local.DEBUG: D:\SystemsApps\revboard\public\build/manifest.json  
[2024-07-09 23:37:39] local.DEBUG: D:\SystemsApps\revboard\public\build/manifest.json  
[2024-07-09 23:37:58] local.DEBUG: D:\SystemsApps\revboard\public\build/manifest.json  
[2024-07-09 23:38:04] local.DEBUG: D:\SystemsApps\revboard\public\build/manifest.json  
[2024-07-09 23:38:04] local.DEBUG: D:\SystemsApps\revboard\public\build/manifest.json  
[2024-07-09 23:38:04] local.DEBUG: D:\SystemsApps\revboard\public\build/manifest.json  
[2024-07-09 23:38:04] local.DEBUG: D:\SystemsApps\revboard\public\build/manifest.json  
[2024-07-09 23:38:04] local.DEBUG: D:\SystemsApps\revboard\public\build/manifest.json  
[2024-07-09 23:38:20] local.DEBUG: D:\SystemsApps\revboard\public\build/manifest.json  
[2024-07-09 23:39:08] local.DEBUG: D:\SystemsApps\revboard\public\build/manifest.json  
[2024-07-09 23:40:49] local.DEBUG: D:\SystemsApps\revboard\public\build/manifest.json  
[2024-07-09 23:41:01] local.DEBUG: D:\SystemsApps\revboard\public\build/manifest.json  
[2024-07-09 23:41:01] local.DEBUG: D:\SystemsApps\revboard\public\build/manifest.json  
[2024-07-09 23:41:21] local.DEBUG: D:\SystemsApps\revboard\public\build/manifest.json  
[2024-07-09 23:41:27] local.DEBUG: D:\SystemsApps\revboard\public\build/manifest.json  
[2024-07-09 23:41:27] local.DEBUG: D:\SystemsApps\revboard\public\build/manifest.json  
[2024-07-09 23:41:27] local.DEBUG: D:\SystemsApps\revboard\public\build/manifest.json  
[2024-07-09 23:41:27] local.DEBUG: D:\SystemsApps\revboard\public\build/manifest.json  
